[0.538s] Invoking command in '/root/ROS2Activities/workspace/challenge3_ws/src/puzzlebot_desciption': PYTHONPATH=/root/ROS2Activities/workspace/challenge3_ws/build/puzzlebot_desciption/prefix_override:/root/ROS2Activities/workspace/challenge3_ws/install/puzzlebot_desciption/lib/python3.10/site-packages:${PYTHONPATH} /usr/bin/python3 -W ignore:setup.py install is deprecated setup.py egg_info --egg-base ../../build/puzzlebot_desciption build --build-base /root/ROS2Activities/workspace/challenge3_ws/build/puzzlebot_desciption/build install --record /root/ROS2Activities/workspace/challenge3_ws/build/puzzlebot_desciption/install.log --single-version-externally-managed install_data
[0.681s] running egg_info
[0.682s] writing ../../build/puzzlebot_desciption/puzzlebot_desciption.egg-info/PKG-INFO
[0.682s] writing dependency_links to ../../build/puzzlebot_desciption/puzzlebot_desciption.egg-info/dependency_links.txt
[0.682s] writing entry points to ../../build/puzzlebot_desciption/puzzlebot_desciption.egg-info/entry_points.txt
[0.682s] writing requirements to ../../build/puzzlebot_desciption/puzzlebot_desciption.egg-info/requires.txt
[0.682s] writing top-level names to ../../build/puzzlebot_desciption/puzzlebot_desciption.egg-info/top_level.txt
[0.683s] reading manifest file '../../build/puzzlebot_desciption/puzzlebot_desciption.egg-info/SOURCES.txt'
[0.684s] writing manifest file '../../build/puzzlebot_desciption/puzzlebot_desciption.egg-info/SOURCES.txt'
[0.684s] running build
[0.684s] running build_py
[0.684s] running install
[0.684s] running install_lib
[0.685s] running install_data
[0.685s] running install_egg_info
[0.686s] removing '/root/ROS2Activities/workspace/challenge3_ws/install/puzzlebot_desciption/lib/python3.10/site-packages/puzzlebot_desciption-0.0.0-py3.10.egg-info' (and everything under it)
[0.686s] Copying ../../build/puzzlebot_desciption/puzzlebot_desciption.egg-info to /root/ROS2Activities/workspace/challenge3_ws/install/puzzlebot_desciption/lib/python3.10/site-packages/puzzlebot_desciption-0.0.0-py3.10.egg-info
[0.687s] running install_scripts
[0.700s] writing list of installed files to '/root/ROS2Activities/workspace/challenge3_ws/build/puzzlebot_desciption/install.log'
[0.722s] Invoked command in '/root/ROS2Activities/workspace/challenge3_ws/src/puzzlebot_desciption' returned '0': PYTHONPATH=/root/ROS2Activities/workspace/challenge3_ws/build/puzzlebot_desciption/prefix_override:/root/ROS2Activities/workspace/challenge3_ws/install/puzzlebot_desciption/lib/python3.10/site-packages:${PYTHONPATH} /usr/bin/python3 -W ignore:setup.py install is deprecated setup.py egg_info --egg-base ../../build/puzzlebot_desciption build --build-base /root/ROS2Activities/workspace/challenge3_ws/build/puzzlebot_desciption/build install --record /root/ROS2Activities/workspace/challenge3_ws/build/puzzlebot_desciption/install.log --single-version-externally-managed install_data
