[0.083s] DEBUG:colcon:Command line arguments: ['/usr/bin/colcon', 'build']
[0.083s] DEBUG:colcon:Parsed command line arguments: Namespace(log_base=None, log_level=None, verb_name='build', build_base='build', install_base='install', merge_install=False, symlink_install=False, test_result_base=None, continue_on_error=False, executor='parallel', parallel_workers=16, event_handlers=None, ignore_user_meta=False, metas=['./colcon.meta'], base_paths=['.'], packages_ignore=None, packages_ignore_regex=None, paths=None, packages_up_to=None, packages_up_to_regex=None, packages_above=None, packages_above_and_dependencies=None, packages_above_depth=None, packages_select_by_dep=None, packages_skip_by_dep=None, packages_skip_up_to=None, packages_select_build_failed=False, packages_skip_build_finished=False, packages_select_test_failures=False, packages_skip_test_passed=False, packages_select=None, packages_skip=None, packages_select_regex=None, packages_skip_regex=None, packages_start=None, packages_end=None, cmake_args=None, cmake_target=None, cmake_target_skip_unavailable=False, cmake_clean_cache=False, cmake_clean_first=False, cmake_force_configure=False, ament_cmake_args=None, catkin_cmake_args=None, catkin_skip_building_tests=False, mixin_files=None, mixin=None, verb_parser=<colcon_mixin.mixin.mixin_argument.MixinArgumentDecorator object at 0x7fce04a80610>, verb_extension=<colcon_core.verb.build.BuildVerb object at 0x7fce04a53fd0>, main=<bound method BuildVerb.main of <colcon_core.verb.build.BuildVerb object at 0x7fce04a53fd0>>, mixin_verb=('build',))
[0.185s] Level 1:colcon.colcon_core.package_discovery:discover_packages(colcon_meta) check parameters
[0.185s] INFO:colcon.colcon_metadata.package_discovery.colcon_meta:Using configuration from '/root/.colcon/metadata/default/Gazebo.meta'
[0.186s] INFO:colcon.colcon_metadata.package_discovery.colcon_meta:Using configuration from '/root/.colcon/metadata/default/fastrtps.meta'
[0.186s] Level 1:colcon.colcon_core.package_discovery:discover_packages(recursive) check parameters
[0.186s] Level 1:colcon.colcon_core.package_discovery:discover_packages(ignore) check parameters
[0.186s] Level 1:colcon.colcon_core.package_discovery:discover_packages(path) check parameters
[0.186s] Level 1:colcon.colcon_core.package_discovery:discover_packages(colcon_meta) discover
[0.186s] Level 1:colcon.colcon_core.package_discovery:discover_packages(recursive) discover
[0.186s] INFO:colcon.colcon_core.package_discovery:Crawling recursively for packages in '/root/ROS2Activities/workspace/challenge3_ws'
[0.186s] Level 1:colcon.colcon_core.package_identification:_identify(.) by extensions ['ignore', 'ignore_ament_install']
[0.186s] Level 1:colcon.colcon_core.package_identification:_identify(.) by extension 'ignore'
[0.186s] Level 1:colcon.colcon_core.package_identification:_identify(.) by extension 'ignore_ament_install'
[0.186s] Level 1:colcon.colcon_core.package_identification:_identify(.) by extensions ['colcon_pkg']
[0.186s] Level 1:colcon.colcon_core.package_identification:_identify(.) by extension 'colcon_pkg'
[0.186s] Level 1:colcon.colcon_core.package_identification:_identify(.) by extensions ['colcon_meta']
[0.186s] Level 1:colcon.colcon_core.package_identification:_identify(.) by extension 'colcon_meta'
[0.186s] Level 1:colcon.colcon_core.package_identification:_identify(.) by extensions ['ros']
[0.186s] Level 1:colcon.colcon_core.package_identification:_identify(.) by extension 'ros'
[0.195s] Level 1:colcon.colcon_core.package_identification:_identify(.) by extensions ['cmake', 'python']
[0.195s] Level 1:colcon.colcon_core.package_identification:_identify(.) by extension 'cmake'
[0.195s] Level 1:colcon.colcon_core.package_identification:_identify(.) by extension 'python'
[0.195s] Level 1:colcon.colcon_core.package_identification:_identify(.) by extensions ['python_setup_py']
[0.195s] Level 1:colcon.colcon_core.package_identification:_identify(.) by extension 'python_setup_py'
[0.195s] Level 1:colcon.colcon_core.package_identification:_identify(build) by extensions ['ignore', 'ignore_ament_install']
[0.195s] Level 1:colcon.colcon_core.package_identification:_identify(build) by extension 'ignore'
[0.195s] Level 1:colcon.colcon_core.package_identification:_identify(build) ignored
[0.196s] Level 1:colcon.colcon_core.package_identification:_identify(install) by extensions ['ignore', 'ignore_ament_install']
[0.196s] Level 1:colcon.colcon_core.package_identification:_identify(install) by extension 'ignore'
[0.196s] Level 1:colcon.colcon_core.package_identification:_identify(install) ignored
[0.196s] Level 1:colcon.colcon_core.package_identification:_identify(log) by extensions ['ignore', 'ignore_ament_install']
[0.196s] Level 1:colcon.colcon_core.package_identification:_identify(log) by extension 'ignore'
[0.196s] Level 1:colcon.colcon_core.package_identification:_identify(log) ignored
[0.196s] Level 1:colcon.colcon_core.package_identification:_identify(src) by extensions ['ignore', 'ignore_ament_install']
[0.196s] Level 1:colcon.colcon_core.package_identification:_identify(src) by extension 'ignore'
[0.196s] Level 1:colcon.colcon_core.package_identification:_identify(src) by extension 'ignore_ament_install'
[0.196s] Level 1:colcon.colcon_core.package_identification:_identify(src) by extensions ['colcon_pkg']
[0.196s] Level 1:colcon.colcon_core.package_identification:_identify(src) by extension 'colcon_pkg'
[0.196s] Level 1:colcon.colcon_core.package_identification:_identify(src) by extensions ['colcon_meta']
[0.196s] Level 1:colcon.colcon_core.package_identification:_identify(src) by extension 'colcon_meta'
[0.196s] Level 1:colcon.colcon_core.package_identification:_identify(src) by extensions ['ros']
[0.196s] Level 1:colcon.colcon_core.package_identification:_identify(src) by extension 'ros'
[0.196s] Level 1:colcon.colcon_core.package_identification:_identify(src) by extensions ['cmake', 'python']
[0.196s] Level 1:colcon.colcon_core.package_identification:_identify(src) by extension 'cmake'
[0.196s] Level 1:colcon.colcon_core.package_identification:_identify(src) by extension 'python'
[0.197s] Level 1:colcon.colcon_core.package_identification:_identify(src) by extensions ['python_setup_py']
[0.197s] Level 1:colcon.colcon_core.package_identification:_identify(src) by extension 'python_setup_py'
[0.197s] Level 1:colcon.colcon_core.package_identification:_identify(src/puzzlebot_control) by extensions ['ignore', 'ignore_ament_install']
[0.197s] Level 1:colcon.colcon_core.package_identification:_identify(src/puzzlebot_control) by extension 'ignore'
[0.197s] Level 1:colcon.colcon_core.package_identification:_identify(src/puzzlebot_control) by extension 'ignore_ament_install'
[0.197s] Level 1:colcon.colcon_core.package_identification:_identify(src/puzzlebot_control) by extensions ['colcon_pkg']
[0.197s] Level 1:colcon.colcon_core.package_identification:_identify(src/puzzlebot_control) by extension 'colcon_pkg'
[0.197s] Level 1:colcon.colcon_core.package_identification:_identify(src/puzzlebot_control) by extensions ['colcon_meta']
[0.197s] Level 1:colcon.colcon_core.package_identification:_identify(src/puzzlebot_control) by extension 'colcon_meta'
[0.197s] Level 1:colcon.colcon_core.package_identification:_identify(src/puzzlebot_control) by extensions ['ros']
[0.197s] Level 1:colcon.colcon_core.package_identification:_identify(src/puzzlebot_control) by extension 'ros'
[0.200s] DEBUG:colcon.colcon_core.package_identification:Package 'src/puzzlebot_control' with type 'ros.ament_python' and name 'puzzlebot_control'
[0.200s] Level 1:colcon.colcon_core.package_identification:_identify(src/puzzlebot_description) by extensions ['ignore', 'ignore_ament_install']
[0.200s] Level 1:colcon.colcon_core.package_identification:_identify(src/puzzlebot_description) by extension 'ignore'
[0.200s] Level 1:colcon.colcon_core.package_identification:_identify(src/puzzlebot_description) by extension 'ignore_ament_install'
[0.200s] Level 1:colcon.colcon_core.package_identification:_identify(src/puzzlebot_description) by extensions ['colcon_pkg']
[0.200s] Level 1:colcon.colcon_core.package_identification:_identify(src/puzzlebot_description) by extension 'colcon_pkg'
[0.200s] Level 1:colcon.colcon_core.package_identification:_identify(src/puzzlebot_description) by extensions ['colcon_meta']
[0.200s] Level 1:colcon.colcon_core.package_identification:_identify(src/puzzlebot_description) by extension 'colcon_meta'
[0.200s] Level 1:colcon.colcon_core.package_identification:_identify(src/puzzlebot_description) by extensions ['ros']
[0.200s] Level 1:colcon.colcon_core.package_identification:_identify(src/puzzlebot_description) by extension 'ros'
[0.201s] DEBUG:colcon.colcon_core.package_identification:Package 'src/puzzlebot_description' with type 'ros.ament_python' and name 'puzzlebot_description'
[0.201s] Level 1:colcon.colcon_core.package_identification:_identify(src/puzzlebot_gazebo) by extensions ['ignore', 'ignore_ament_install']
[0.201s] Level 1:colcon.colcon_core.package_identification:_identify(src/puzzlebot_gazebo) by extension 'ignore'
[0.201s] Level 1:colcon.colcon_core.package_identification:_identify(src/puzzlebot_gazebo) by extension 'ignore_ament_install'
[0.201s] Level 1:colcon.colcon_core.package_identification:_identify(src/puzzlebot_gazebo) by extensions ['colcon_pkg']
[0.201s] Level 1:colcon.colcon_core.package_identification:_identify(src/puzzlebot_gazebo) by extension 'colcon_pkg'
[0.201s] Level 1:colcon.colcon_core.package_identification:_identify(src/puzzlebot_gazebo) by extensions ['colcon_meta']
[0.201s] Level 1:colcon.colcon_core.package_identification:_identify(src/puzzlebot_gazebo) by extension 'colcon_meta'
[0.201s] Level 1:colcon.colcon_core.package_identification:_identify(src/puzzlebot_gazebo) by extensions ['ros']
[0.201s] Level 1:colcon.colcon_core.package_identification:_identify(src/puzzlebot_gazebo) by extension 'ros'
[0.202s] DEBUG:colcon.colcon_core.package_identification:Package 'src/puzzlebot_gazebo' with type 'ros.ament_python' and name 'puzzlebot_gazebo'
[0.202s] Level 1:colcon.colcon_core.package_discovery:discover_packages(recursive) using defaults
[0.202s] Level 1:colcon.colcon_core.package_discovery:discover_packages(ignore) discover
[0.202s] Level 1:colcon.colcon_core.package_discovery:discover_packages(ignore) using defaults
[0.202s] Level 1:colcon.colcon_core.package_discovery:discover_packages(path) discover
[0.202s] Level 1:colcon.colcon_core.package_discovery:discover_packages(path) using defaults
[0.217s] Level 5:colcon.colcon_core.verb:set package 'puzzlebot_control' build argument 'cmake_args' from command line to 'None'
[0.217s] Level 5:colcon.colcon_core.verb:set package 'puzzlebot_control' build argument 'cmake_target' from command line to 'None'
[0.217s] Level 5:colcon.colcon_core.verb:set package 'puzzlebot_control' build argument 'cmake_target_skip_unavailable' from command line to 'False'
[0.217s] Level 5:colcon.colcon_core.verb:set package 'puzzlebot_control' build argument 'cmake_clean_cache' from command line to 'False'
[0.217s] Level 5:colcon.colcon_core.verb:set package 'puzzlebot_control' build argument 'cmake_clean_first' from command line to 'False'
[0.217s] Level 5:colcon.colcon_core.verb:set package 'puzzlebot_control' build argument 'cmake_force_configure' from command line to 'False'
[0.217s] Level 5:colcon.colcon_core.verb:set package 'puzzlebot_control' build argument 'ament_cmake_args' from command line to 'None'
[0.217s] Level 5:colcon.colcon_core.verb:set package 'puzzlebot_control' build argument 'catkin_cmake_args' from command line to 'None'
[0.217s] Level 5:colcon.colcon_core.verb:set package 'puzzlebot_control' build argument 'catkin_skip_building_tests' from command line to 'False'
[0.217s] DEBUG:colcon.colcon_core.verb:Building package 'puzzlebot_control' with the following arguments: {'ament_cmake_args': None, 'build_base': '/root/ROS2Activities/workspace/challenge3_ws/build/puzzlebot_control', 'catkin_cmake_args': None, 'catkin_skip_building_tests': False, 'cmake_args': None, 'cmake_clean_cache': False, 'cmake_clean_first': False, 'cmake_force_configure': False, 'cmake_target': None, 'cmake_target_skip_unavailable': False, 'install_base': '/root/ROS2Activities/workspace/challenge3_ws/install/puzzlebot_control', 'merge_install': False, 'path': '/root/ROS2Activities/workspace/challenge3_ws/src/puzzlebot_control', 'symlink_install': False, 'test_result_base': None}
[0.217s] Level 5:colcon.colcon_core.verb:set package 'puzzlebot_description' build argument 'cmake_args' from command line to 'None'
[0.217s] Level 5:colcon.colcon_core.verb:set package 'puzzlebot_description' build argument 'cmake_target' from command line to 'None'
[0.217s] Level 5:colcon.colcon_core.verb:set package 'puzzlebot_description' build argument 'cmake_target_skip_unavailable' from command line to 'False'
[0.217s] Level 5:colcon.colcon_core.verb:set package 'puzzlebot_description' build argument 'cmake_clean_cache' from command line to 'False'
[0.217s] Level 5:colcon.colcon_core.verb:set package 'puzzlebot_description' build argument 'cmake_clean_first' from command line to 'False'
[0.217s] Level 5:colcon.colcon_core.verb:set package 'puzzlebot_description' build argument 'cmake_force_configure' from command line to 'False'
[0.217s] Level 5:colcon.colcon_core.verb:set package 'puzzlebot_description' build argument 'ament_cmake_args' from command line to 'None'
[0.217s] Level 5:colcon.colcon_core.verb:set package 'puzzlebot_description' build argument 'catkin_cmake_args' from command line to 'None'
[0.217s] Level 5:colcon.colcon_core.verb:set package 'puzzlebot_description' build argument 'catkin_skip_building_tests' from command line to 'False'
[0.217s] DEBUG:colcon.colcon_core.verb:Building package 'puzzlebot_description' with the following arguments: {'ament_cmake_args': None, 'build_base': '/root/ROS2Activities/workspace/challenge3_ws/build/puzzlebot_description', 'catkin_cmake_args': None, 'catkin_skip_building_tests': False, 'cmake_args': None, 'cmake_clean_cache': False, 'cmake_clean_first': False, 'cmake_force_configure': False, 'cmake_target': None, 'cmake_target_skip_unavailable': False, 'install_base': '/root/ROS2Activities/workspace/challenge3_ws/install/puzzlebot_description', 'merge_install': False, 'path': '/root/ROS2Activities/workspace/challenge3_ws/src/puzzlebot_description', 'symlink_install': False, 'test_result_base': None}
[0.217s] Level 5:colcon.colcon_core.verb:set package 'puzzlebot_gazebo' build argument 'cmake_args' from command line to 'None'
[0.218s] Level 5:colcon.colcon_core.verb:set package 'puzzlebot_gazebo' build argument 'cmake_target' from command line to 'None'
[0.218s] Level 5:colcon.colcon_core.verb:set package 'puzzlebot_gazebo' build argument 'cmake_target_skip_unavailable' from command line to 'False'
[0.218s] Level 5:colcon.colcon_core.verb:set package 'puzzlebot_gazebo' build argument 'cmake_clean_cache' from command line to 'False'
[0.218s] Level 5:colcon.colcon_core.verb:set package 'puzzlebot_gazebo' build argument 'cmake_clean_first' from command line to 'False'
[0.218s] Level 5:colcon.colcon_core.verb:set package 'puzzlebot_gazebo' build argument 'cmake_force_configure' from command line to 'False'
[0.218s] Level 5:colcon.colcon_core.verb:set package 'puzzlebot_gazebo' build argument 'ament_cmake_args' from command line to 'None'
[0.218s] Level 5:colcon.colcon_core.verb:set package 'puzzlebot_gazebo' build argument 'catkin_cmake_args' from command line to 'None'
[0.218s] Level 5:colcon.colcon_core.verb:set package 'puzzlebot_gazebo' build argument 'catkin_skip_building_tests' from command line to 'False'
[0.218s] DEBUG:colcon.colcon_core.verb:Building package 'puzzlebot_gazebo' with the following arguments: {'ament_cmake_args': None, 'build_base': '/root/ROS2Activities/workspace/challenge3_ws/build/puzzlebot_gazebo', 'catkin_cmake_args': None, 'catkin_skip_building_tests': False, 'cmake_args': None, 'cmake_clean_cache': False, 'cmake_clean_first': False, 'cmake_force_configure': False, 'cmake_target': None, 'cmake_target_skip_unavailable': False, 'install_base': '/root/ROS2Activities/workspace/challenge3_ws/install/puzzlebot_gazebo', 'merge_install': False, 'path': '/root/ROS2Activities/workspace/challenge3_ws/src/puzzlebot_gazebo', 'symlink_install': False, 'test_result_base': None}
[0.218s] INFO:colcon.colcon_core.executor:Executing jobs using 'parallel' executor
[0.218s] DEBUG:colcon.colcon_parallel_executor.executor.parallel:run_until_complete
[0.219s] INFO:colcon.colcon_ros.task.ament_python.build:Building ROS package in '/root/ROS2Activities/workspace/challenge3_ws/src/puzzlebot_control' with build type 'ament_python'
[0.219s] Level 1:colcon.colcon_core.shell:create_environment_hook('puzzlebot_control', 'ament_prefix_path')
[0.220s] INFO:colcon.colcon_core.plugin_system:Skipping extension 'colcon_core.shell.bat': Not used on non-Windows systems
[0.221s] INFO:colcon.colcon_core.shell:Creating environment hook '/root/ROS2Activities/workspace/challenge3_ws/install/puzzlebot_control/share/puzzlebot_control/hook/ament_prefix_path.ps1'
[0.221s] INFO:colcon.colcon_core.shell:Creating environment descriptor '/root/ROS2Activities/workspace/challenge3_ws/install/puzzlebot_control/share/puzzlebot_control/hook/ament_prefix_path.dsv'
[0.221s] INFO:colcon.colcon_core.shell:Creating environment hook '/root/ROS2Activities/workspace/challenge3_ws/install/puzzlebot_control/share/puzzlebot_control/hook/ament_prefix_path.sh'
[0.222s] INFO:colcon.colcon_core.shell:Skip shell extension 'powershell' for command environment: Not usable outside of PowerShell
[0.222s] DEBUG:colcon.colcon_core.shell:Skip shell extension 'dsv' for command environment
[0.222s] WARNING:colcon.colcon_ros.prefix_path.ament:The path '/root/ROS2Activities/workspace/challenge3_ws/install' in the environment variable AMENT_PREFIX_PATH doesn't contain any 'local_setup.*' files.
[0.225s] INFO:colcon.colcon_ros.task.ament_python.build:Building ROS package in '/root/ROS2Activities/workspace/challenge3_ws/src/puzzlebot_description' with build type 'ament_python'
[0.225s] Level 1:colcon.colcon_core.shell:create_environment_hook('puzzlebot_description', 'ament_prefix_path')
[0.226s] INFO:colcon.colcon_core.shell:Creating environment hook '/root/ROS2Activities/workspace/challenge3_ws/install/puzzlebot_description/share/puzzlebot_description/hook/ament_prefix_path.ps1'
[0.226s] INFO:colcon.colcon_core.shell:Creating environment descriptor '/root/ROS2Activities/workspace/challenge3_ws/install/puzzlebot_description/share/puzzlebot_description/hook/ament_prefix_path.dsv'
[0.226s] INFO:colcon.colcon_core.shell:Creating environment hook '/root/ROS2Activities/workspace/challenge3_ws/install/puzzlebot_description/share/puzzlebot_description/hook/ament_prefix_path.sh'
[0.227s] INFO:colcon.colcon_core.shell:Skip shell extension 'powershell' for command environment: Not usable outside of PowerShell
[0.227s] DEBUG:colcon.colcon_core.shell:Skip shell extension 'dsv' for command environment
[0.229s] INFO:colcon.colcon_ros.task.ament_python.build:Building ROS package in '/root/ROS2Activities/workspace/challenge3_ws/src/puzzlebot_gazebo' with build type 'ament_python'
[0.229s] Level 1:colcon.colcon_core.shell:create_environment_hook('puzzlebot_gazebo', 'ament_prefix_path')
[0.229s] INFO:colcon.colcon_core.shell:Creating environment hook '/root/ROS2Activities/workspace/challenge3_ws/install/puzzlebot_gazebo/share/puzzlebot_gazebo/hook/ament_prefix_path.ps1'
[0.230s] INFO:colcon.colcon_core.shell:Creating environment descriptor '/root/ROS2Activities/workspace/challenge3_ws/install/puzzlebot_gazebo/share/puzzlebot_gazebo/hook/ament_prefix_path.dsv'
[0.230s] INFO:colcon.colcon_core.shell:Creating environment hook '/root/ROS2Activities/workspace/challenge3_ws/install/puzzlebot_gazebo/share/puzzlebot_gazebo/hook/ament_prefix_path.sh'
[0.230s] INFO:colcon.colcon_core.shell:Skip shell extension 'powershell' for command environment: Not usable outside of PowerShell
[0.230s] DEBUG:colcon.colcon_core.shell:Skip shell extension 'dsv' for command environment
[0.395s] WARNING:colcon.colcon_ros.task.ament_python.build:Package 'puzzlebot_control' doesn't explicitly install a marker in the package index (colcon-ros currently does it implicitly but that fallback will be removed in the future)
[0.395s] INFO:colcon.colcon_core.task.python.build:Building Python package in '/root/ROS2Activities/workspace/challenge3_ws/src/puzzlebot_control'
[0.395s] INFO:colcon.colcon_core.shell:Skip shell extension 'powershell' for command environment: Not usable outside of PowerShell
[0.395s] DEBUG:colcon.colcon_core.shell:Skip shell extension 'dsv' for command environment
[0.557s] WARNING:colcon.colcon_ros.task.ament_python.build:Package 'puzzlebot_description' doesn't explicitly install a marker in the package index (colcon-ros currently does it implicitly but that fallback will be removed in the future)
[0.557s] INFO:colcon.colcon_core.task.python.build:Building Python package in '/root/ROS2Activities/workspace/challenge3_ws/src/puzzlebot_description'
[0.558s] INFO:colcon.colcon_core.shell:Skip shell extension 'powershell' for command environment: Not usable outside of PowerShell
[0.558s] DEBUG:colcon.colcon_core.shell:Skip shell extension 'dsv' for command environment
[0.729s] WARNING:colcon.colcon_ros.task.ament_python.build:Package 'puzzlebot_gazebo' doesn't explicitly install a marker in the package index (colcon-ros currently does it implicitly but that fallback will be removed in the future)
[0.729s] INFO:colcon.colcon_core.task.python.build:Building Python package in '/root/ROS2Activities/workspace/challenge3_ws/src/puzzlebot_gazebo'
[0.730s] INFO:colcon.colcon_core.shell:Skip shell extension 'powershell' for command environment: Not usable outside of PowerShell
[0.730s] DEBUG:colcon.colcon_core.shell:Skip shell extension 'dsv' for command environment
[1.050s] DEBUG:colcon.colcon_core.event_handler.log_command:Invoking command in '/root/ROS2Activities/workspace/challenge3_ws/src/puzzlebot_description': PYTHONPATH=/root/ROS2Activities/workspace/challenge3_ws/build/puzzlebot_description/prefix_override:/root/ROS2Activities/workspace/challenge3_ws/install/puzzlebot_description/lib/python3.10/site-packages:${PYTHONPATH} /usr/bin/python3 -W ignore:setup.py install is deprecated setup.py egg_info --egg-base ../../build/puzzlebot_description build --build-base /root/ROS2Activities/workspace/challenge3_ws/build/puzzlebot_description/build install --record /root/ROS2Activities/workspace/challenge3_ws/build/puzzlebot_description/install.log --single-version-externally-managed install_data
[1.055s] DEBUG:colcon.colcon_core.event_handler.log_command:Invoking command in '/root/ROS2Activities/workspace/challenge3_ws/src/puzzlebot_gazebo': PYTHONPATH=/root/ROS2Activities/workspace/challenge3_ws/build/puzzlebot_gazebo/prefix_override:/root/ROS2Activities/workspace/challenge3_ws/install/puzzlebot_gazebo/lib/python3.10/site-packages:${PYTHONPATH} /usr/bin/python3 -W ignore:setup.py install is deprecated setup.py egg_info --egg-base ../../build/puzzlebot_gazebo build --build-base /root/ROS2Activities/workspace/challenge3_ws/build/puzzlebot_gazebo/build install --record /root/ROS2Activities/workspace/challenge3_ws/build/puzzlebot_gazebo/install.log --single-version-externally-managed install_data
[1.057s] DEBUG:colcon.colcon_core.event_handler.log_command:Invoking command in '/root/ROS2Activities/workspace/challenge3_ws/src/puzzlebot_control': PYTHONPATH=/root/ROS2Activities/workspace/challenge3_ws/build/puzzlebot_control/prefix_override:/root/ROS2Activities/workspace/challenge3_ws/install/puzzlebot_control/lib/python3.10/site-packages:${PYTHONPATH} /usr/bin/python3 -W ignore:setup.py install is deprecated setup.py egg_info --egg-base ../../build/puzzlebot_control build --build-base /root/ROS2Activities/workspace/challenge3_ws/build/puzzlebot_control/build install --record /root/ROS2Activities/workspace/challenge3_ws/build/puzzlebot_control/install.log --single-version-externally-managed install_data
[1.292s] DEBUG:colcon.colcon_core.event_handler.log_command:Invoked command in '/root/ROS2Activities/workspace/challenge3_ws/src/puzzlebot_description' returned '0': PYTHONPATH=/root/ROS2Activities/workspace/challenge3_ws/build/puzzlebot_description/prefix_override:/root/ROS2Activities/workspace/challenge3_ws/install/puzzlebot_description/lib/python3.10/site-packages:${PYTHONPATH} /usr/bin/python3 -W ignore:setup.py install is deprecated setup.py egg_info --egg-base ../../build/puzzlebot_description build --build-base /root/ROS2Activities/workspace/challenge3_ws/build/puzzlebot_description/build install --record /root/ROS2Activities/workspace/challenge3_ws/build/puzzlebot_description/install.log --single-version-externally-managed install_data
[1.294s] Level 1:colcon.colcon_core.environment:checking '/root/ROS2Activities/workspace/challenge3_ws/install/puzzlebot_description' for CMake module files
[1.294s] Level 1:colcon.colcon_core.environment:checking '/root/ROS2Activities/workspace/challenge3_ws/install/puzzlebot_description' for CMake config files
[1.295s] Level 1:colcon.colcon_core.environment:checking '/root/ROS2Activities/workspace/challenge3_ws/install/puzzlebot_description/lib'
[1.295s] Level 1:colcon.colcon_core.environment:checking '/root/ROS2Activities/workspace/challenge3_ws/install/puzzlebot_description/bin'
[1.295s] Level 1:colcon.colcon_core.environment:checking '/root/ROS2Activities/workspace/challenge3_ws/install/puzzlebot_description/lib/pkgconfig/puzzlebot_description.pc'
[1.295s] Level 1:colcon.colcon_core.environment:checking '/root/ROS2Activities/workspace/challenge3_ws/install/puzzlebot_description/lib/python3.10/site-packages'
[1.295s] Level 1:colcon.colcon_core.shell:create_environment_hook('puzzlebot_description', 'pythonpath')
[1.295s] INFO:colcon.colcon_core.shell:Creating environment hook '/root/ROS2Activities/workspace/challenge3_ws/install/puzzlebot_description/share/puzzlebot_description/hook/pythonpath.ps1'
[1.296s] INFO:colcon.colcon_core.shell:Creating environment descriptor '/root/ROS2Activities/workspace/challenge3_ws/install/puzzlebot_description/share/puzzlebot_description/hook/pythonpath.dsv'
[1.296s] INFO:colcon.colcon_core.shell:Creating environment hook '/root/ROS2Activities/workspace/challenge3_ws/install/puzzlebot_description/share/puzzlebot_description/hook/pythonpath.sh'
[1.296s] Level 1:colcon.colcon_core.environment:checking '/root/ROS2Activities/workspace/challenge3_ws/install/puzzlebot_description/bin'
[1.296s] Level 1:colcon.colcon_core.environment:create_environment_scripts_only(puzzlebot_description)
[1.297s] INFO:colcon.colcon_core.shell:Creating package script '/root/ROS2Activities/workspace/challenge3_ws/install/puzzlebot_description/share/puzzlebot_description/package.ps1'
[1.297s] INFO:colcon.colcon_core.shell:Creating package descriptor '/root/ROS2Activities/workspace/challenge3_ws/install/puzzlebot_description/share/puzzlebot_description/package.dsv'
[1.298s] INFO:colcon.colcon_core.shell:Creating package script '/root/ROS2Activities/workspace/challenge3_ws/install/puzzlebot_description/share/puzzlebot_description/package.sh'
[1.298s] INFO:colcon.colcon_core.shell:Creating package script '/root/ROS2Activities/workspace/challenge3_ws/install/puzzlebot_description/share/puzzlebot_description/package.bash'
[1.299s] INFO:colcon.colcon_core.shell:Creating package script '/root/ROS2Activities/workspace/challenge3_ws/install/puzzlebot_description/share/puzzlebot_description/package.zsh'
[1.300s] Level 1:colcon.colcon_core.environment:create_file_with_runtime_dependencies(/root/ROS2Activities/workspace/challenge3_ws/install/puzzlebot_description/share/colcon-core/packages/puzzlebot_description)
[1.302s] Level 1:colcon.colcon_core.environment:checking '/root/ROS2Activities/workspace/challenge3_ws/install/puzzlebot_control' for CMake module files
[1.303s] DEBUG:colcon.colcon_core.event_handler.log_command:Invoked command in '/root/ROS2Activities/workspace/challenge3_ws/src/puzzlebot_control' returned '0': PYTHONPATH=/root/ROS2Activities/workspace/challenge3_ws/build/puzzlebot_control/prefix_override:/root/ROS2Activities/workspace/challenge3_ws/install/puzzlebot_control/lib/python3.10/site-packages:${PYTHONPATH} /usr/bin/python3 -W ignore:setup.py install is deprecated setup.py egg_info --egg-base ../../build/puzzlebot_control build --build-base /root/ROS2Activities/workspace/challenge3_ws/build/puzzlebot_control/build install --record /root/ROS2Activities/workspace/challenge3_ws/build/puzzlebot_control/install.log --single-version-externally-managed install_data
[1.304s] Level 1:colcon.colcon_core.environment:checking '/root/ROS2Activities/workspace/challenge3_ws/install/puzzlebot_control' for CMake config files
[1.304s] Level 1:colcon.colcon_core.environment:checking '/root/ROS2Activities/workspace/challenge3_ws/install/puzzlebot_control/lib'
[1.304s] Level 1:colcon.colcon_core.environment:checking '/root/ROS2Activities/workspace/challenge3_ws/install/puzzlebot_control/bin'
[1.304s] Level 1:colcon.colcon_core.environment:checking '/root/ROS2Activities/workspace/challenge3_ws/install/puzzlebot_control/lib/pkgconfig/puzzlebot_control.pc'
[1.304s] Level 1:colcon.colcon_core.environment:checking '/root/ROS2Activities/workspace/challenge3_ws/install/puzzlebot_control/lib/python3.10/site-packages'
[1.304s] Level 1:colcon.colcon_core.shell:create_environment_hook('puzzlebot_control', 'pythonpath')
[1.305s] INFO:colcon.colcon_core.shell:Creating environment hook '/root/ROS2Activities/workspace/challenge3_ws/install/puzzlebot_control/share/puzzlebot_control/hook/pythonpath.ps1'
[1.305s] INFO:colcon.colcon_core.shell:Creating environment descriptor '/root/ROS2Activities/workspace/challenge3_ws/install/puzzlebot_control/share/puzzlebot_control/hook/pythonpath.dsv'
[1.305s] INFO:colcon.colcon_core.shell:Creating environment hook '/root/ROS2Activities/workspace/challenge3_ws/install/puzzlebot_control/share/puzzlebot_control/hook/pythonpath.sh'
[1.305s] Level 1:colcon.colcon_core.environment:checking '/root/ROS2Activities/workspace/challenge3_ws/install/puzzlebot_control/bin'
[1.305s] Level 1:colcon.colcon_core.environment:create_environment_scripts_only(puzzlebot_control)
[1.306s] INFO:colcon.colcon_core.shell:Creating package script '/root/ROS2Activities/workspace/challenge3_ws/install/puzzlebot_control/share/puzzlebot_control/package.ps1'
[1.306s] INFO:colcon.colcon_core.shell:Creating package descriptor '/root/ROS2Activities/workspace/challenge3_ws/install/puzzlebot_control/share/puzzlebot_control/package.dsv'
[1.306s] INFO:colcon.colcon_core.shell:Creating package script '/root/ROS2Activities/workspace/challenge3_ws/install/puzzlebot_control/share/puzzlebot_control/package.sh'
[1.307s] INFO:colcon.colcon_core.shell:Creating package script '/root/ROS2Activities/workspace/challenge3_ws/install/puzzlebot_control/share/puzzlebot_control/package.bash'
[1.307s] INFO:colcon.colcon_core.shell:Creating package script '/root/ROS2Activities/workspace/challenge3_ws/install/puzzlebot_control/share/puzzlebot_control/package.zsh'
[1.307s] Level 1:colcon.colcon_core.environment:create_file_with_runtime_dependencies(/root/ROS2Activities/workspace/challenge3_ws/install/puzzlebot_control/share/colcon-core/packages/puzzlebot_control)
[1.307s] Level 1:colcon.colcon_core.environment:checking '/root/ROS2Activities/workspace/challenge3_ws/install/puzzlebot_gazebo' for CMake module files
[1.308s] DEBUG:colcon.colcon_core.event_handler.log_command:Invoked command in '/root/ROS2Activities/workspace/challenge3_ws/src/puzzlebot_gazebo' returned '0': PYTHONPATH=/root/ROS2Activities/workspace/challenge3_ws/build/puzzlebot_gazebo/prefix_override:/root/ROS2Activities/workspace/challenge3_ws/install/puzzlebot_gazebo/lib/python3.10/site-packages:${PYTHONPATH} /usr/bin/python3 -W ignore:setup.py install is deprecated setup.py egg_info --egg-base ../../build/puzzlebot_gazebo build --build-base /root/ROS2Activities/workspace/challenge3_ws/build/puzzlebot_gazebo/build install --record /root/ROS2Activities/workspace/challenge3_ws/build/puzzlebot_gazebo/install.log --single-version-externally-managed install_data
[1.308s] Level 1:colcon.colcon_core.environment:checking '/root/ROS2Activities/workspace/challenge3_ws/install/puzzlebot_gazebo' for CMake config files
[1.309s] Level 1:colcon.colcon_core.environment:checking '/root/ROS2Activities/workspace/challenge3_ws/install/puzzlebot_gazebo/lib'
[1.309s] Level 1:colcon.colcon_core.environment:checking '/root/ROS2Activities/workspace/challenge3_ws/install/puzzlebot_gazebo/bin'
[1.309s] Level 1:colcon.colcon_core.environment:checking '/root/ROS2Activities/workspace/challenge3_ws/install/puzzlebot_gazebo/lib/pkgconfig/puzzlebot_gazebo.pc'
[1.309s] Level 1:colcon.colcon_core.environment:checking '/root/ROS2Activities/workspace/challenge3_ws/install/puzzlebot_gazebo/lib/python3.10/site-packages'
[1.309s] Level 1:colcon.colcon_core.shell:create_environment_hook('puzzlebot_gazebo', 'pythonpath')
[1.309s] INFO:colcon.colcon_core.shell:Creating environment hook '/root/ROS2Activities/workspace/challenge3_ws/install/puzzlebot_gazebo/share/puzzlebot_gazebo/hook/pythonpath.ps1'
[1.310s] INFO:colcon.colcon_core.shell:Creating environment descriptor '/root/ROS2Activities/workspace/challenge3_ws/install/puzzlebot_gazebo/share/puzzlebot_gazebo/hook/pythonpath.dsv'
[1.310s] INFO:colcon.colcon_core.shell:Creating environment hook '/root/ROS2Activities/workspace/challenge3_ws/install/puzzlebot_gazebo/share/puzzlebot_gazebo/hook/pythonpath.sh'
[1.310s] Level 1:colcon.colcon_core.environment:checking '/root/ROS2Activities/workspace/challenge3_ws/install/puzzlebot_gazebo/bin'
[1.310s] Level 1:colcon.colcon_core.environment:create_environment_scripts_only(puzzlebot_gazebo)
[1.311s] INFO:colcon.colcon_core.shell:Creating package script '/root/ROS2Activities/workspace/challenge3_ws/install/puzzlebot_gazebo/share/puzzlebot_gazebo/package.ps1'
[1.311s] INFO:colcon.colcon_core.shell:Creating package descriptor '/root/ROS2Activities/workspace/challenge3_ws/install/puzzlebot_gazebo/share/puzzlebot_gazebo/package.dsv'
[1.311s] INFO:colcon.colcon_core.shell:Creating package script '/root/ROS2Activities/workspace/challenge3_ws/install/puzzlebot_gazebo/share/puzzlebot_gazebo/package.sh'
[1.311s] INFO:colcon.colcon_core.shell:Creating package script '/root/ROS2Activities/workspace/challenge3_ws/install/puzzlebot_gazebo/share/puzzlebot_gazebo/package.bash'
[1.312s] INFO:colcon.colcon_core.shell:Creating package script '/root/ROS2Activities/workspace/challenge3_ws/install/puzzlebot_gazebo/share/puzzlebot_gazebo/package.zsh'
[1.312s] Level 1:colcon.colcon_core.environment:create_file_with_runtime_dependencies(/root/ROS2Activities/workspace/challenge3_ws/install/puzzlebot_gazebo/share/colcon-core/packages/puzzlebot_gazebo)
[1.312s] DEBUG:colcon.colcon_parallel_executor.executor.parallel:closing loop
[1.312s] DEBUG:colcon.colcon_parallel_executor.executor.parallel:loop closed
[1.312s] DEBUG:colcon.colcon_parallel_executor.executor.parallel:run_until_complete finished with '0'
[1.312s] DEBUG:colcon.colcon_core.event_reactor:joining thread
[1.324s] INFO:colcon.colcon_core.plugin_system:Skipping extension 'colcon_notification.desktop_notification.notify_send': Could not find 'notify-send'
[1.325s] INFO:colcon.colcon_core.plugin_system:Skipping extension 'colcon_notification.desktop_notification.terminal_notifier': Not used on non-Darwin systems
[1.325s] INFO:colcon.colcon_core.plugin_system:Skipping extension 'colcon_notification.desktop_notification.win32': Not used on non-Windows systems
[1.325s] INFO:colcon.colcon_notification.desktop_notification:Sending desktop notification using 'notify2'
[1.327s] DEBUG:colcon.colcon_notification.desktop_notification.notify2:Failed to initialize notify2: org.freedesktop.DBus.Error.Spawn.ExecFailed: /usr/bin/dbus-launch terminated abnormally without any error message
[1.327s] DEBUG:colcon.colcon_core.event_reactor:joined thread
[1.327s] INFO:colcon.colcon_core.shell:Creating prefix script '/root/ROS2Activities/workspace/challenge3_ws/install/local_setup.ps1'
[1.328s] INFO:colcon.colcon_core.shell:Creating prefix util module '/root/ROS2Activities/workspace/challenge3_ws/install/_local_setup_util_ps1.py'
[1.329s] INFO:colcon.colcon_core.shell:Creating prefix chain script '/root/ROS2Activities/workspace/challenge3_ws/install/setup.ps1'
[1.330s] INFO:colcon.colcon_core.shell:Creating prefix script '/root/ROS2Activities/workspace/challenge3_ws/install/local_setup.sh'
[1.330s] INFO:colcon.colcon_core.shell:Creating prefix util module '/root/ROS2Activities/workspace/challenge3_ws/install/_local_setup_util_sh.py'
[1.331s] INFO:colcon.colcon_core.shell:Creating prefix chain script '/root/ROS2Activities/workspace/challenge3_ws/install/setup.sh'
[1.331s] INFO:colcon.colcon_core.shell:Creating prefix script '/root/ROS2Activities/workspace/challenge3_ws/install/local_setup.bash'
[1.332s] INFO:colcon.colcon_core.shell:Creating prefix chain script '/root/ROS2Activities/workspace/challenge3_ws/install/setup.bash'
[1.332s] INFO:colcon.colcon_core.shell:Creating prefix script '/root/ROS2Activities/workspace/challenge3_ws/install/local_setup.zsh'
[1.333s] INFO:colcon.colcon_core.shell:Creating prefix chain script '/root/ROS2Activities/workspace/challenge3_ws/install/setup.zsh'
