[0.008s] Invoking command in '/root/ROS2Activities/workspace/challenge3_ws/build/gazebo_ros2_control_demos': CMAKE_PREFIX_PATH=/root/ROS2Activities/workspace/challenge3_ws/install/gazebo_ros2_control:/root/ROS2Activities/workspace/challenge3_ws/install/gazebo_ros2_control_demos:/root/ROS2Activities/workspace/challenge3_ws/install:/root/ROS2Activities/workspace/challenge3_ws/install/puzzlebot_gazebo:/root/ROS2Activities/workspace/challenge3_ws/install/puzzlebot_description:/root/ROS2Activities/workspace/challenge3_ws/install/puzzlebot_control:/opt/ros/humble /usr/bin/cmake --build /root/ROS2Activities/workspace/challenge3_ws/build/gazebo_ros2_control_demos -- -j16 -l16
[0.031s] [35m[1mConsolidate compiler generated dependencies of target example_velocity[0m
[0.032s] [35m[1mConsolidate compiler generated dependencies of target example_position[0m
[0.033s] [35m[1mConsolidate compiler generated dependencies of target example_gripper[0m
[0.033s] [35m[1mConsolidate compiler generated dependencies of target example_effort[0m
[0.034s] [35m[1mConsolidate compiler generated dependencies of target example_diff_drive[0m
[0.034s] [35m[1mConsolidate compiler generated dependencies of target example_position_pid[0m
[0.034s] [35m[1mConsolidate compiler generated dependencies of target example_tricycle_drive[0m
[0.043s] [ 14%] Built target example_position
[0.044s] [ 28%] Built target example_velocity
[0.046s] [ 42%] Built target example_diff_drive
[0.048s] [ 57%] Built target example_position_pid
[0.049s] [ 85%] Built target example_effort
[0.050s] [ 85%] Built target example_gripper
[0.050s] [100%] Built target example_tricycle_drive
[0.056s] Invoked command in '/root/ROS2Activities/workspace/challenge3_ws/build/gazebo_ros2_control_demos' returned '0': CMAKE_PREFIX_PATH=/root/ROS2Activities/workspace/challenge3_ws/install/gazebo_ros2_control:/root/ROS2Activities/workspace/challenge3_ws/install/gazebo_ros2_control_demos:/root/ROS2Activities/workspace/challenge3_ws/install:/root/ROS2Activities/workspace/challenge3_ws/install/puzzlebot_gazebo:/root/ROS2Activities/workspace/challenge3_ws/install/puzzlebot_description:/root/ROS2Activities/workspace/challenge3_ws/install/puzzlebot_control:/opt/ros/humble /usr/bin/cmake --build /root/ROS2Activities/workspace/challenge3_ws/build/gazebo_ros2_control_demos -- -j16 -l16
[0.078s] Invoking command in '/root/ROS2Activities/workspace/challenge3_ws/build/gazebo_ros2_control_demos': CMAKE_PREFIX_PATH=/root/ROS2Activities/workspace/challenge3_ws/install/gazebo_ros2_control:/root/ROS2Activities/workspace/challenge3_ws/install/gazebo_ros2_control_demos:/root/ROS2Activities/workspace/challenge3_ws/install:/root/ROS2Activities/workspace/challenge3_ws/install/puzzlebot_gazebo:/root/ROS2Activities/workspace/challenge3_ws/install/puzzlebot_description:/root/ROS2Activities/workspace/challenge3_ws/install/puzzlebot_control:/opt/ros/humble /usr/bin/cmake --install /root/ROS2Activities/workspace/challenge3_ws/build/gazebo_ros2_control_demos
[0.082s] -- Install configuration: ""
[0.083s] -- Up-to-date: /root/ROS2Activities/workspace/challenge3_ws/install/gazebo_ros2_control_demos/share/gazebo_ros2_control_demos//launch
[0.083s] -- Up-to-date: /root/ROS2Activities/workspace/challenge3_ws/install/gazebo_ros2_control_demos/share/gazebo_ros2_control_demos//launch/vertical_cart_example_position_pid.launch.py
[0.083s] -- Up-to-date: /root/ROS2Activities/workspace/challenge3_ws/install/gazebo_ros2_control_demos/share/gazebo_ros2_control_demos//launch/cart_example_effort.launch.py
[0.083s] -- Up-to-date: /root/ROS2Activities/workspace/challenge3_ws/install/gazebo_ros2_control_demos/share/gazebo_ros2_control_demos//launch/cart_example_velocity.launch.py
[0.083s] -- Up-to-date: /root/ROS2Activities/workspace/challenge3_ws/install/gazebo_ros2_control_demos/share/gazebo_ros2_control_demos//launch/gripper_mimic_joint_example.launch.py
[0.083s] -- Up-to-date: /root/ROS2Activities/workspace/challenge3_ws/install/gazebo_ros2_control_demos/share/gazebo_ros2_control_demos//launch/vertical_cart_example_velocity_pid.launch.py
[0.083s] -- Up-to-date: /root/ROS2Activities/workspace/challenge3_ws/install/gazebo_ros2_control_demos/share/gazebo_ros2_control_demos//launch/cart_example_position.launch.py
[0.083s] -- Up-to-date: /root/ROS2Activities/workspace/challenge3_ws/install/gazebo_ros2_control_demos/share/gazebo_ros2_control_demos//launch/tricycle_drive.launch.py
[0.083s] -- Up-to-date: /root/ROS2Activities/workspace/challenge3_ws/install/gazebo_ros2_control_demos/share/gazebo_ros2_control_demos//launch/pendulum_example_position.launch.py
[0.083s] -- Up-to-date: /root/ROS2Activities/workspace/challenge3_ws/install/gazebo_ros2_control_demos/share/gazebo_ros2_control_demos//launch/pendulum_example_effort.launch.py
[0.083s] -- Up-to-date: /root/ROS2Activities/workspace/challenge3_ws/install/gazebo_ros2_control_demos/share/gazebo_ros2_control_demos//launch/diff_drive.launch.py
[0.083s] -- Up-to-date: /root/ROS2Activities/workspace/challenge3_ws/install/gazebo_ros2_control_demos/share/gazebo_ros2_control_demos//config
[0.083s] -- Up-to-date: /root/ROS2Activities/workspace/challenge3_ws/install/gazebo_ros2_control_demos/share/gazebo_ros2_control_demos//config/cart_controller_position.yaml
[0.084s] -- Up-to-date: /root/ROS2Activities/workspace/challenge3_ws/install/gazebo_ros2_control_demos/share/gazebo_ros2_control_demos//config/cart_controller_effort.yaml
[0.084s] -- Up-to-date: /root/ROS2Activities/workspace/challenge3_ws/install/gazebo_ros2_control_demos/share/gazebo_ros2_control_demos//config/diff_drive_controller.yaml
[0.084s] -- Up-to-date: /root/ROS2Activities/workspace/challenge3_ws/install/gazebo_ros2_control_demos/share/gazebo_ros2_control_demos//config/gripper_controller.yaml
[0.084s] -- Up-to-date: /root/ROS2Activities/workspace/challenge3_ws/install/gazebo_ros2_control_demos/share/gazebo_ros2_control_demos//config/tricycle_drive_controller.yaml
[0.084s] -- Up-to-date: /root/ROS2Activities/workspace/challenge3_ws/install/gazebo_ros2_control_demos/share/gazebo_ros2_control_demos//config/config.rviz
[0.084s] -- Up-to-date: /root/ROS2Activities/workspace/challenge3_ws/install/gazebo_ros2_control_demos/share/gazebo_ros2_control_demos//config/cart_controller.yaml
[0.084s] -- Up-to-date: /root/ROS2Activities/workspace/challenge3_ws/install/gazebo_ros2_control_demos/share/gazebo_ros2_control_demos//config/cart_controller_velocity.yaml
[0.084s] -- Up-to-date: /root/ROS2Activities/workspace/challenge3_ws/install/gazebo_ros2_control_demos/share/gazebo_ros2_control_demos//urdf
[0.084s] -- Up-to-date: /root/ROS2Activities/workspace/challenge3_ws/install/gazebo_ros2_control_demos/share/gazebo_ros2_control_demos//urdf/test_pendulum_effort.xacro.urdf
[0.084s] -- Up-to-date: /root/ROS2Activities/workspace/challenge3_ws/install/gazebo_ros2_control_demos/share/gazebo_ros2_control_demos//urdf/test_cart_velocity.xacro.urdf
[0.084s] -- Up-to-date: /root/ROS2Activities/workspace/challenge3_ws/install/gazebo_ros2_control_demos/share/gazebo_ros2_control_demos//urdf/test_gripper_mimic_joint.xacro.urdf
[0.084s] -- Up-to-date: /root/ROS2Activities/workspace/challenge3_ws/install/gazebo_ros2_control_demos/share/gazebo_ros2_control_demos//urdf/test_vertical_cart_position_pid.xacro.urdf
[0.085s] -- Up-to-date: /root/ROS2Activities/workspace/challenge3_ws/install/gazebo_ros2_control_demos/share/gazebo_ros2_control_demos//urdf/test_vertical_cart_velocity_pid.xacro.urdf
[0.085s] -- Up-to-date: /root/ROS2Activities/workspace/challenge3_ws/install/gazebo_ros2_control_demos/share/gazebo_ros2_control_demos//urdf/test_cart_position.xacro.urdf
[0.085s] -- Up-to-date: /root/ROS2Activities/workspace/challenge3_ws/install/gazebo_ros2_control_demos/share/gazebo_ros2_control_demos//urdf/test_pendulum_position.xacro.urdf
[0.085s] -- Up-to-date: /root/ROS2Activities/workspace/challenge3_ws/install/gazebo_ros2_control_demos/share/gazebo_ros2_control_demos//urdf/test_diff_drive.xacro.urdf
[0.085s] -- Up-to-date: /root/ROS2Activities/workspace/challenge3_ws/install/gazebo_ros2_control_demos/share/gazebo_ros2_control_demos//urdf/test_cart_effort.xacro.urdf
[0.085s] -- Up-to-date: /root/ROS2Activities/workspace/challenge3_ws/install/gazebo_ros2_control_demos/share/gazebo_ros2_control_demos//urdf/test_tricycle_drive.xacro.urdf
[0.085s] -- Up-to-date: /root/ROS2Activities/workspace/challenge3_ws/install/gazebo_ros2_control_demos/lib/gazebo_ros2_control_demos/example_position
[0.085s] -- Up-to-date: /root/ROS2Activities/workspace/challenge3_ws/install/gazebo_ros2_control_demos/lib/gazebo_ros2_control_demos/example_position_pid
[0.085s] -- Up-to-date: /root/ROS2Activities/workspace/challenge3_ws/install/gazebo_ros2_control_demos/lib/gazebo_ros2_control_demos/example_velocity
[0.085s] -- Up-to-date: /root/ROS2Activities/workspace/challenge3_ws/install/gazebo_ros2_control_demos/lib/gazebo_ros2_control_demos/example_effort
[0.085s] -- Up-to-date: /root/ROS2Activities/workspace/challenge3_ws/install/gazebo_ros2_control_demos/lib/gazebo_ros2_control_demos/example_diff_drive
[0.086s] -- Up-to-date: /root/ROS2Activities/workspace/challenge3_ws/install/gazebo_ros2_control_demos/lib/gazebo_ros2_control_demos/example_tricycle_drive
[0.086s] -- Up-to-date: /root/ROS2Activities/workspace/challenge3_ws/install/gazebo_ros2_control_demos/lib/gazebo_ros2_control_demos/example_gripper
[0.086s] -- Up-to-date: /root/ROS2Activities/workspace/challenge3_ws/install/gazebo_ros2_control_demos/share/ament_index/resource_index/package_run_dependencies/gazebo_ros2_control_demos
[0.086s] -- Up-to-date: /root/ROS2Activities/workspace/challenge3_ws/install/gazebo_ros2_control_demos/share/ament_index/resource_index/parent_prefix_path/gazebo_ros2_control_demos
[0.087s] -- Up-to-date: /root/ROS2Activities/workspace/challenge3_ws/install/gazebo_ros2_control_demos/share/gazebo_ros2_control_demos/environment/ament_prefix_path.sh
[0.087s] -- Up-to-date: /root/ROS2Activities/workspace/challenge3_ws/install/gazebo_ros2_control_demos/share/gazebo_ros2_control_demos/environment/ament_prefix_path.dsv
[0.087s] -- Up-to-date: /root/ROS2Activities/workspace/challenge3_ws/install/gazebo_ros2_control_demos/share/gazebo_ros2_control_demos/environment/path.sh
[0.087s] -- Up-to-date: /root/ROS2Activities/workspace/challenge3_ws/install/gazebo_ros2_control_demos/share/gazebo_ros2_control_demos/environment/path.dsv
[0.087s] -- Up-to-date: /root/ROS2Activities/workspace/challenge3_ws/install/gazebo_ros2_control_demos/share/gazebo_ros2_control_demos/local_setup.bash
[0.087s] -- Up-to-date: /root/ROS2Activities/workspace/challenge3_ws/install/gazebo_ros2_control_demos/share/gazebo_ros2_control_demos/local_setup.sh
[0.087s] -- Up-to-date: /root/ROS2Activities/workspace/challenge3_ws/install/gazebo_ros2_control_demos/share/gazebo_ros2_control_demos/local_setup.zsh
[0.087s] -- Up-to-date: /root/ROS2Activities/workspace/challenge3_ws/install/gazebo_ros2_control_demos/share/gazebo_ros2_control_demos/local_setup.dsv
[0.087s] -- Installing: /root/ROS2Activities/workspace/challenge3_ws/install/gazebo_ros2_control_demos/share/gazebo_ros2_control_demos/package.dsv
[0.087s] -- Up-to-date: /root/ROS2Activities/workspace/challenge3_ws/install/gazebo_ros2_control_demos/share/ament_index/resource_index/packages/gazebo_ros2_control_demos
[0.087s] -- Up-to-date: /root/ROS2Activities/workspace/challenge3_ws/install/gazebo_ros2_control_demos/share/gazebo_ros2_control_demos/cmake/gazebo_ros2_control_demosConfig.cmake
[0.087s] -- Up-to-date: /root/ROS2Activities/workspace/challenge3_ws/install/gazebo_ros2_control_demos/share/gazebo_ros2_control_demos/cmake/gazebo_ros2_control_demosConfig-version.cmake
[0.087s] -- Up-to-date: /root/ROS2Activities/workspace/challenge3_ws/install/gazebo_ros2_control_demos/share/gazebo_ros2_control_demos/package.xml
[0.088s] Invoked command in '/root/ROS2Activities/workspace/challenge3_ws/build/gazebo_ros2_control_demos' returned '0': CMAKE_PREFIX_PATH=/root/ROS2Activities/workspace/challenge3_ws/install/gazebo_ros2_control:/root/ROS2Activities/workspace/challenge3_ws/install/gazebo_ros2_control_demos:/root/ROS2Activities/workspace/challenge3_ws/install:/root/ROS2Activities/workspace/challenge3_ws/install/puzzlebot_gazebo:/root/ROS2Activities/workspace/challenge3_ws/install/puzzlebot_description:/root/ROS2Activities/workspace/challenge3_ws/install/puzzlebot_control:/opt/ros/humble /usr/bin/cmake --install /root/ROS2Activities/workspace/challenge3_ws/build/gazebo_ros2_control_demos
