[0.681s] Invoking command in '/root/ROS2Activities/workspace/challenge3_ws/src/puzzlebot_description': PYTHONPATH=/root/ROS2Activities/workspace/challenge3_ws/build/puzzlebot_description/prefix_override:/root/ROS2Activities/workspace/challenge3_ws/install/puzzlebot_description/lib/python3.10/site-packages:${PYTHONPATH} /usr/bin/python3 -W ignore:setup.py install is deprecated setup.py egg_info --egg-base ../../build/puzzlebot_description build --build-base /root/ROS2Activities/workspace/challenge3_ws/build/puzzlebot_description/build install --record /root/ROS2Activities/workspace/challenge3_ws/build/puzzlebot_description/install.log --single-version-externally-managed install_data
[0.822s] running egg_info
[0.823s] writing ../../build/puzzlebot_description/puzzlebot_description.egg-info/PKG-INFO
[0.823s] writing dependency_links to ../../build/puzzlebot_description/puzzlebot_description.egg-info/dependency_links.txt
[0.823s] writing entry points to ../../build/puzzlebot_description/puzzlebot_description.egg-info/entry_points.txt
[0.823s] writing requirements to ../../build/puzzlebot_description/puzzlebot_description.egg-info/requires.txt
[0.823s] writing top-level names to ../../build/puzzlebot_description/puzzlebot_description.egg-info/top_level.txt
[0.824s] reading manifest file '../../build/puzzlebot_description/puzzlebot_description.egg-info/SOURCES.txt'
[0.824s] writing manifest file '../../build/puzzlebot_description/puzzlebot_description.egg-info/SOURCES.txt'
[0.825s] running build
[0.825s] running build_py
[0.825s] running install
[0.825s] running install_lib
[0.826s] running install_data
[0.826s] running install_egg_info
[0.827s] removing '/root/ROS2Activities/workspace/challenge3_ws/install/puzzlebot_description/lib/python3.10/site-packages/puzzlebot_description-0.0.0-py3.10.egg-info' (and everything under it)
[0.827s] Copying ../../build/puzzlebot_description/puzzlebot_description.egg-info to /root/ROS2Activities/workspace/challenge3_ws/install/puzzlebot_description/lib/python3.10/site-packages/puzzlebot_description-0.0.0-py3.10.egg-info
[0.827s] running install_scripts
[0.842s] writing list of installed files to '/root/ROS2Activities/workspace/challenge3_ws/build/puzzlebot_description/install.log'
[0.864s] Invoked command in '/root/ROS2Activities/workspace/challenge3_ws/src/puzzlebot_description' returned '0': PYTHONPATH=/root/ROS2Activities/workspace/challenge3_ws/build/puzzlebot_description/prefix_override:/root/ROS2Activities/workspace/challenge3_ws/install/puzzlebot_description/lib/python3.10/site-packages:${PYTHONPATH} /usr/bin/python3 -W ignore:setup.py install is deprecated setup.py egg_info --egg-base ../../build/puzzlebot_description build --build-base /root/ROS2Activities/workspace/challenge3_ws/build/puzzlebot_description/build install --record /root/ROS2Activities/workspace/challenge3_ws/build/puzzlebot_description/install.log --single-version-externally-managed install_data
