[0.357s] Invoking command in '/root/ROS2Activities/workspace/lidar_ws/src/puzzlebot_lidar': PYTHONPATH=/root/ROS2Activities/workspace/lidar_ws/build/puzzlebot_lidar/prefix_override:/root/ROS2Activities/workspace/lidar_ws/install/puzzlebot_lidar/lib/python3.10/site-packages:${PYTHONPATH} /usr/bin/python3 -W ignore:setup.py install is deprecated setup.py egg_info --egg-base ../../build/puzzlebot_lidar build --build-base /root/ROS2Activities/workspace/lidar_ws/build/puzzlebot_lidar/build install --record /root/ROS2Activities/workspace/lidar_ws/build/puzzlebot_lidar/install.log --single-version-externally-managed install_data
[0.488s] running egg_info
[0.488s] writing ../../build/puzzlebot_lidar/puzzlebot_lidar.egg-info/PKG-INFO
[0.488s] writing dependency_links to ../../build/puzzlebot_lidar/puzzlebot_lidar.egg-info/dependency_links.txt
[0.488s] writing entry points to ../../build/puzzlebot_lidar/puzzlebot_lidar.egg-info/entry_points.txt
[0.488s] writing requirements to ../../build/puzzlebot_lidar/puzzlebot_lidar.egg-info/requires.txt
[0.488s] writing top-level names to ../../build/puzzlebot_lidar/puzzlebot_lidar.egg-info/top_level.txt
[0.489s] reading manifest file '../../build/puzzlebot_lidar/puzzlebot_lidar.egg-info/SOURCES.txt'
[0.490s] writing manifest file '../../build/puzzlebot_lidar/puzzlebot_lidar.egg-info/SOURCES.txt'
[0.490s] running build
[0.490s] running build_py
[0.490s] running install
[0.490s] running install_lib
[0.491s] running install_data
[0.491s] running install_egg_info
[0.492s] removing '/root/ROS2Activities/workspace/lidar_ws/install/puzzlebot_lidar/lib/python3.10/site-packages/puzzlebot_lidar-0.0.0-py3.10.egg-info' (and everything under it)
[0.492s] Copying ../../build/puzzlebot_lidar/puzzlebot_lidar.egg-info to /root/ROS2Activities/workspace/lidar_ws/install/puzzlebot_lidar/lib/python3.10/site-packages/puzzlebot_lidar-0.0.0-py3.10.egg-info
[0.493s] running install_scripts
[0.506s] writing list of installed files to '/root/ROS2Activities/workspace/lidar_ws/build/puzzlebot_lidar/install.log'
[0.519s] Invoked command in '/root/ROS2Activities/workspace/lidar_ws/src/puzzlebot_lidar' returned '0': PYTHONPATH=/root/ROS2Activities/workspace/lidar_ws/build/puzzlebot_lidar/prefix_override:/root/ROS2Activities/workspace/lidar_ws/install/puzzlebot_lidar/lib/python3.10/site-packages:${PYTHONPATH} /usr/bin/python3 -W ignore:setup.py install is deprecated setup.py egg_info --egg-base ../../build/puzzlebot_lidar build --build-base /root/ROS2Activities/workspace/lidar_ws/build/puzzlebot_lidar/build install --record /root/ROS2Activities/workspace/lidar_ws/build/puzzlebot_lidar/install.log --single-version-externally-managed install_data
