[0.853s] Invoking command in '/root/ROS2Activities/workspace/challenge3_ws/src/puzzlebot_gazebo': PYTHONPATH=/root/ROS2Activities/workspace/challenge3_ws/build/puzzlebot_gazebo/prefix_override:/root/ROS2Activities/workspace/challenge3_ws/install/puzzlebot_gazebo/lib/python3.10/site-packages:${PYTHONPATH} /usr/bin/python3 -W ignore:setup.py install is deprecated setup.py egg_info --egg-base ../../build/puzzlebot_gazebo build --build-base /root/ROS2Activities/workspace/challenge3_ws/build/puzzlebot_gazebo/build install --record /root/ROS2Activities/workspace/challenge3_ws/build/puzzlebot_gazebo/install.log --single-version-externally-managed install_data
[1.046s] running egg_info
[1.047s] writing ../../build/puzzlebot_gazebo/puzzlebot_gazebo.egg-info/PKG-INFO
[1.047s] writing dependency_links to ../../build/puzzlebot_gazebo/puzzlebot_gazebo.egg-info/dependency_links.txt
[1.047s] writing entry points to ../../build/puzzlebot_gazebo/puzzlebot_gazebo.egg-info/entry_points.txt
[1.047s] writing requirements to ../../build/puzzlebot_gazebo/puzzlebot_gazebo.egg-info/requires.txt
[1.047s] writing top-level names to ../../build/puzzlebot_gazebo/puzzlebot_gazebo.egg-info/top_level.txt
[1.049s] reading manifest file '../../build/puzzlebot_gazebo/puzzlebot_gazebo.egg-info/SOURCES.txt'
[1.049s] writing manifest file '../../build/puzzlebot_gazebo/puzzlebot_gazebo.egg-info/SOURCES.txt'
[1.050s] running build
[1.050s] running build_py
[1.050s] running install
[1.050s] running install_lib
[1.051s] running install_data
[1.051s] running install_egg_info
[1.053s] removing '/root/ROS2Activities/workspace/challenge3_ws/install/puzzlebot_gazebo/lib/python3.10/site-packages/puzzlebot_gazebo-0.0.0-py3.10.egg-info' (and everything under it)
[1.054s] Copying ../../build/puzzlebot_gazebo/puzzlebot_gazebo.egg-info to /root/ROS2Activities/workspace/challenge3_ws/install/puzzlebot_gazebo/lib/python3.10/site-packages/puzzlebot_gazebo-0.0.0-py3.10.egg-info
[1.054s] running install_scripts
[1.076s] writing list of installed files to '/root/ROS2Activities/workspace/challenge3_ws/build/puzzlebot_gazebo/install.log'
[1.111s] Invoked command in '/root/ROS2Activities/workspace/challenge3_ws/src/puzzlebot_gazebo' returned '0': PYTHONPATH=/root/ROS2Activities/workspace/challenge3_ws/build/puzzlebot_gazebo/prefix_override:/root/ROS2Activities/workspace/challenge3_ws/install/puzzlebot_gazebo/lib/python3.10/site-packages:${PYTHONPATH} /usr/bin/python3 -W ignore:setup.py install is deprecated setup.py egg_info --egg-base ../../build/puzzlebot_gazebo build --build-base /root/ROS2Activities/workspace/challenge3_ws/build/puzzlebot_gazebo/build install --record /root/ROS2Activities/workspace/challenge3_ws/build/puzzlebot_gazebo/install.log --single-version-externally-managed install_data
