running egg_info
writing ../../build/localization/localization.egg-info/PKG-INFO
writing dependency_links to ../../build/localization/localization.egg-info/dependency_links.txt
writing entry points to ../../build/localization/localization.egg-info/entry_points.txt
writing requirements to ../../build/localization/localization.egg-info/requires.txt
writing top-level names to ../../build/localization/localization.egg-info/top_level.txt
reading manifest file '../../build/localization/localization.egg-info/SOURCES.txt'
adding license file 'LICENSE'
writing manifest file '../../build/localization/localization.egg-info/SOURCES.txt'
running build
running build_py
copying localization/localization.py -> /root/ROS2Activities/workspace/challenge2_ws/build/localization/build/lib/localization
copying localization/kinematic_model.py -> /root/ROS2Activities/workspace/challenge2_ws/build/localization/build/lib/localization
running install
running install_lib
copying /root/ROS2Activities/workspace/challenge2_ws/build/localization/build/lib/localization/localization.py -> /root/ROS2Activities/workspace/challenge2_ws/install/localization/lib/python3.10/site-packages/localization
copying /root/ROS2Activities/workspace/challenge2_ws/build/localization/build/lib/localization/kinematic_model.py -> /root/ROS2Activities/workspace/challenge2_ws/install/localization/lib/python3.10/site-packages/localization
byte-compiling /root/ROS2Activities/workspace/challenge2_ws/install/localization/lib/python3.10/site-packages/localization/localization.py to localization.cpython-310.pyc
byte-compiling /root/ROS2Activities/workspace/challenge2_ws/install/localization/lib/python3.10/site-packages/localization/kinematic_model.py to kinematic_model.cpython-310.pyc
running install_data
running install_egg_info
removing '/root/ROS2Activities/workspace/challenge2_ws/install/localization/lib/python3.10/site-packages/localization-0.0.0-py3.10.egg-info' (and everything under it)
Copying ../../build/localization/localization.egg-info to /root/ROS2Activities/workspace/challenge2_ws/install/localization/lib/python3.10/site-packages/localization-0.0.0-py3.10.egg-info
running install_scripts
Installing kinematic_model script to /root/ROS2Activities/workspace/challenge2_ws/install/localization/lib/localization
Installing localization script to /root/ROS2Activities/workspace/challenge2_ws/install/localization/lib/localization
Installing transform script to /root/ROS2Activities/workspace/challenge2_ws/install/localization/lib/localization
writing list of installed files to '/root/ROS2Activities/workspace/challenge2_ws/build/localization/install.log'
