[0.020s] Invoking command in '/root/ROS2Activities/workspace/challenge3_ws/build/gazebo_ros2_control': CMAKE_PREFIX_PATH=${CMAKE_PREFIX_PATH}:/opt/ros/humble /usr/bin/cmake /root/ROS2Activities/workspace/challenge3_ws/src/gazebo_ros2_control/gazebo_ros2_control -DCMAKE_INSTALL_PREFIX=/root/ROS2Activities/workspace/challenge3_ws/install/gazebo_ros2_control
[0.367s] -- The C compiler identification is GNU 11.4.0
[0.367s] -- The CXX compiler identification is GNU 11.4.0
[0.368s] -- Detecting C compiler ABI info
[0.368s] -- Detecting C compiler ABI info - done
[0.368s] -- Check for working C compiler: /usr/bin/cc - skipped
[0.369s] -- Detecting C compile features
[0.369s] -- Detecting C compile features - done
[0.369s] -- Detecting CXX compiler ABI info
[0.369s] -- Detecting CXX compiler ABI info - done
[0.370s] -- Check for working CXX compiler: /usr/bin/c++ - skipped
[0.370s] -- Detecting CXX compile features
[0.370s] -- Detecting CXX compile features - done
[0.370s] -- Found ament_cmake: 1.3.8 (/opt/ros/humble/share/ament_cmake/cmake)
[0.370s] -- Found Python3: /usr/bin/python3 (found version "3.10.12") found components: Interpreter 
[0.391s] -- Found angles: 1.15.0 (/opt/ros/humble/share/angles/cmake)
[0.395s] -- Found controller_manager: 2.40.0 (/opt/ros/humble/share/controller_manager/cmake)
[0.436s] -- Found rosidl_generator_c: 3.1.5 (/opt/ros/humble/share/rosidl_generator_c/cmake)
[0.440s] -- Found rosidl_adapter: 3.1.5 (/opt/ros/humble/share/rosidl_adapter/cmake)
[0.447s] -- Found rosidl_generator_cpp: 3.1.5 (/opt/ros/humble/share/rosidl_generator_cpp/cmake)
[0.458s] -- Using all available rosidl_typesupport_c: rosidl_typesupport_fastrtps_c;rosidl_typesupport_introspection_c
[0.473s] -- Using all available rosidl_typesupport_cpp: rosidl_typesupport_fastrtps_cpp;rosidl_typesupport_introspection_cpp
[1.102s] -- Found rmw_implementation_cmake: 6.1.1 (/opt/ros/humble/share/rmw_implementation_cmake/cmake)
[1.105s] -- Found rmw_fastrtps_cpp: 6.2.6 (/opt/ros/humble/share/rmw_fastrtps_cpp/cmake)
[1.144s] -- Found TinyXML2 via Config file: TinyXML2_DIR-NOTFOUND
[1.175s] -- Found OpenSSL: /usr/lib/x86_64-linux-gnu/libcrypto.so (found version "3.0.2")  
[1.177s] -- Found TinyXML2 via Config file: TinyXML2_DIR-NOTFOUND
[1.186s] -- Found FastRTPS: /opt/ros/humble/include  
[1.192s] -- Found TinyXML2 via Config file: TinyXML2_DIR-NOTFOUND
[1.197s] -- Found TinyXML2 via Config file: TinyXML2_DIR-NOTFOUND
[1.203s] -- Using RMW implementation 'rmw_fastrtps_cpp' as default
[1.212s] -- Looking for pthread.h
[1.256s] -- Looking for pthread.h - found
[1.256s] -- Performing Test CMAKE_HAVE_LIBC_PTHREAD
[1.301s] -- Performing Test CMAKE_HAVE_LIBC_PTHREAD - Success
[1.302s] -- Found Threads: TRUE  
[1.717s] -- Found control_toolbox: 3.2.0 (/opt/ros/humble/share/control_toolbox/cmake)
[1.752s] -- Found parameter_traits: 0.3.8 (/opt/ros/humble/share/parameter_traits/cmake)
[1.780s] -- Found gazebo_dev: 3.7.0 (/opt/ros/humble/share/gazebo_dev/cmake)
[1.787s] -- Found PkgConfig: /usr/bin/pkg-config (found version "0.29.2") 
[1.787s] -- Checking for module 'bullet>=2.82'
[1.794s] --   Found bullet, version 3.05
[1.862s] -- Found fcl: /usr/include (found suitable version "0.7.0", minimum required is "0.5.0") 
[1.899s] -- Found assimp: /usr/include (found version "5.2.0") 
[1.924s] -- Found DART: /usr/include (Required is at least version "6.6") found components: dart 
[1.951s] -- Found Boost: /usr/lib/x86_64-linux-gnu/cmake/Boost-1.74.0/BoostConfig.cmake (found suitable version "1.74.0", minimum required is "1.40.0") found components: thread system filesystem program_options regex iostreams date_time 
[1.971s] -- Found Protobuf: /usr/lib/x86_64-linux-gnu/libprotobuf.so (found version "3.12.4") 
[1.976s] -- Looking for ignition-math6 -- found version 6.15.1
[1.985s] -- Searching for dependencies of ignition-math6
[1.989s] -- Looking for OGRE...
[1.989s] -- OGRE_PREFIX_WATCH changed.
[1.992s] -- Checking for module 'OGRE'
[1.999s] --   Found OGRE, version 1.9.0
[2.016s] -- Found Ogre Ghadamon (1.9.0)
[2.019s] -- Found OGRE: optimized;/usr/lib/x86_64-linux-gnu/libOgreMain.so;debug;/usr/lib/x86_64-linux-gnu/libOgreMain.so
[2.025s] -- Looking for OGRE_Paging...
[2.028s] -- Found OGRE_Paging: optimized;/usr/lib/x86_64-linux-gnu/libOgrePaging.so;debug;/usr/lib/x86_64-linux-gnu/libOgrePaging.so
[2.028s] -- Looking for OGRE_Terrain...
[2.031s] -- Found OGRE_Terrain: optimized;/usr/lib/x86_64-linux-gnu/libOgreTerrain.so;debug;/usr/lib/x86_64-linux-gnu/libOgreTerrain.so
[2.031s] -- Looking for OGRE_Property...
[2.033s] -- Found OGRE_Property: optimized;/usr/lib/x86_64-linux-gnu/libOgreProperty.so;debug;/usr/lib/x86_64-linux-gnu/libOgreProperty.so
[2.033s] -- Looking for OGRE_RTShaderSystem...
[2.035s] -- Found OGRE_RTShaderSystem: optimized;/usr/lib/x86_64-linux-gnu/libOgreRTShaderSystem.so;debug;/usr/lib/x86_64-linux-gnu/libOgreRTShaderSystem.so
[2.036s] -- Looking for OGRE_Volume...
[2.038s] -- Found OGRE_Volume: optimized;/usr/lib/x86_64-linux-gnu/libOgreVolume.so;debug;/usr/lib/x86_64-linux-gnu/libOgreVolume.so
[2.038s] -- Looking for OGRE_Overlay...
[2.041s] -- Found OGRE_Overlay: optimized;/usr/lib/x86_64-linux-gnu/libOgreOverlay.so;debug;/usr/lib/x86_64-linux-gnu/libOgreOverlay.so
[2.087s] -- Looking for ignition-math6 -- found version 6.15.1
[2.090s] -- Looking for ignition-transport8 -- found version 8.2.1
[2.090s] -- Searching for dependencies of ignition-transport8
[2.105s] -- Found Protobuf: /usr/lib/x86_64-linux-gnu/libprotobuf.so (found suitable version "3.12.4", minimum required is "3") 
[2.115s] -- Config-file not installed for ZeroMQ -- checking for pkg-config
[2.117s] -- Checking for module 'libzmq >= 4'
[2.126s] --   Found libzmq , version 4.3.4
[2.146s] -- Found ZeroMQ: TRUE (Required is at least version "4") 
[2.150s] -- Checking for module 'uuid'
[2.157s] --   Found uuid, version 2.37.2
[2.175s] -- Found UUID: TRUE  
[2.178s] -- Looking for ignition-msgs5 -- found version 5.8.1
[2.178s] -- Searching for dependencies of ignition-msgs5
[2.193s] -- Looking for ignition-math6 -- found version 6.15.1
[2.196s] -- Checking for module 'tinyxml2'
[2.203s] --   Found tinyxml2, version 9.0.0
[2.222s] -- Looking for ignition-msgs5 -- found version 5.8.1
[2.226s] -- Looking for ignition-common3 -- found version 3.14.0
[2.226s] -- Searching for dependencies of ignition-common3
[2.227s] -- Looking for dlfcn.h - found
[2.227s] -- Looking for libdl - found
[2.228s] -- Found DL: TRUE  
[2.236s] -- Found tinyobjloader: /usr/lib/x86_64-linux-gnu/cmake/tinyobjloader/tinyobjloader-config.cmake (found version "2.0.0") 
[2.237s] -- Searching for <ignition-common3> component [graphics]
[2.239s] -- Looking for ignition-common3-graphics -- found version 3.14.0
[2.240s] -- Searching for dependencies of ignition-common3-graphics
[2.240s] -- Looking for ignition-math6 -- found version 6.15.1
[2.243s] -- Looking for ignition-fuel_tools4 -- found version 4.4.0
[2.243s] -- Searching for dependencies of ignition-fuel_tools4
[2.288s] -- Found CURL: /usr/lib/x86_64-linux-gnu/libcurl.so (found version "7.81.0")  
[2.296s] -- Checking for module 'jsoncpp'
[2.303s] --   Found jsoncpp, version 1.9.5
[2.322s] -- Found JSONCPP: TRUE  
[2.326s] -- Checking for module 'libzip'
[2.334s] --   Found libzip, version 1.7.3
[2.360s] -- Found ZIP: TRUE  
[2.360s] -- Looking for ignition-common3 -- found version 3.14.0
[2.361s] -- Looking for ignition-math6 -- found version 6.15.1
[2.361s] -- Looking for ignition-msgs5 -- found version 5.8.1
[2.366s] -- Gazebo version: 11.10
[2.366s] -- Checking for module 'tbb'
[2.373s] --   Found tbb, version 2021.5.0
[2.393s] -- Found gazebo_ros: 3.7.0 (/opt/ros/humble/share/gazebo_ros/cmake)
[2.401s] -- Found yaml_cpp_vendor: 8.0.2 (/opt/ros/humble/share/yaml_cpp_vendor/cmake)
[2.813s] -- Found ament_cmake_gtest: 1.3.8 (/opt/ros/humble/share/ament_cmake_gtest/cmake)
[2.816s] -- Found ament_lint_auto: 0.12.10 (/opt/ros/humble/share/ament_lint_auto/cmake)
[2.885s] -- Added test 'copyright' to check source files copyright and LICENSE
[2.886s] -- Added test 'cppcheck' to perform static code analysis on C / C++ code
[2.886s] -- Configured cppcheck include dirs: /root/ROS2Activities/workspace/challenge3_ws/src/gazebo_ros2_control/gazebo_ros2_control/include
[2.886s] -- Configured cppcheck exclude dirs and/or files: 
[2.887s] -- Added test 'cpplint' to check C / C++ code against the Google style
[2.887s] -- Configured cpplint exclude dirs and/or files: 
[2.888s] -- Added test 'lint_cmake' to check CMake code style
[2.889s] -- Added test 'uncrustify' to check C / C++ code style
[2.889s] -- Configured uncrustify additional arguments: 
[2.890s] -- Added test 'xmllint' to check XML markup files
[2.891s] -- Configuring done
[2.955s] -- Generating done
[2.957s] -- Build files have been written to: /root/ROS2Activities/workspace/challenge3_ws/build/gazebo_ros2_control
[2.968s] Invoked command in '/root/ROS2Activities/workspace/challenge3_ws/build/gazebo_ros2_control' returned '0': CMAKE_PREFIX_PATH=${CMAKE_PREFIX_PATH}:/opt/ros/humble /usr/bin/cmake /root/ROS2Activities/workspace/challenge3_ws/src/gazebo_ros2_control/gazebo_ros2_control -DCMAKE_INSTALL_PREFIX=/root/ROS2Activities/workspace/challenge3_ws/install/gazebo_ros2_control
[2.969s] Invoking command in '/root/ROS2Activities/workspace/challenge3_ws/build/gazebo_ros2_control': CMAKE_PREFIX_PATH=${CMAKE_PREFIX_PATH}:/opt/ros/humble /usr/bin/cmake --build /root/ROS2Activities/workspace/challenge3_ws/build/gazebo_ros2_control -- -j16 -l16
[2.999s] [ 25%] [32mBuilding CXX object CMakeFiles/gazebo_ros2_control.dir/src/gazebo_ros2_control_plugin.cpp.o[0m
[2.999s] [ 50%] [32mBuilding CXX object CMakeFiles/gazebo_hardware_plugins.dir/src/gazebo_system.cpp.o[0m
[11.497s] [ 75%] [32m[1mLinking CXX shared library libgazebo_hardware_plugins.so[0m
[11.911s] [ 75%] Built target gazebo_hardware_plugins
[12.551s] [100%] [32m[1mLinking CXX shared library libgazebo_ros2_control.so[0m
[12.987s] [100%] Built target gazebo_ros2_control
[12.993s] Invoked command in '/root/ROS2Activities/workspace/challenge3_ws/build/gazebo_ros2_control' returned '0': CMAKE_PREFIX_PATH=${CMAKE_PREFIX_PATH}:/opt/ros/humble /usr/bin/cmake --build /root/ROS2Activities/workspace/challenge3_ws/build/gazebo_ros2_control -- -j16 -l16
[13.015s] Invoking command in '/root/ROS2Activities/workspace/challenge3_ws/build/gazebo_ros2_control': CMAKE_PREFIX_PATH=${CMAKE_PREFIX_PATH}:/opt/ros/humble /usr/bin/cmake --install /root/ROS2Activities/workspace/challenge3_ws/build/gazebo_ros2_control
[13.019s] -- Install configuration: ""
[13.019s] -- Installing: /root/ROS2Activities/workspace/challenge3_ws/install/gazebo_ros2_control/lib/libgazebo_ros2_control.so
[13.021s] -- Set runtime path of "/root/ROS2Activities/workspace/challenge3_ws/install/gazebo_ros2_control/lib/libgazebo_ros2_control.so" to ""
[13.021s] -- Installing: /root/ROS2Activities/workspace/challenge3_ws/install/gazebo_ros2_control/lib/libgazebo_hardware_plugins.so
[13.022s] -- Set runtime path of "/root/ROS2Activities/workspace/challenge3_ws/install/gazebo_ros2_control/lib/libgazebo_hardware_plugins.so" to ""
[13.022s] -- Installing: /root/ROS2Activities/workspace/challenge3_ws/install/gazebo_ros2_control/share/gazebo_ros2_control/environment/library_path.sh
[13.023s] -- Installing: /root/ROS2Activities/workspace/challenge3_ws/install/gazebo_ros2_control/share/gazebo_ros2_control/environment/library_path.dsv
[13.023s] -- Installing: /root/ROS2Activities/workspace/challenge3_ws/install/gazebo_ros2_control/include/gazebo_ros2_control
[13.023s] -- Installing: /root/ROS2Activities/workspace/challenge3_ws/install/gazebo_ros2_control/include/gazebo_ros2_control/gazebo_ros2_control_plugin.hpp
[13.023s] -- Installing: /root/ROS2Activities/workspace/challenge3_ws/install/gazebo_ros2_control/include/gazebo_ros2_control/gazebo_system_interface.hpp
[13.023s] -- Installing: /root/ROS2Activities/workspace/challenge3_ws/install/gazebo_ros2_control/include/gazebo_ros2_control/gazebo_system.hpp
[13.024s] -- Installing: /root/ROS2Activities/workspace/challenge3_ws/install/gazebo_ros2_control/share/gazebo_ros2_control/gazebo_hardware_plugins.xml
[13.024s] -- Installing: /root/ROS2Activities/workspace/challenge3_ws/install/gazebo_ros2_control/share/ament_index/resource_index/package_run_dependencies/gazebo_ros2_control
[13.024s] -- Installing: /root/ROS2Activities/workspace/challenge3_ws/install/gazebo_ros2_control/share/ament_index/resource_index/parent_prefix_path/gazebo_ros2_control
[13.024s] -- Installing: /root/ROS2Activities/workspace/challenge3_ws/install/gazebo_ros2_control/share/gazebo_ros2_control/environment/ament_prefix_path.sh
[13.024s] -- Installing: /root/ROS2Activities/workspace/challenge3_ws/install/gazebo_ros2_control/share/gazebo_ros2_control/environment/ament_prefix_path.dsv
[13.024s] -- Installing: /root/ROS2Activities/workspace/challenge3_ws/install/gazebo_ros2_control/share/gazebo_ros2_control/environment/path.sh
[13.024s] -- Installing: /root/ROS2Activities/workspace/challenge3_ws/install/gazebo_ros2_control/share/gazebo_ros2_control/environment/path.dsv
[13.024s] -- Installing: /root/ROS2Activities/workspace/challenge3_ws/install/gazebo_ros2_control/share/gazebo_ros2_control/local_setup.bash
[13.024s] -- Installing: /root/ROS2Activities/workspace/challenge3_ws/install/gazebo_ros2_control/share/gazebo_ros2_control/local_setup.sh
[13.024s] -- Installing: /root/ROS2Activities/workspace/challenge3_ws/install/gazebo_ros2_control/share/gazebo_ros2_control/local_setup.zsh
[13.024s] -- Installing: /root/ROS2Activities/workspace/challenge3_ws/install/gazebo_ros2_control/share/gazebo_ros2_control/local_setup.dsv
[13.025s] -- Installing: /root/ROS2Activities/workspace/challenge3_ws/install/gazebo_ros2_control/share/gazebo_ros2_control/package.dsv
[13.025s] -- Installing: /root/ROS2Activities/workspace/challenge3_ws/install/gazebo_ros2_control/share/ament_index/resource_index/packages/gazebo_ros2_control
[13.025s] -- Installing: /root/ROS2Activities/workspace/challenge3_ws/install/gazebo_ros2_control/share/ament_index/resource_index/gazebo_ros2_control__pluginlib__plugin/gazebo_ros2_control
[13.026s] -- Installing: /root/ROS2Activities/workspace/challenge3_ws/install/gazebo_ros2_control/share/gazebo_ros2_control/cmake/ament_cmake_export_include_directories-extras.cmake
[13.026s] -- Installing: /root/ROS2Activities/workspace/challenge3_ws/install/gazebo_ros2_control/share/gazebo_ros2_control/cmake/ament_cmake_export_dependencies-extras.cmake
[13.027s] -- Installing: /root/ROS2Activities/workspace/challenge3_ws/install/gazebo_ros2_control/share/gazebo_ros2_control/cmake/ament_cmake_export_libraries-extras.cmake
[13.027s] -- Installing: /root/ROS2Activities/workspace/challenge3_ws/install/gazebo_ros2_control/share/gazebo_ros2_control/cmake/gazebo_ros2_controlConfig.cmake
[13.027s] -- Installing: /root/ROS2Activities/workspace/challenge3_ws/install/gazebo_ros2_control/share/gazebo_ros2_control/cmake/gazebo_ros2_controlConfig-version.cmake
[13.027s] -- Installing: /root/ROS2Activities/workspace/challenge3_ws/install/gazebo_ros2_control/share/gazebo_ros2_control/package.xml
[13.027s] Invoked command in '/root/ROS2Activities/workspace/challenge3_ws/build/gazebo_ros2_control' returned '0': CMAKE_PREFIX_PATH=${CMAKE_PREFIX_PATH}:/opt/ros/humble /usr/bin/cmake --install /root/ROS2Activities/workspace/challenge3_ws/build/gazebo_ros2_control
