running develop
Removing /root/workspace/challenge1_ws/install/slm_sim/lib/python3.10/site-packages/slm-sim.egg-link (link to .)
running egg_info
writing ../../build/slm_sim/slm_sim.egg-info/PKG-INFO
writing dependency_links to ../../build/slm_sim/slm_sim.egg-info/dependency_links.txt
writing entry points to ../../build/slm_sim/slm_sim.egg-info/entry_points.txt
writing requirements to ../../build/slm_sim/slm_sim.egg-info/requires.txt
writing top-level names to ../../build/slm_sim/slm_sim.egg-info/top_level.txt
reading manifest file '../../build/slm_sim/slm_sim.egg-info/SOURCES.txt'
adding license file 'LICENSE'
writing manifest file '../../build/slm_sim/slm_sim.egg-info/SOURCES.txt'
running build
running build_py
creating /root/workspace/challenge1_ws/build/slm_sim/build
creating /root/workspace/challenge1_ws/build/slm_sim/build/lib
creating /root/workspace/challenge1_ws/build/slm_sim/build/lib/slm_sim
copying slm_sim/__init__.py -> /root/workspace/challenge1_ws/build/slm_sim/build/lib/slm_sim
running install
running install_lib
creating /root/workspace/challenge1_ws/install/slm_sim/lib/python3.10/site-packages/slm_sim
copying /root/workspace/challenge1_ws/build/slm_sim/build/lib/slm_sim/__init__.py -> /root/workspace/challenge1_ws/install/slm_sim/lib/python3.10/site-packages/slm_sim
byte-compiling /root/workspace/challenge1_ws/install/slm_sim/lib/python3.10/site-packages/slm_sim/__init__.py to __init__.cpython-310.pyc
running install_data
copying resource/slm_sim -> /root/workspace/challenge1_ws/install/slm_sim/share/ament_index/resource_index/packages
copying package.xml -> /root/workspace/challenge1_ws/install/slm_sim/share/slm_sim
copying launch/slm_sim.launch.py -> /root/workspace/challenge1_ws/install/slm_sim/share/slm_sim/launch
copying urdf/pendulum.urdf.xml -> /root/workspace/challenge1_ws/install/slm_sim/share/slm_sim
copying urdf/pendulum.rviz -> /root/workspace/challenge1_ws/install/slm_sim/share/slm_sim
copying meshes/Base_2.stl -> /root/workspace/challenge1_ws/install/slm_sim/share/slm_sim
copying meshes/Arm_2.stl -> /root/workspace/challenge1_ws/install/slm_sim/share/slm_sim
running install_egg_info
Copying ../../build/slm_sim/slm_sim.egg-info to /root/workspace/challenge1_ws/install/slm_sim/lib/python3.10/site-packages/slm_sim-0.0.0-py3.10.egg-info
running install_scripts
Installing init script to /root/workspace/challenge1_ws/install/slm_sim/lib/slm_sim
writing list of installed files to '/root/workspace/challenge1_ws/build/slm_sim/install.log'
