[0.826s] Invoking command in '/root/ROS2Activities/workspace/challenge3_ws/src/puzzlebot_gazebo': PYTHONPATH=/root/ROS2Activities/workspace/challenge3_ws/build/puzzlebot_gazebo/prefix_override:/root/ROS2Activities/workspace/challenge3_ws/install/puzzlebot_gazebo/lib/python3.10/site-packages:${PYTHONPATH} /usr/bin/python3 -W ignore:setup.py install is deprecated setup.py egg_info --egg-base ../../build/puzzlebot_gazebo build --build-base /root/ROS2Activities/workspace/challenge3_ws/build/puzzlebot_gazebo/build install --record /root/ROS2Activities/workspace/challenge3_ws/build/puzzlebot_gazebo/install.log --single-version-externally-managed install_data
[1.013s] running egg_info
[1.014s] creating ../../build/puzzlebot_gazebo/puzzlebot_gazebo.egg-info
[1.014s] writing ../../build/puzzlebot_gazebo/puzzlebot_gazebo.egg-info/PKG-INFO
[1.014s] writing dependency_links to ../../build/puzzlebot_gazebo/puzzlebot_gazebo.egg-info/dependency_links.txt
[1.014s] writing entry points to ../../build/puzzlebot_gazebo/puzzlebot_gazebo.egg-info/entry_points.txt
[1.014s] writing requirements to ../../build/puzzlebot_gazebo/puzzlebot_gazebo.egg-info/requires.txt
[1.014s] writing top-level names to ../../build/puzzlebot_gazebo/puzzlebot_gazebo.egg-info/top_level.txt
[1.014s] writing manifest file '../../build/puzzlebot_gazebo/puzzlebot_gazebo.egg-info/SOURCES.txt'
[1.016s] reading manifest file '../../build/puzzlebot_gazebo/puzzlebot_gazebo.egg-info/SOURCES.txt'
[1.017s] writing manifest file '../../build/puzzlebot_gazebo/puzzlebot_gazebo.egg-info/SOURCES.txt'
[1.017s] running build
[1.017s] running build_py
[1.017s] creating /root/ROS2Activities/workspace/challenge3_ws/build/puzzlebot_gazebo/build
[1.017s] creating /root/ROS2Activities/workspace/challenge3_ws/build/puzzlebot_gazebo/build/lib
[1.017s] creating /root/ROS2Activities/workspace/challenge3_ws/build/puzzlebot_gazebo/build/lib/puzzlebot_gazebo
[1.017s] copying puzzlebot_gazebo/__init__.py -> /root/ROS2Activities/workspace/challenge3_ws/build/puzzlebot_gazebo/build/lib/puzzlebot_gazebo
[1.017s] running install
[1.018s] running install_lib
[1.019s] creating /root/ROS2Activities/workspace/challenge3_ws/install/puzzlebot_gazebo/lib/python3.10/site-packages/puzzlebot_gazebo
[1.020s] copying /root/ROS2Activities/workspace/challenge3_ws/build/puzzlebot_gazebo/build/lib/puzzlebot_gazebo/__init__.py -> /root/ROS2Activities/workspace/challenge3_ws/install/puzzlebot_gazebo/lib/python3.10/site-packages/puzzlebot_gazebo
[1.020s] byte-compiling /root/ROS2Activities/workspace/challenge3_ws/install/puzzlebot_gazebo/lib/python3.10/site-packages/puzzlebot_gazebo/__init__.py to __init__.cpython-310.pyc
[1.020s] running install_data
[1.020s] copying package.xml -> /root/ROS2Activities/workspace/challenge3_ws/install/puzzlebot_gazebo/share/puzzlebot_gazebo
[1.021s] creating /root/ROS2Activities/workspace/challenge3_ws/install/puzzlebot_gazebo/share/puzzlebot_gazebo/launch
[1.021s] copying launch/puzzlebot_spawner.launch.py -> /root/ROS2Activities/workspace/challenge3_ws/install/puzzlebot_gazebo/share/puzzlebot_gazebo/launch
[1.021s] copying launch/gazebo_world.launch.py -> /root/ROS2Activities/workspace/challenge3_ws/install/puzzlebot_gazebo/share/puzzlebot_gazebo/launch
[1.021s] copying launch/puzzlebot_gazebo.launch.py -> /root/ROS2Activities/workspace/challenge3_ws/install/puzzlebot_gazebo/share/puzzlebot_gazebo/launch
[1.021s] creating /root/ROS2Activities/workspace/challenge3_ws/install/puzzlebot_gazebo/share/puzzlebot_gazebo/meshes
[1.021s] creating /root/ROS2Activities/workspace/challenge3_ws/install/puzzlebot_gazebo/share/puzzlebot_gazebo/resource
[1.021s] copying resource/puzzlebot_gazebo -> /root/ROS2Activities/workspace/challenge3_ws/install/puzzlebot_gazebo/share/puzzlebot_gazebo/resource
[1.021s] running install_egg_info
[1.022s] Copying ../../build/puzzlebot_gazebo/puzzlebot_gazebo.egg-info to /root/ROS2Activities/workspace/challenge3_ws/install/puzzlebot_gazebo/lib/python3.10/site-packages/puzzlebot_gazebo-0.0.0-py3.10.egg-info
[1.023s] running install_scripts
[1.043s] writing list of installed files to '/root/ROS2Activities/workspace/challenge3_ws/build/puzzlebot_gazebo/install.log'
[1.079s] Invoked command in '/root/ROS2Activities/workspace/challenge3_ws/src/puzzlebot_gazebo' returned '0': PYTHONPATH=/root/ROS2Activities/workspace/challenge3_ws/build/puzzlebot_gazebo/prefix_override:/root/ROS2Activities/workspace/challenge3_ws/install/puzzlebot_gazebo/lib/python3.10/site-packages:${PYTHONPATH} /usr/bin/python3 -W ignore:setup.py install is deprecated setup.py egg_info --egg-base ../../build/puzzlebot_gazebo build --build-base /root/ROS2Activities/workspace/challenge3_ws/build/puzzlebot_gazebo/build install --record /root/ROS2Activities/workspace/challenge3_ws/build/puzzlebot_gazebo/install.log --single-version-externally-managed install_data
