running egg_info
writing ../../build/slm_sim/slm_sim.egg-info/PKG-INFO
writing dependency_links to ../../build/slm_sim/slm_sim.egg-info/dependency_links.txt
writing entry points to ../../build/slm_sim/slm_sim.egg-info/entry_points.txt
writing requirements to ../../build/slm_sim/slm_sim.egg-info/requires.txt
writing top-level names to ../../build/slm_sim/slm_sim.egg-info/top_level.txt
reading manifest file '../../build/slm_sim/slm_sim.egg-info/SOURCES.txt'
adding license file 'LICENSE'
writing manifest file '../../build/slm_sim/slm_sim.egg-info/SOURCES.txt'
running build
running build_py
copying slm_sim/__init__.py -> /root/workspace/challenge1_ws/build/slm_sim/build/lib/slm_sim
running install
running install_lib
copying /root/workspace/challenge1_ws/build/slm_sim/build/lib/slm_sim/__init__.py -> /root/workspace/challenge1_ws/install/slm_sim/lib/python3.10/site-packages/slm_sim
byte-compiling /root/workspace/challenge1_ws/install/slm_sim/lib/python3.10/site-packages/slm_sim/__init__.py to __init__.cpython-310.pyc
running install_data
running install_egg_info
removing '/root/workspace/challenge1_ws/install/slm_sim/lib/python3.10/site-packages/slm_sim-0.0.0-py3.10.egg-info' (and everything under it)
Copying ../../build/slm_sim/slm_sim.egg-info to /root/workspace/challenge1_ws/install/slm_sim/lib/python3.10/site-packages/slm_sim-0.0.0-py3.10.egg-info
running install_scripts
Installing init script to /root/workspace/challenge1_ws/install/slm_sim/lib/slm_sim
writing list of installed files to '/root/workspace/challenge1_ws/build/slm_sim/install.log'
