[0.347s] Invoking command in '/root/ROS2Activities/workspace/challenge2_ws/src/localization': PYTHONPATH=/root/ROS2Activities/workspace/challenge2_ws/build/localization/prefix_override:/root/ROS2Activities/workspace/challenge2_ws/install/localization/lib/python3.10/site-packages:${PYTHONPATH} /usr/bin/python3 -W ignore:setup.py install is deprecated setup.py egg_info --egg-base ../../build/localization build --build-base /root/ROS2Activities/workspace/challenge2_ws/build/localization/build install --record /root/ROS2Activities/workspace/challenge2_ws/build/localization/install.log --single-version-externally-managed install_data
[0.487s] running egg_info
[0.487s] writing ../../build/localization/localization.egg-info/PKG-INFO
[0.487s] writing dependency_links to ../../build/localization/localization.egg-info/dependency_links.txt
[0.487s] writing entry points to ../../build/localization/localization.egg-info/entry_points.txt
[0.487s] writing requirements to ../../build/localization/localization.egg-info/requires.txt
[0.488s] writing top-level names to ../../build/localization/localization.egg-info/top_level.txt
[0.489s] reading manifest file '../../build/localization/localization.egg-info/SOURCES.txt'
[0.489s] adding license file 'LICENSE'
[0.490s] writing manifest file '../../build/localization/localization.egg-info/SOURCES.txt'
[0.490s] running build
[0.490s] running build_py
[0.490s] running install
[0.490s] running install_lib
[0.491s] running install_data
[0.491s] running install_egg_info
[0.492s] removing '/root/ROS2Activities/workspace/challenge2_ws/install/localization/lib/python3.10/site-packages/localization-0.0.0-py3.10.egg-info' (and everything under it)
[0.492s] Copying ../../build/localization/localization.egg-info to /root/ROS2Activities/workspace/challenge2_ws/install/localization/lib/python3.10/site-packages/localization-0.0.0-py3.10.egg-info
[0.493s] running install_scripts
[0.507s] Installing controller script to /root/ROS2Activities/workspace/challenge2_ws/install/localization/lib/localization
[0.507s] Installing joint_state_node script to /root/ROS2Activities/workspace/challenge2_ws/install/localization/lib/localization
[0.507s] Installing kinematic_model script to /root/ROS2Activities/workspace/challenge2_ws/install/localization/lib/localization
[0.507s] Installing localization script to /root/ROS2Activities/workspace/challenge2_ws/install/localization/lib/localization
[0.507s] Installing transform script to /root/ROS2Activities/workspace/challenge2_ws/install/localization/lib/localization
[0.507s] writing list of installed files to '/root/ROS2Activities/workspace/challenge2_ws/build/localization/install.log'
[0.523s] Invoked command in '/root/ROS2Activities/workspace/challenge2_ws/src/localization' returned '0': PYTHONPATH=/root/ROS2Activities/workspace/challenge2_ws/build/localization/prefix_override:/root/ROS2Activities/workspace/challenge2_ws/install/localization/lib/python3.10/site-packages:${PYTHONPATH} /usr/bin/python3 -W ignore:setup.py install is deprecated setup.py egg_info --egg-base ../../build/localization build --build-base /root/ROS2Activities/workspace/challenge2_ws/build/localization/build install --record /root/ROS2Activities/workspace/challenge2_ws/build/localization/install.log --single-version-externally-managed install_data
