running egg_info
creating ../../build/puzzlebot_description/puzzlebot_description.egg-info
writing ../../build/puzzlebot_description/puzzlebot_description.egg-info/PKG-INFO
writing dependency_links to ../../build/puzzlebot_description/puzzlebot_description.egg-info/dependency_links.txt
writing entry points to ../../build/puzzlebot_description/puzzlebot_description.egg-info/entry_points.txt
writing requirements to ../../build/puzzlebot_description/puzzlebot_description.egg-info/requires.txt
writing top-level names to ../../build/puzzlebot_description/puzzlebot_description.egg-info/top_level.txt
writing manifest file '../../build/puzzlebot_description/puzzlebot_description.egg-info/SOURCES.txt'
reading manifest file '../../build/puzzlebot_description/puzzlebot_description.egg-info/SOURCES.txt'
writing manifest file '../../build/puzzlebot_description/puzzlebot_description.egg-info/SOURCES.txt'
running build
running build_py
creating /root/ROS2Activities/workspace/challenge3_ws/build/puzzlebot_description/build
creating /root/ROS2Activities/workspace/challenge3_ws/build/puzzlebot_description/build/lib
creating /root/ROS2Activities/workspace/challenge3_ws/build/puzzlebot_description/build/lib/puzzlebot_description
copying puzzlebot_description/__init__.py -> /root/ROS2Activities/workspace/challenge3_ws/build/puzzlebot_description/build/lib/puzzlebot_description
running install
running install_lib
creating /root/ROS2Activities/workspace/challenge3_ws/install/puzzlebot_description/lib/python3.10/site-packages/puzzlebot_description
copying /root/ROS2Activities/workspace/challenge3_ws/build/puzzlebot_description/build/lib/puzzlebot_description/__init__.py -> /root/ROS2Activities/workspace/challenge3_ws/install/puzzlebot_description/lib/python3.10/site-packages/puzzlebot_description
byte-compiling /root/ROS2Activities/workspace/challenge3_ws/install/puzzlebot_description/lib/python3.10/site-packages/puzzlebot_description/__init__.py to __init__.cpython-310.pyc
running install_data
copying package.xml -> /root/ROS2Activities/workspace/challenge3_ws/install/puzzlebot_description/share/puzzlebot_description
creating /root/ROS2Activities/workspace/challenge3_ws/install/puzzlebot_description/share/puzzlebot_description/launch
copying launch/puzzlebot_joints_test.launch.py -> /root/ROS2Activities/workspace/challenge3_ws/install/puzzlebot_description/share/puzzlebot_description/launch
creating /root/ROS2Activities/workspace/challenge3_ws/install/puzzlebot_description/share/puzzlebot_description/resource
copying resource/puzzlebot_description -> /root/ROS2Activities/workspace/challenge3_ws/install/puzzlebot_description/share/puzzlebot_description/resource
running install_egg_info
Copying ../../build/puzzlebot_description/puzzlebot_description.egg-info to /root/ROS2Activities/workspace/challenge3_ws/install/puzzlebot_description/lib/python3.10/site-packages/puzzlebot_description-0.0.0-py3.10.egg-info
running install_scripts
writing list of installed files to '/root/ROS2Activities/workspace/challenge3_ws/build/puzzlebot_description/install.log'
