[0.825s] Invoking command in '/root/ROS2Activities/workspace/challenge3_ws/src/puzzlebot_description': PYTHONPATH=/root/ROS2Activities/workspace/challenge3_ws/build/puzzlebot_description/prefix_override:/root/ROS2Activities/workspace/challenge3_ws/install/puzzlebot_description/lib/python3.10/site-packages:${PYTHONPATH} /usr/bin/python3 -W ignore:setup.py install is deprecated setup.py egg_info --egg-base ../../build/puzzlebot_description build --build-base /root/ROS2Activities/workspace/challenge3_ws/build/puzzlebot_description/build install --record /root/ROS2Activities/workspace/challenge3_ws/build/puzzlebot_description/install.log --single-version-externally-managed install_data
[1.016s] running egg_info
[1.017s] creating ../../build/puzzlebot_description/puzzlebot_description.egg-info
[1.017s] writing ../../build/puzzlebot_description/puzzlebot_description.egg-info/PKG-INFO
[1.017s] writing dependency_links to ../../build/puzzlebot_description/puzzlebot_description.egg-info/dependency_links.txt
[1.017s] writing entry points to ../../build/puzzlebot_description/puzzlebot_description.egg-info/entry_points.txt
[1.017s] writing requirements to ../../build/puzzlebot_description/puzzlebot_description.egg-info/requires.txt
[1.017s] writing top-level names to ../../build/puzzlebot_description/puzzlebot_description.egg-info/top_level.txt
[1.017s] writing manifest file '../../build/puzzlebot_description/puzzlebot_description.egg-info/SOURCES.txt'
[1.018s] reading manifest file '../../build/puzzlebot_description/puzzlebot_description.egg-info/SOURCES.txt'
[1.020s] writing manifest file '../../build/puzzlebot_description/puzzlebot_description.egg-info/SOURCES.txt'
[1.020s] running build
[1.020s] running build_py
[1.020s] creating /root/ROS2Activities/workspace/challenge3_ws/build/puzzlebot_description/build
[1.020s] creating /root/ROS2Activities/workspace/challenge3_ws/build/puzzlebot_description/build/lib
[1.020s] creating /root/ROS2Activities/workspace/challenge3_ws/build/puzzlebot_description/build/lib/puzzlebot_description
[1.020s] copying puzzlebot_description/__init__.py -> /root/ROS2Activities/workspace/challenge3_ws/build/puzzlebot_description/build/lib/puzzlebot_description
[1.020s] running install
[1.021s] running install_lib
[1.021s] creating /root/ROS2Activities/workspace/challenge3_ws/install/puzzlebot_description/lib/python3.10/site-packages/puzzlebot_description
[1.021s] copying /root/ROS2Activities/workspace/challenge3_ws/build/puzzlebot_description/build/lib/puzzlebot_description/__init__.py -> /root/ROS2Activities/workspace/challenge3_ws/install/puzzlebot_description/lib/python3.10/site-packages/puzzlebot_description
[1.021s] byte-compiling /root/ROS2Activities/workspace/challenge3_ws/install/puzzlebot_description/lib/python3.10/site-packages/puzzlebot_description/__init__.py to __init__.cpython-310.pyc
[1.022s] running install_data
[1.022s] copying package.xml -> /root/ROS2Activities/workspace/challenge3_ws/install/puzzlebot_description/share/puzzlebot_description
[1.022s] creating /root/ROS2Activities/workspace/challenge3_ws/install/puzzlebot_description/share/puzzlebot_description/launch
[1.023s] copying launch/puzzlebot_joints_test.launch.py -> /root/ROS2Activities/workspace/challenge3_ws/install/puzzlebot_description/share/puzzlebot_description/launch
[1.023s] creating /root/ROS2Activities/workspace/challenge3_ws/install/puzzlebot_description/share/puzzlebot_description/resource
[1.023s] copying resource/puzzlebot_description -> /root/ROS2Activities/workspace/challenge3_ws/install/puzzlebot_description/share/puzzlebot_description/resource
[1.023s] running install_egg_info
[1.025s] Copying ../../build/puzzlebot_description/puzzlebot_description.egg-info to /root/ROS2Activities/workspace/challenge3_ws/install/puzzlebot_description/lib/python3.10/site-packages/puzzlebot_description-0.0.0-py3.10.egg-info
[1.026s] running install_scripts
[1.046s] writing list of installed files to '/root/ROS2Activities/workspace/challenge3_ws/build/puzzlebot_description/install.log'
[1.066s] Invoked command in '/root/ROS2Activities/workspace/challenge3_ws/src/puzzlebot_description' returned '0': PYTHONPATH=/root/ROS2Activities/workspace/challenge3_ws/build/puzzlebot_description/prefix_override:/root/ROS2Activities/workspace/challenge3_ws/install/puzzlebot_description/lib/python3.10/site-packages:${PYTHONPATH} /usr/bin/python3 -W ignore:setup.py install is deprecated setup.py egg_info --egg-base ../../build/puzzlebot_description build --build-base /root/ROS2Activities/workspace/challenge3_ws/build/puzzlebot_description/build install --record /root/ROS2Activities/workspace/challenge3_ws/build/puzzlebot_description/install.log --single-version-externally-managed install_data
