/root/ROS2Activities/workspace/challenge2_ws/install/localization/lib/python3.10/site-packages/localization/localization.py
/root/ROS2Activities/workspace/challenge2_ws/install/localization/lib/python3.10/site-packages/localization/__init__.py
/root/ROS2Activities/workspace/challenge2_ws/install/localization/lib/python3.10/site-packages/localization/kinematic_model.py
/root/ROS2Activities/workspace/challenge2_ws/install/localization/lib/python3.10/site-packages/localization/__pycache__/localization.cpython-310.pyc
/root/ROS2Activities/workspace/challenge2_ws/install/localization/lib/python3.10/site-packages/localization/__pycache__/__init__.cpython-310.pyc
/root/ROS2Activities/workspace/challenge2_ws/install/localization/lib/python3.10/site-packages/localization/__pycache__/kinematic_model.cpython-310.pyc
/root/ROS2Activities/workspace/challenge2_ws/install/localization/share/ament_index/resource_index/packages/localization
/root/ROS2Activities/workspace/challenge2_ws/install/localization/share/localization/package.xml
/root/ROS2Activities/workspace/challenge2_ws/install/localization/share/localization/launch/puzzlebot_rviz.launch.py
/root/ROS2Activities/workspace/challenge2_ws/install/localization/share/localization/puzzlebot_jetson_ed_urdf.urdf
/root/ROS2Activities/workspace/challenge2_ws/install/localization/share/localization/meshes/camera.stl
/root/ROS2Activities/workspace/challenge2_ws/install/localization/share/localization/meshes/MCR2_1000_13_Chassis.stl
/root/ROS2Activities/workspace/challenge2_ws/install/localization/share/localization/meshes/PuzzleBot.stl
/root/ROS2Activities/workspace/challenge2_ws/install/localization/share/localization/meshes/MCR2_1000_1_1_Wheel_Coupler_2.stl
/root/ROS2Activities/workspace/challenge2_ws/install/localization/lib/python3.10/site-packages/localization-0.0.0-py3.10.egg-info/dependency_links.txt
/root/ROS2Activities/workspace/challenge2_ws/install/localization/lib/python3.10/site-packages/localization-0.0.0-py3.10.egg-info/requires.txt
/root/ROS2Activities/workspace/challenge2_ws/install/localization/lib/python3.10/site-packages/localization-0.0.0-py3.10.egg-info/top_level.txt
/root/ROS2Activities/workspace/challenge2_ws/install/localization/lib/python3.10/site-packages/localization-0.0.0-py3.10.egg-info/entry_points.txt
/root/ROS2Activities/workspace/challenge2_ws/install/localization/lib/python3.10/site-packages/localization-0.0.0-py3.10.egg-info/SOURCES.txt
/root/ROS2Activities/workspace/challenge2_ws/install/localization/lib/python3.10/site-packages/localization-0.0.0-py3.10.egg-info/PKG-INFO
/root/ROS2Activities/workspace/challenge2_ws/install/localization/lib/python3.10/site-packages/localization-0.0.0-py3.10.egg-info/zip-safe
/root/ROS2Activities/workspace/challenge2_ws/install/localization/lib/localization/kinematic_model
/root/ROS2Activities/workspace/challenge2_ws/install/localization/lib/localization/localization
