running egg_info
creating ../../build/localization/localization.egg-info
writing ../../build/localization/localization.egg-info/PKG-INFO
writing dependency_links to ../../build/localization/localization.egg-info/dependency_links.txt
writing entry points to ../../build/localization/localization.egg-info/entry_points.txt
writing requirements to ../../build/localization/localization.egg-info/requires.txt
writing top-level names to ../../build/localization/localization.egg-info/top_level.txt
writing manifest file '../../build/localization/localization.egg-info/SOURCES.txt'
reading manifest file '../../build/localization/localization.egg-info/SOURCES.txt'
adding license file 'LICENSE'
writing manifest file '../../build/localization/localization.egg-info/SOURCES.txt'
running build
running build_py
creating /root/ROS2Activities/workspace/challenge2_ws/build/localization/build
creating /root/ROS2Activities/workspace/challenge2_ws/build/localization/build/lib
creating /root/ROS2Activities/workspace/challenge2_ws/build/localization/build/lib/localization
copying localization/localization.py -> /root/ROS2Activities/workspace/challenge2_ws/build/localization/build/lib/localization
copying localization/__init__.py -> /root/ROS2Activities/workspace/challenge2_ws/build/localization/build/lib/localization
copying localization/transform.py -> /root/ROS2Activities/workspace/challenge2_ws/build/localization/build/lib/localization
copying localization/kinematic_model.py -> /root/ROS2Activities/workspace/challenge2_ws/build/localization/build/lib/localization
running install
running install_lib
creating /root/ROS2Activities/workspace/challenge2_ws/install/localization/lib/python3.10/site-packages/localization
copying /root/ROS2Activities/workspace/challenge2_ws/build/localization/build/lib/localization/localization.py -> /root/ROS2Activities/workspace/challenge2_ws/install/localization/lib/python3.10/site-packages/localization
copying /root/ROS2Activities/workspace/challenge2_ws/build/localization/build/lib/localization/__init__.py -> /root/ROS2Activities/workspace/challenge2_ws/install/localization/lib/python3.10/site-packages/localization
copying /root/ROS2Activities/workspace/challenge2_ws/build/localization/build/lib/localization/transform.py -> /root/ROS2Activities/workspace/challenge2_ws/install/localization/lib/python3.10/site-packages/localization
copying /root/ROS2Activities/workspace/challenge2_ws/build/localization/build/lib/localization/kinematic_model.py -> /root/ROS2Activities/workspace/challenge2_ws/install/localization/lib/python3.10/site-packages/localization
byte-compiling /root/ROS2Activities/workspace/challenge2_ws/install/localization/lib/python3.10/site-packages/localization/localization.py to localization.cpython-310.pyc
byte-compiling /root/ROS2Activities/workspace/challenge2_ws/install/localization/lib/python3.10/site-packages/localization/__init__.py to __init__.cpython-310.pyc
byte-compiling /root/ROS2Activities/workspace/challenge2_ws/install/localization/lib/python3.10/site-packages/localization/transform.py to transform.cpython-310.pyc
byte-compiling /root/ROS2Activities/workspace/challenge2_ws/install/localization/lib/python3.10/site-packages/localization/kinematic_model.py to kinematic_model.cpython-310.pyc
running install_data
creating /root/ROS2Activities/workspace/challenge2_ws/install/localization/share/ament_index
creating /root/ROS2Activities/workspace/challenge2_ws/install/localization/share/ament_index/resource_index
creating /root/ROS2Activities/workspace/challenge2_ws/install/localization/share/ament_index/resource_index/packages
copying resource/localization -> /root/ROS2Activities/workspace/challenge2_ws/install/localization/share/ament_index/resource_index/packages
copying package.xml -> /root/ROS2Activities/workspace/challenge2_ws/install/localization/share/localization
creating /root/ROS2Activities/workspace/challenge2_ws/install/localization/share/localization/launch
copying launch/puzzlebot_rviz.launch.py -> /root/ROS2Activities/workspace/challenge2_ws/install/localization/share/localization/launch
copying urdf/puzzlebot_jetson_ed_urdf.urdf -> /root/ROS2Activities/workspace/challenge2_ws/install/localization/share/localization
creating /root/ROS2Activities/workspace/challenge2_ws/install/localization/share/localization/meshes
copying meshes/camera.stl -> /root/ROS2Activities/workspace/challenge2_ws/install/localization/share/localization/meshes
copying meshes/MCR2_1000_13_Chassis.stl -> /root/ROS2Activities/workspace/challenge2_ws/install/localization/share/localization/meshes
copying meshes/PuzzleBot.stl -> /root/ROS2Activities/workspace/challenge2_ws/install/localization/share/localization/meshes
copying meshes/MCR2_1000_1_1_Wheel_Coupler_2.stl -> /root/ROS2Activities/workspace/challenge2_ws/install/localization/share/localization/meshes
running install_egg_info
Copying ../../build/localization/localization.egg-info to /root/ROS2Activities/workspace/challenge2_ws/install/localization/lib/python3.10/site-packages/localization-0.0.0-py3.10.egg-info
running install_scripts
Installing kinematic_model script to /root/ROS2Activities/workspace/challenge2_ws/install/localization/lib/localization
Installing localization script to /root/ROS2Activities/workspace/challenge2_ws/install/localization/lib/localization
Installing transform script to /root/ROS2Activities/workspace/challenge2_ws/install/localization/lib/localization
writing list of installed files to '/root/ROS2Activities/workspace/challenge2_ws/build/localization/install.log'
