[0.343s] Invoking command in '/root/ROS2Activities/workspace/challenge2_ws/src/localization': PYTHONPATH=/root/ROS2Activities/workspace/challenge2_ws/build/localization/prefix_override:/root/ROS2Activities/workspace/challenge2_ws/install/localization/lib/python3.10/site-packages:${PYTHONPATH} /usr/bin/python3 -W ignore:setup.py install is deprecated setup.py egg_info --egg-base ../../build/localization build --build-base /root/ROS2Activities/workspace/challenge2_ws/build/localization/build install --record /root/ROS2Activities/workspace/challenge2_ws/build/localization/install.log --single-version-externally-managed install_data
[0.479s] running egg_info
[0.480s] creating ../../build/localization/localization.egg-info
[0.480s] writing ../../build/localization/localization.egg-info/PKG-INFO
[0.480s] writing dependency_links to ../../build/localization/localization.egg-info/dependency_links.txt
[0.480s] writing entry points to ../../build/localization/localization.egg-info/entry_points.txt
[0.480s] writing requirements to ../../build/localization/localization.egg-info/requires.txt
[0.480s] writing top-level names to ../../build/localization/localization.egg-info/top_level.txt
[0.480s] writing manifest file '../../build/localization/localization.egg-info/SOURCES.txt'
[0.481s] reading manifest file '../../build/localization/localization.egg-info/SOURCES.txt'
[0.481s] adding license file 'LICENSE'
[0.482s] writing manifest file '../../build/localization/localization.egg-info/SOURCES.txt'
[0.482s] running build
[0.482s] running build_py
[0.482s] creating /root/ROS2Activities/workspace/challenge2_ws/build/localization/build
[0.482s] creating /root/ROS2Activities/workspace/challenge2_ws/build/localization/build/lib
[0.482s] creating /root/ROS2Activities/workspace/challenge2_ws/build/localization/build/lib/localization
[0.482s] copying localization/__init__.py -> /root/ROS2Activities/workspace/challenge2_ws/build/localization/build/lib/localization
[0.482s] copying localization/kinematic_model.py -> /root/ROS2Activities/workspace/challenge2_ws/build/localization/build/lib/localization
[0.482s] running install
[0.482s] running install_lib
[0.483s] creating /root/ROS2Activities/workspace/challenge2_ws/install/localization/lib/python3.10/site-packages/localization
[0.483s] copying /root/ROS2Activities/workspace/challenge2_ws/build/localization/build/lib/localization/__init__.py -> /root/ROS2Activities/workspace/challenge2_ws/install/localization/lib/python3.10/site-packages/localization
[0.483s] copying /root/ROS2Activities/workspace/challenge2_ws/build/localization/build/lib/localization/kinematic_model.py -> /root/ROS2Activities/workspace/challenge2_ws/install/localization/lib/python3.10/site-packages/localization
[0.483s] byte-compiling /root/ROS2Activities/workspace/challenge2_ws/install/localization/lib/python3.10/site-packages/localization/__init__.py to __init__.cpython-310.pyc
[0.483s] byte-compiling /root/ROS2Activities/workspace/challenge2_ws/install/localization/lib/python3.10/site-packages/localization/kinematic_model.py to kinematic_model.cpython-310.pyc
[0.484s] running install_data
[0.484s] creating /root/ROS2Activities/workspace/challenge2_ws/install/localization/share/ament_index
[0.484s] creating /root/ROS2Activities/workspace/challenge2_ws/install/localization/share/ament_index/resource_index
[0.484s] creating /root/ROS2Activities/workspace/challenge2_ws/install/localization/share/ament_index/resource_index/packages
[0.484s] copying resource/localization -> /root/ROS2Activities/workspace/challenge2_ws/install/localization/share/ament_index/resource_index/packages
[0.484s] copying package.xml -> /root/ROS2Activities/workspace/challenge2_ws/install/localization/share/localization
[0.484s] creating /root/ROS2Activities/workspace/challenge2_ws/install/localization/share/localization/launch
[0.484s] copying launch/puzzlebot_rviz.launch.py -> /root/ROS2Activities/workspace/challenge2_ws/install/localization/share/localization/launch
[0.484s] copying urdf/puzzlebot_jetson_ed_urdf.urdf -> /root/ROS2Activities/workspace/challenge2_ws/install/localization/share/localization
[0.484s] creating /root/ROS2Activities/workspace/challenge2_ws/install/localization/share/localization/meshes
[0.484s] copying meshes/camera.stl -> /root/ROS2Activities/workspace/challenge2_ws/install/localization/share/localization/meshes
[0.485s] copying meshes/MCR2_1000_13_Chassis.stl -> /root/ROS2Activities/workspace/challenge2_ws/install/localization/share/localization/meshes
[0.489s] copying meshes/PuzzleBot.stl -> /root/ROS2Activities/workspace/challenge2_ws/install/localization/share/localization/meshes
[0.493s] copying meshes/MCR2_1000_1_1_Wheel_Coupler_2.stl -> /root/ROS2Activities/workspace/challenge2_ws/install/localization/share/localization/meshes
[0.493s] running install_egg_info
[0.494s] Copying ../../build/localization/localization.egg-info to /root/ROS2Activities/workspace/challenge2_ws/install/localization/lib/python3.10/site-packages/localization-0.0.0-py3.10.egg-info
[0.495s] running install_scripts
[0.508s] Installing kinematic_model script to /root/ROS2Activities/workspace/challenge2_ws/install/localization/lib/localization
[0.509s] writing list of installed files to '/root/ROS2Activities/workspace/challenge2_ws/build/localization/install.log'
[0.522s] Invoked command in '/root/ROS2Activities/workspace/challenge2_ws/src/localization' returned '0': PYTHONPATH=/root/ROS2Activities/workspace/challenge2_ws/build/localization/prefix_override:/root/ROS2Activities/workspace/challenge2_ws/install/localization/lib/python3.10/site-packages:${PYTHONPATH} /usr/bin/python3 -W ignore:setup.py install is deprecated setup.py egg_info --egg-base ../../build/localization build --build-base /root/ROS2Activities/workspace/challenge2_ws/build/localization/build install --record /root/ROS2Activities/workspace/challenge2_ws/build/localization/install.log --single-version-externally-managed install_data
