[0.328s] Invoking command in '/root/ROS2Activities/workspace/challenge2_ws/src/localization': PYTHONPATH=/root/ROS2Activities/workspace/challenge2_ws/build/localization/prefix_override:/root/ROS2Activities/workspace/challenge2_ws/install/localization/lib/python3.10/site-packages: /usr/bin/python3 -W ignore:setup.py install is deprecated setup.py egg_info --egg-base ../../build/localization build --build-base /root/ROS2Activities/workspace/challenge2_ws/build/localization/build install --record /root/ROS2Activities/workspace/challenge2_ws/build/localization/install.log --single-version-externally-managed install_data
[0.436s] running egg_info
[0.436s] writing ../../build/localization/localization.egg-info/PKG-INFO
[0.436s] writing dependency_links to ../../build/localization/localization.egg-info/dependency_links.txt
[0.437s] writing entry points to ../../build/localization/localization.egg-info/entry_points.txt
[0.437s] writing requirements to ../../build/localization/localization.egg-info/requires.txt
[0.437s] writing top-level names to ../../build/localization/localization.egg-info/top_level.txt
[0.437s] reading manifest file '../../build/localization/localization.egg-info/SOURCES.txt'
[0.438s] adding license file 'LICENSE'
[0.439s] writing manifest file '../../build/localization/localization.egg-info/SOURCES.txt'
[0.439s] running build
[0.439s] running build_py
[0.439s] copying localization/localization.py -> /root/ROS2Activities/workspace/challenge2_ws/build/localization/build/lib/localization
[0.439s] copying localization/kinematic_model.py -> /root/ROS2Activities/workspace/challenge2_ws/build/localization/build/lib/localization
[0.439s] running install
[0.439s] running install_lib
[0.440s] copying /root/ROS2Activities/workspace/challenge2_ws/build/localization/build/lib/localization/localization.py -> /root/ROS2Activities/workspace/challenge2_ws/install/localization/lib/python3.10/site-packages/localization
[0.440s] copying /root/ROS2Activities/workspace/challenge2_ws/build/localization/build/lib/localization/kinematic_model.py -> /root/ROS2Activities/workspace/challenge2_ws/install/localization/lib/python3.10/site-packages/localization
[0.440s] byte-compiling /root/ROS2Activities/workspace/challenge2_ws/install/localization/lib/python3.10/site-packages/localization/localization.py to localization.cpython-310.pyc
[0.441s] byte-compiling /root/ROS2Activities/workspace/challenge2_ws/install/localization/lib/python3.10/site-packages/localization/kinematic_model.py to kinematic_model.cpython-310.pyc
[0.441s] running install_data
[0.441s] copying urdf/puzzlebot_jetson_ed_urdf.urdf -> /root/ROS2Activities/workspace/challenge2_ws/install/localization/share/localization
[0.441s] running install_egg_info
[0.442s] removing '/root/ROS2Activities/workspace/challenge2_ws/install/localization/lib/python3.10/site-packages/localization-0.0.0-py3.10.egg-info' (and everything under it)
[0.442s] Copying ../../build/localization/localization.egg-info to /root/ROS2Activities/workspace/challenge2_ws/install/localization/lib/python3.10/site-packages/localization-0.0.0-py3.10.egg-info
[0.443s] running install_scripts
[0.456s] Installing kinematic_model script to /root/ROS2Activities/workspace/challenge2_ws/install/localization/lib/localization
[0.456s] Installing localization script to /root/ROS2Activities/workspace/challenge2_ws/install/localization/lib/localization
[0.457s] writing list of installed files to '/root/ROS2Activities/workspace/challenge2_ws/build/localization/install.log'
[0.472s] Invoked command in '/root/ROS2Activities/workspace/challenge2_ws/src/localization' returned '0': PYTHONPATH=/root/ROS2Activities/workspace/challenge2_ws/build/localization/prefix_override:/root/ROS2Activities/workspace/challenge2_ws/install/localization/lib/python3.10/site-packages: /usr/bin/python3 -W ignore:setup.py install is deprecated setup.py egg_info --egg-base ../../build/localization build --build-base /root/ROS2Activities/workspace/challenge2_ws/build/localization/build install --record /root/ROS2Activities/workspace/challenge2_ws/build/localization/install.log --single-version-externally-managed install_data
