[0.535s] Invoking command in '/root/ROS2Activities/workspace/challenge3_ws/src/puzzlebot_desciption': PYTHONPATH=/root/ROS2Activities/workspace/challenge3_ws/build/puzzlebot_desciption/prefix_override:/root/ROS2Activities/workspace/challenge3_ws/install/puzzlebot_desciption/lib/python3.10/site-packages:${PYTHONPATH} /usr/bin/python3 -W ignore:setup.py install is deprecated setup.py egg_info --egg-base ../../build/puzzlebot_desciption build --build-base /root/ROS2Activities/workspace/challenge3_ws/build/puzzlebot_desciption/build install --record /root/ROS2Activities/workspace/challenge3_ws/build/puzzlebot_desciption/install.log --single-version-externally-managed install_data
[0.679s] running egg_info
[0.680s] creating ../../build/puzzlebot_desciption/puzzlebot_desciption.egg-info
[0.680s] writing ../../build/puzzlebot_desciption/puzzlebot_desciption.egg-info/PKG-INFO
[0.680s] writing dependency_links to ../../build/puzzlebot_desciption/puzzlebot_desciption.egg-info/dependency_links.txt
[0.680s] writing entry points to ../../build/puzzlebot_desciption/puzzlebot_desciption.egg-info/entry_points.txt
[0.680s] writing requirements to ../../build/puzzlebot_desciption/puzzlebot_desciption.egg-info/requires.txt
[0.680s] writing top-level names to ../../build/puzzlebot_desciption/puzzlebot_desciption.egg-info/top_level.txt
[0.680s] writing manifest file '../../build/puzzlebot_desciption/puzzlebot_desciption.egg-info/SOURCES.txt'
[0.681s] reading manifest file '../../build/puzzlebot_desciption/puzzlebot_desciption.egg-info/SOURCES.txt'
[0.681s] writing manifest file '../../build/puzzlebot_desciption/puzzlebot_desciption.egg-info/SOURCES.txt'
[0.681s] running build
[0.681s] running build_py
[0.681s] creating /root/ROS2Activities/workspace/challenge3_ws/build/puzzlebot_desciption/build
[0.682s] creating /root/ROS2Activities/workspace/challenge3_ws/build/puzzlebot_desciption/build/lib
[0.682s] creating /root/ROS2Activities/workspace/challenge3_ws/build/puzzlebot_desciption/build/lib/puzzlebot_desciption
[0.682s] copying puzzlebot_desciption/__init__.py -> /root/ROS2Activities/workspace/challenge3_ws/build/puzzlebot_desciption/build/lib/puzzlebot_desciption
[0.682s] running install
[0.682s] running install_lib
[0.683s] creating /root/ROS2Activities/workspace/challenge3_ws/install/puzzlebot_desciption/lib/python3.10/site-packages/puzzlebot_desciption
[0.683s] copying /root/ROS2Activities/workspace/challenge3_ws/build/puzzlebot_desciption/build/lib/puzzlebot_desciption/__init__.py -> /root/ROS2Activities/workspace/challenge3_ws/install/puzzlebot_desciption/lib/python3.10/site-packages/puzzlebot_desciption
[0.683s] byte-compiling /root/ROS2Activities/workspace/challenge3_ws/install/puzzlebot_desciption/lib/python3.10/site-packages/puzzlebot_desciption/__init__.py to __init__.cpython-310.pyc
[0.683s] running install_data
[0.683s] copying package.xml -> /root/ROS2Activities/workspace/challenge3_ws/install/puzzlebot_desciption/share/puzzlebot_desciption
[0.683s] creating /root/ROS2Activities/workspace/challenge3_ws/install/puzzlebot_desciption/share/puzzlebot_desciption/launch
[0.683s] copying launch/puzzlebot_joints_test.launch.py -> /root/ROS2Activities/workspace/challenge3_ws/install/puzzlebot_desciption/share/puzzlebot_desciption/launch
[0.683s] creating /root/ROS2Activities/workspace/challenge3_ws/install/puzzlebot_desciption/share/puzzlebot_desciption/resource
[0.683s] copying resource/puzzlebot_desciption -> /root/ROS2Activities/workspace/challenge3_ws/install/puzzlebot_desciption/share/puzzlebot_desciption/resource
[0.683s] running install_egg_info
[0.684s] Copying ../../build/puzzlebot_desciption/puzzlebot_desciption.egg-info to /root/ROS2Activities/workspace/challenge3_ws/install/puzzlebot_desciption/lib/python3.10/site-packages/puzzlebot_desciption-0.0.0-py3.10.egg-info
[0.684s] running install_scripts
[0.697s] writing list of installed files to '/root/ROS2Activities/workspace/challenge3_ws/build/puzzlebot_desciption/install.log'
[0.721s] Invoked command in '/root/ROS2Activities/workspace/challenge3_ws/src/puzzlebot_desciption' returned '0': PYTHONPATH=/root/ROS2Activities/workspace/challenge3_ws/build/puzzlebot_desciption/prefix_override:/root/ROS2Activities/workspace/challenge3_ws/install/puzzlebot_desciption/lib/python3.10/site-packages:${PYTHONPATH} /usr/bin/python3 -W ignore:setup.py install is deprecated setup.py egg_info --egg-base ../../build/puzzlebot_desciption build --build-base /root/ROS2Activities/workspace/challenge3_ws/build/puzzlebot_desciption/build install --record /root/ROS2Activities/workspace/challenge3_ws/build/puzzlebot_desciption/install.log --single-version-externally-managed install_data
