running egg_info
creating ../../build/puzzlebot_control/puzzlebot_control.egg-info
writing ../../build/puzzlebot_control/puzzlebot_control.egg-info/PKG-INFO
writing dependency_links to ../../build/puzzlebot_control/puzzlebot_control.egg-info/dependency_links.txt
writing entry points to ../../build/puzzlebot_control/puzzlebot_control.egg-info/entry_points.txt
writing requirements to ../../build/puzzlebot_control/puzzlebot_control.egg-info/requires.txt
writing top-level names to ../../build/puzzlebot_control/puzzlebot_control.egg-info/top_level.txt
writing manifest file '../../build/puzzlebot_control/puzzlebot_control.egg-info/SOURCES.txt'
reading manifest file '../../build/puzzlebot_control/puzzlebot_control.egg-info/SOURCES.txt'
writing manifest file '../../build/puzzlebot_control/puzzlebot_control.egg-info/SOURCES.txt'
running build
running build_py
creating /root/ROS2Activities/workspace/challenge3_ws/build/puzzlebot_control/build
creating /root/ROS2Activities/workspace/challenge3_ws/build/puzzlebot_control/build/lib
creating /root/ROS2Activities/workspace/challenge3_ws/build/puzzlebot_control/build/lib/puzzlebot_control
copying puzzlebot_control/__init__.py -> /root/ROS2Activities/workspace/challenge3_ws/build/puzzlebot_control/build/lib/puzzlebot_control
copying puzzlebot_control/wheel_vel.py -> /root/ROS2Activities/workspace/challenge3_ws/build/puzzlebot_control/build/lib/puzzlebot_control
running install
running install_lib
creating /root/ROS2Activities/workspace/challenge3_ws/install/puzzlebot_control/lib/python3.10/site-packages/puzzlebot_control
copying /root/ROS2Activities/workspace/challenge3_ws/build/puzzlebot_control/build/lib/puzzlebot_control/__init__.py -> /root/ROS2Activities/workspace/challenge3_ws/install/puzzlebot_control/lib/python3.10/site-packages/puzzlebot_control
copying /root/ROS2Activities/workspace/challenge3_ws/build/puzzlebot_control/build/lib/puzzlebot_control/wheel_vel.py -> /root/ROS2Activities/workspace/challenge3_ws/install/puzzlebot_control/lib/python3.10/site-packages/puzzlebot_control
byte-compiling /root/ROS2Activities/workspace/challenge3_ws/install/puzzlebot_control/lib/python3.10/site-packages/puzzlebot_control/__init__.py to __init__.cpython-310.pyc
byte-compiling /root/ROS2Activities/workspace/challenge3_ws/install/puzzlebot_control/lib/python3.10/site-packages/puzzlebot_control/wheel_vel.py to wheel_vel.cpython-310.pyc
running install_data
copying package.xml -> /root/ROS2Activities/workspace/challenge3_ws/install/puzzlebot_control/share/puzzlebot_control
creating /root/ROS2Activities/workspace/challenge3_ws/install/puzzlebot_control/share/puzzlebot_control/launch
copying launch/puzzlebot_control.launch.py -> /root/ROS2Activities/workspace/challenge3_ws/install/puzzlebot_control/share/puzzlebot_control/launch
creating /root/ROS2Activities/workspace/challenge3_ws/install/puzzlebot_control/share/puzzlebot_control/resource
copying resource/puzzlebot_control -> /root/ROS2Activities/workspace/challenge3_ws/install/puzzlebot_control/share/puzzlebot_control/resource
creating /root/ROS2Activities/workspace/challenge3_ws/install/puzzlebot_control/share/puzzlebot_control/config
copying config/puzzlebot_joint_states.yaml -> /root/ROS2Activities/workspace/challenge3_ws/install/puzzlebot_control/share/puzzlebot_control/config
copying config/puzzlebot_gazebo_control.yaml -> /root/ROS2Activities/workspace/challenge3_ws/install/puzzlebot_control/share/puzzlebot_control/config
copying config/puzzlebot_diff_control.yaml -> /root/ROS2Activities/workspace/challenge3_ws/install/puzzlebot_control/share/puzzlebot_control/config
running install_egg_info
Copying ../../build/puzzlebot_control/puzzlebot_control.egg-info to /root/ROS2Activities/workspace/challenge3_ws/install/puzzlebot_control/lib/python3.10/site-packages/puzzlebot_control-0.0.0-py3.10.egg-info
running install_scripts
Installing wheel_Vel script to /root/ROS2Activities/workspace/challenge3_ws/install/puzzlebot_control/lib/puzzlebot_control
writing list of installed files to '/root/ROS2Activities/workspace/challenge3_ws/build/puzzlebot_control/install.log'
