[0.075s] DEBUG:colcon:Command line arguments: ['/usr/bin/colcon', 'build', '--symlink-install', '--packages-select', 'slm_sim']
[0.075s] DEBUG:colcon:Parsed command line arguments: Namespace(log_base=None, log_level=None, verb_name='build', build_base='build', install_base='install', merge_install=False, symlink_install=True, test_result_base=None, continue_on_error=False, executor='parallel', parallel_workers=16, event_handlers=None, ignore_user_meta=False, metas=['./colcon.meta'], base_paths=['.'], packages_ignore=None, packages_ignore_regex=None, paths=None, packages_up_to=None, packages_up_to_regex=None, packages_above=None, packages_above_and_dependencies=None, packages_above_depth=None, packages_select_by_dep=None, packages_skip_by_dep=None, packages_skip_up_to=None, packages_select_build_failed=False, packages_skip_build_finished=False, packages_select_test_failures=False, packages_skip_test_passed=False, packages_select=['slm_sim'], packages_skip=None, packages_select_regex=None, packages_skip_regex=None, packages_start=None, packages_end=None, cmake_args=None, cmake_target=None, cmake_target_skip_unavailable=False, cmake_clean_cache=False, cmake_clean_first=False, cmake_force_configure=False, ament_cmake_args=None, catkin_cmake_args=None, catkin_skip_building_tests=False, mixin_files=None, mixin=None, verb_parser=<colcon_mixin.mixin.mixin_argument.MixinArgumentDecorator object at 0x7f7da645c250>, verb_extension=<colcon_core.verb.build.BuildVerb object at 0x7f7da666b790>, main=<bound method BuildVerb.main of <colcon_core.verb.build.BuildVerb object at 0x7f7da666b790>>, mixin_verb=('build',))
[0.172s] Level 1:colcon.colcon_core.package_discovery:discover_packages(colcon_meta) check parameters
[0.172s] INFO:colcon.colcon_metadata.package_discovery.colcon_meta:Using configuration from '/root/.colcon/metadata/default/Gazebo.meta'
[0.173s] INFO:colcon.colcon_metadata.package_discovery.colcon_meta:Using configuration from '/root/.colcon/metadata/default/fastrtps.meta'
[0.173s] Level 1:colcon.colcon_core.package_discovery:discover_packages(recursive) check parameters
[0.173s] Level 1:colcon.colcon_core.package_discovery:discover_packages(ignore) check parameters
[0.173s] Level 1:colcon.colcon_core.package_discovery:discover_packages(path) check parameters
[0.173s] Level 1:colcon.colcon_core.package_discovery:discover_packages(colcon_meta) discover
[0.173s] Level 1:colcon.colcon_core.package_discovery:discover_packages(recursive) discover
[0.173s] INFO:colcon.colcon_core.package_discovery:Crawling recursively for packages in '/root/workspace/challenge1_ws'
[0.173s] Level 1:colcon.colcon_core.package_identification:_identify(.) by extensions ['ignore', 'ignore_ament_install']
[0.173s] Level 1:colcon.colcon_core.package_identification:_identify(.) by extension 'ignore'
[0.173s] Level 1:colcon.colcon_core.package_identification:_identify(.) by extension 'ignore_ament_install'
[0.173s] Level 1:colcon.colcon_core.package_identification:_identify(.) by extensions ['colcon_pkg']
[0.173s] Level 1:colcon.colcon_core.package_identification:_identify(.) by extension 'colcon_pkg'
[0.173s] Level 1:colcon.colcon_core.package_identification:_identify(.) by extensions ['colcon_meta']
[0.173s] Level 1:colcon.colcon_core.package_identification:_identify(.) by extension 'colcon_meta'
[0.173s] Level 1:colcon.colcon_core.package_identification:_identify(.) by extensions ['ros']
[0.173s] Level 1:colcon.colcon_core.package_identification:_identify(.) by extension 'ros'
[0.181s] Level 1:colcon.colcon_core.package_identification:_identify(.) by extensions ['cmake', 'python']
[0.181s] Level 1:colcon.colcon_core.package_identification:_identify(.) by extension 'cmake'
[0.181s] Level 1:colcon.colcon_core.package_identification:_identify(.) by extension 'python'
[0.181s] Level 1:colcon.colcon_core.package_identification:_identify(.) by extensions ['python_setup_py']
[0.181s] Level 1:colcon.colcon_core.package_identification:_identify(.) by extension 'python_setup_py'
[0.181s] Level 1:colcon.colcon_core.package_identification:_identify(build) by extensions ['ignore', 'ignore_ament_install']
[0.181s] Level 1:colcon.colcon_core.package_identification:_identify(build) by extension 'ignore'
[0.181s] Level 1:colcon.colcon_core.package_identification:_identify(build) ignored
[0.181s] Level 1:colcon.colcon_core.package_identification:_identify(install) by extensions ['ignore', 'ignore_ament_install']
[0.181s] Level 1:colcon.colcon_core.package_identification:_identify(install) by extension 'ignore'
[0.181s] Level 1:colcon.colcon_core.package_identification:_identify(install) ignored
[0.181s] Level 1:colcon.colcon_core.package_identification:_identify(log) by extensions ['ignore', 'ignore_ament_install']
[0.181s] Level 1:colcon.colcon_core.package_identification:_identify(log) by extension 'ignore'
[0.181s] Level 1:colcon.colcon_core.package_identification:_identify(log) ignored
[0.181s] Level 1:colcon.colcon_core.package_identification:_identify(src) by extensions ['ignore', 'ignore_ament_install']
[0.181s] Level 1:colcon.colcon_core.package_identification:_identify(src) by extension 'ignore'
[0.181s] Level 1:colcon.colcon_core.package_identification:_identify(src) by extension 'ignore_ament_install'
[0.181s] Level 1:colcon.colcon_core.package_identification:_identify(src) by extensions ['colcon_pkg']
[0.181s] Level 1:colcon.colcon_core.package_identification:_identify(src) by extension 'colcon_pkg'
[0.181s] Level 1:colcon.colcon_core.package_identification:_identify(src) by extensions ['colcon_meta']
[0.181s] Level 1:colcon.colcon_core.package_identification:_identify(src) by extension 'colcon_meta'
[0.181s] Level 1:colcon.colcon_core.package_identification:_identify(src) by extensions ['ros']
[0.181s] Level 1:colcon.colcon_core.package_identification:_identify(src) by extension 'ros'
[0.181s] Level 1:colcon.colcon_core.package_identification:_identify(src) by extensions ['cmake', 'python']
[0.181s] Level 1:colcon.colcon_core.package_identification:_identify(src) by extension 'cmake'
[0.181s] Level 1:colcon.colcon_core.package_identification:_identify(src) by extension 'python'
[0.181s] Level 1:colcon.colcon_core.package_identification:_identify(src) by extensions ['python_setup_py']
[0.181s] Level 1:colcon.colcon_core.package_identification:_identify(src) by extension 'python_setup_py'
[0.181s] Level 1:colcon.colcon_core.package_identification:_identify(src/slm_sim) by extensions ['ignore', 'ignore_ament_install']
[0.182s] Level 1:colcon.colcon_core.package_identification:_identify(src/slm_sim) by extension 'ignore'
[0.182s] Level 1:colcon.colcon_core.package_identification:_identify(src/slm_sim) by extension 'ignore_ament_install'
[0.182s] Level 1:colcon.colcon_core.package_identification:_identify(src/slm_sim) by extensions ['colcon_pkg']
[0.182s] Level 1:colcon.colcon_core.package_identification:_identify(src/slm_sim) by extension 'colcon_pkg'
[0.182s] Level 1:colcon.colcon_core.package_identification:_identify(src/slm_sim) by extensions ['colcon_meta']
[0.182s] Level 1:colcon.colcon_core.package_identification:_identify(src/slm_sim) by extension 'colcon_meta'
[0.182s] Level 1:colcon.colcon_core.package_identification:_identify(src/slm_sim) by extensions ['ros']
[0.182s] Level 1:colcon.colcon_core.package_identification:_identify(src/slm_sim) by extension 'ros'
[0.183s] DEBUG:colcon.colcon_core.package_identification:Package 'src/slm_sim' with type 'ros.ament_python' and name 'slm_sim'
[0.183s] Level 1:colcon.colcon_core.package_discovery:discover_packages(recursive) using defaults
[0.184s] Level 1:colcon.colcon_core.package_discovery:discover_packages(ignore) discover
[0.184s] Level 1:colcon.colcon_core.package_discovery:discover_packages(ignore) using defaults
[0.184s] Level 1:colcon.colcon_core.package_discovery:discover_packages(path) discover
[0.184s] Level 1:colcon.colcon_core.package_discovery:discover_packages(path) using defaults
[0.201s] Level 5:colcon.colcon_core.verb:set package 'slm_sim' build argument 'cmake_args' from command line to 'None'
[0.201s] Level 5:colcon.colcon_core.verb:set package 'slm_sim' build argument 'cmake_target' from command line to 'None'
[0.201s] Level 5:colcon.colcon_core.verb:set package 'slm_sim' build argument 'cmake_target_skip_unavailable' from command line to 'False'
[0.201s] Level 5:colcon.colcon_core.verb:set package 'slm_sim' build argument 'cmake_clean_cache' from command line to 'False'
[0.201s] Level 5:colcon.colcon_core.verb:set package 'slm_sim' build argument 'cmake_clean_first' from command line to 'False'
[0.201s] Level 5:colcon.colcon_core.verb:set package 'slm_sim' build argument 'cmake_force_configure' from command line to 'False'
[0.201s] Level 5:colcon.colcon_core.verb:set package 'slm_sim' build argument 'ament_cmake_args' from command line to 'None'
[0.201s] Level 5:colcon.colcon_core.verb:set package 'slm_sim' build argument 'catkin_cmake_args' from command line to 'None'
[0.201s] Level 5:colcon.colcon_core.verb:set package 'slm_sim' build argument 'catkin_skip_building_tests' from command line to 'False'
[0.201s] DEBUG:colcon.colcon_core.verb:Building package 'slm_sim' with the following arguments: {'ament_cmake_args': None, 'build_base': '/root/workspace/challenge1_ws/build/slm_sim', 'catkin_cmake_args': None, 'catkin_skip_building_tests': False, 'cmake_args': None, 'cmake_clean_cache': False, 'cmake_clean_first': False, 'cmake_force_configure': False, 'cmake_target': None, 'cmake_target_skip_unavailable': False, 'install_base': '/root/workspace/challenge1_ws/install/slm_sim', 'merge_install': False, 'path': '/root/workspace/challenge1_ws/src/slm_sim', 'symlink_install': True, 'test_result_base': None}
[0.202s] INFO:colcon.colcon_core.executor:Executing jobs using 'parallel' executor
[0.202s] DEBUG:colcon.colcon_parallel_executor.executor.parallel:run_until_complete
[0.202s] INFO:colcon.colcon_ros.task.ament_python.build:Building ROS package in '/root/workspace/challenge1_ws/src/slm_sim' with build type 'ament_python'
[0.202s] Level 1:colcon.colcon_core.shell:create_environment_hook('slm_sim', 'ament_prefix_path')
[0.204s] INFO:colcon.colcon_core.plugin_system:Skipping extension 'colcon_core.shell.bat': Not used on non-Windows systems
[0.204s] INFO:colcon.colcon_core.shell:Creating environment hook '/root/workspace/challenge1_ws/install/slm_sim/share/slm_sim/hook/ament_prefix_path.ps1'
[0.204s] INFO:colcon.colcon_core.shell:Creating environment descriptor '/root/workspace/challenge1_ws/install/slm_sim/share/slm_sim/hook/ament_prefix_path.dsv'
[0.205s] INFO:colcon.colcon_core.shell:Creating environment hook '/root/workspace/challenge1_ws/install/slm_sim/share/slm_sim/hook/ament_prefix_path.sh'
[0.205s] INFO:colcon.colcon_core.shell:Skip shell extension 'powershell' for command environment: Not usable outside of PowerShell
[0.205s] DEBUG:colcon.colcon_core.shell:Skip shell extension 'dsv' for command environment
[0.359s] INFO:colcon.colcon_core.task.python.build:Building Python package in '/root/workspace/challenge1_ws/src/slm_sim'
[0.359s] INFO:colcon.colcon_core.shell:Skip shell extension 'powershell' for command environment: Not usable outside of PowerShell
[0.359s] DEBUG:colcon.colcon_core.shell:Skip shell extension 'dsv' for command environment
[0.556s] DEBUG:colcon.colcon_core.event_handler.log_command:Invoking command in '/root/workspace/challenge1_ws/build/slm_sim': PYTHONPATH=/root/workspace/challenge1_ws/build/slm_sim/prefix_override:/root/workspace/challenge1_ws/install/slm_sim/lib/python3.10/site-packages:${PYTHONPATH} /usr/bin/python3 -W ignore:setup.py install is deprecated setup.py develop --editable --build-directory /root/workspace/challenge1_ws/build/slm_sim/build --no-deps symlink_data
[0.820s] Level 1:colcon.colcon_core.shell:create_environment_hook('slm_sim', 'pythonpath_develop')
[0.820s] INFO:colcon.colcon_core.shell:Creating environment hook '/root/workspace/challenge1_ws/build/slm_sim/share/slm_sim/hook/pythonpath_develop.ps1'
[0.821s] DEBUG:colcon.colcon_core.event_handler.log_command:Invoked command in '/root/workspace/challenge1_ws/build/slm_sim' returned '0': PYTHONPATH=/root/workspace/challenge1_ws/build/slm_sim/prefix_override:/root/workspace/challenge1_ws/install/slm_sim/lib/python3.10/site-packages:${PYTHONPATH} /usr/bin/python3 -W ignore:setup.py install is deprecated setup.py develop --editable --build-directory /root/workspace/challenge1_ws/build/slm_sim/build --no-deps symlink_data
[0.821s] INFO:colcon.colcon_core.shell:Creating environment descriptor '/root/workspace/challenge1_ws/build/slm_sim/share/slm_sim/hook/pythonpath_develop.dsv'
[0.821s] INFO:colcon.colcon_core.shell:Creating environment hook '/root/workspace/challenge1_ws/build/slm_sim/share/slm_sim/hook/pythonpath_develop.sh'
[0.823s] Level 1:colcon.colcon_core.environment:checking '/root/workspace/challenge1_ws/install/slm_sim' for CMake module files
[0.823s] Level 1:colcon.colcon_core.environment:checking '/root/workspace/challenge1_ws/install/slm_sim' for CMake config files
[0.823s] Level 1:colcon.colcon_core.environment:checking '/root/workspace/challenge1_ws/install/slm_sim/lib'
[0.824s] Level 1:colcon.colcon_core.environment:checking '/root/workspace/challenge1_ws/install/slm_sim/bin'
[0.824s] Level 1:colcon.colcon_core.environment:checking '/root/workspace/challenge1_ws/install/slm_sim/lib/pkgconfig/slm_sim.pc'
[0.824s] Level 1:colcon.colcon_core.environment:checking '/root/workspace/challenge1_ws/install/slm_sim/lib/python3.10/site-packages'
[0.824s] Level 1:colcon.colcon_core.shell:create_environment_hook('slm_sim', 'pythonpath')
[0.824s] INFO:colcon.colcon_core.shell:Creating environment hook '/root/workspace/challenge1_ws/install/slm_sim/share/slm_sim/hook/pythonpath.ps1'
[0.824s] INFO:colcon.colcon_core.shell:Creating environment descriptor '/root/workspace/challenge1_ws/install/slm_sim/share/slm_sim/hook/pythonpath.dsv'
[0.824s] INFO:colcon.colcon_core.shell:Creating environment hook '/root/workspace/challenge1_ws/install/slm_sim/share/slm_sim/hook/pythonpath.sh'
[0.825s] Level 1:colcon.colcon_core.environment:checking '/root/workspace/challenge1_ws/install/slm_sim/bin'
[0.825s] Level 1:colcon.colcon_core.environment:create_environment_scripts_only(slm_sim)
[0.825s] INFO:colcon.colcon_core.shell:Creating package script '/root/workspace/challenge1_ws/install/slm_sim/share/slm_sim/package.ps1'
[0.826s] INFO:colcon.colcon_core.shell:Creating package descriptor '/root/workspace/challenge1_ws/install/slm_sim/share/slm_sim/package.dsv'
[0.826s] INFO:colcon.colcon_core.shell:Creating package script '/root/workspace/challenge1_ws/install/slm_sim/share/slm_sim/package.sh'
[0.826s] INFO:colcon.colcon_core.shell:Creating package script '/root/workspace/challenge1_ws/install/slm_sim/share/slm_sim/package.bash'
[0.827s] INFO:colcon.colcon_core.shell:Creating package script '/root/workspace/challenge1_ws/install/slm_sim/share/slm_sim/package.zsh'
[0.827s] Level 1:colcon.colcon_core.environment:create_file_with_runtime_dependencies(/root/workspace/challenge1_ws/install/slm_sim/share/colcon-core/packages/slm_sim)
[0.827s] DEBUG:colcon.colcon_parallel_executor.executor.parallel:closing loop
[0.827s] DEBUG:colcon.colcon_parallel_executor.executor.parallel:loop closed
[0.827s] DEBUG:colcon.colcon_parallel_executor.executor.parallel:run_until_complete finished with '0'
[0.827s] DEBUG:colcon.colcon_core.event_reactor:joining thread
[0.831s] INFO:colcon.colcon_core.plugin_system:Skipping extension 'colcon_notification.desktop_notification.notify_send': Could not find 'notify-send'
[0.831s] INFO:colcon.colcon_core.plugin_system:Skipping extension 'colcon_notification.desktop_notification.terminal_notifier': Not used on non-Darwin systems
[0.831s] INFO:colcon.colcon_core.plugin_system:Skipping extension 'colcon_notification.desktop_notification.win32': Not used on non-Windows systems
[0.831s] INFO:colcon.colcon_notification.desktop_notification:Sending desktop notification using 'notify2'
[0.833s] DEBUG:colcon.colcon_notification.desktop_notification.notify2:Failed to initialize notify2: org.freedesktop.DBus.Error.Spawn.ExecFailed: /usr/bin/dbus-launch terminated abnormally without any error message
[0.833s] DEBUG:colcon.colcon_core.event_reactor:joined thread
[0.833s] INFO:colcon.colcon_core.shell:Creating prefix script '/root/workspace/challenge1_ws/install/local_setup.ps1'
[0.834s] INFO:colcon.colcon_core.shell:Creating prefix util module '/root/workspace/challenge1_ws/install/_local_setup_util_ps1.py'
[0.835s] INFO:colcon.colcon_core.shell:Creating prefix chain script '/root/workspace/challenge1_ws/install/setup.ps1'
[0.836s] INFO:colcon.colcon_core.shell:Creating prefix script '/root/workspace/challenge1_ws/install/local_setup.sh'
[0.836s] INFO:colcon.colcon_core.shell:Creating prefix util module '/root/workspace/challenge1_ws/install/_local_setup_util_sh.py'
[0.836s] INFO:colcon.colcon_core.shell:Creating prefix chain script '/root/workspace/challenge1_ws/install/setup.sh'
[0.837s] INFO:colcon.colcon_core.shell:Creating prefix script '/root/workspace/challenge1_ws/install/local_setup.bash'
[0.837s] INFO:colcon.colcon_core.shell:Creating prefix chain script '/root/workspace/challenge1_ws/install/setup.bash'
[0.838s] INFO:colcon.colcon_core.shell:Creating prefix script '/root/workspace/challenge1_ws/install/local_setup.zsh'
[0.838s] INFO:colcon.colcon_core.shell:Creating prefix chain script '/root/workspace/challenge1_ws/install/setup.zsh'
