[0.076s] DEBUG:colcon:Command line arguments: ['/usr/bin/colcon', 'build']
[0.076s] DEBUG:colcon:Parsed command line arguments: Namespace(log_base=None, log_level=None, verb_name='build', build_base='build', install_base='install', merge_install=False, symlink_install=False, test_result_base=None, continue_on_error=False, executor='parallel', parallel_workers=16, event_handlers=None, ignore_user_meta=False, metas=['./colcon.meta'], base_paths=['.'], packages_ignore=None, packages_ignore_regex=None, paths=None, packages_up_to=None, packages_up_to_regex=None, packages_above=None, packages_above_and_dependencies=None, packages_above_depth=None, packages_select_by_dep=None, packages_skip_by_dep=None, packages_skip_up_to=None, packages_select_build_failed=False, packages_skip_build_finished=False, packages_select_test_failures=False, packages_skip_test_passed=False, packages_select=None, packages_skip=None, packages_select_regex=None, packages_skip_regex=None, packages_start=None, packages_end=None, cmake_args=None, cmake_target=None, cmake_target_skip_unavailable=False, cmake_clean_cache=False, cmake_clean_first=False, cmake_force_configure=False, ament_cmake_args=None, catkin_cmake_args=None, catkin_skip_building_tests=False, mixin_files=None, mixin=None, verb_parser=<colcon_mixin.mixin.mixin_argument.MixinArgumentDecorator object at 0x7f75eef78a00>, verb_extension=<colcon_core.verb.build.BuildVerb object at 0x7f75eef78040>, main=<bound method BuildVerb.main of <colcon_core.verb.build.BuildVerb object at 0x7f75eef78040>>, mixin_verb=('build',))
[0.162s] Level 1:colcon.colcon_core.package_discovery:discover_packages(colcon_meta) check parameters
[0.163s] INFO:colcon.colcon_metadata.package_discovery.colcon_meta:Using configuration from '/root/.colcon/metadata/default/Gazebo.meta'
[0.163s] INFO:colcon.colcon_metadata.package_discovery.colcon_meta:Using configuration from '/root/.colcon/metadata/default/fastrtps.meta'
[0.163s] Level 1:colcon.colcon_core.package_discovery:discover_packages(recursive) check parameters
[0.163s] Level 1:colcon.colcon_core.package_discovery:discover_packages(ignore) check parameters
[0.163s] Level 1:colcon.colcon_core.package_discovery:discover_packages(path) check parameters
[0.163s] Level 1:colcon.colcon_core.package_discovery:discover_packages(colcon_meta) discover
[0.163s] Level 1:colcon.colcon_core.package_discovery:discover_packages(recursive) discover
[0.163s] INFO:colcon.colcon_core.package_discovery:Crawling recursively for packages in '/root/ROS2Activities/workspace/challenge3_ws'
[0.163s] Level 1:colcon.colcon_core.package_identification:_identify(.) by extensions ['ignore', 'ignore_ament_install']
[0.163s] Level 1:colcon.colcon_core.package_identification:_identify(.) by extension 'ignore'
[0.163s] Level 1:colcon.colcon_core.package_identification:_identify(.) by extension 'ignore_ament_install'
[0.163s] Level 1:colcon.colcon_core.package_identification:_identify(.) by extensions ['colcon_pkg']
[0.163s] Level 1:colcon.colcon_core.package_identification:_identify(.) by extension 'colcon_pkg'
[0.163s] Level 1:colcon.colcon_core.package_identification:_identify(.) by extensions ['colcon_meta']
[0.163s] Level 1:colcon.colcon_core.package_identification:_identify(.) by extension 'colcon_meta'
[0.163s] Level 1:colcon.colcon_core.package_identification:_identify(.) by extensions ['ros']
[0.163s] Level 1:colcon.colcon_core.package_identification:_identify(.) by extension 'ros'
[0.171s] Level 1:colcon.colcon_core.package_identification:_identify(.) by extensions ['cmake', 'python']
[0.171s] Level 1:colcon.colcon_core.package_identification:_identify(.) by extension 'cmake'
[0.171s] Level 1:colcon.colcon_core.package_identification:_identify(.) by extension 'python'
[0.171s] Level 1:colcon.colcon_core.package_identification:_identify(.) by extensions ['python_setup_py']
[0.171s] Level 1:colcon.colcon_core.package_identification:_identify(.) by extension 'python_setup_py'
[0.171s] Level 1:colcon.colcon_core.package_identification:_identify(build) by extensions ['ignore', 'ignore_ament_install']
[0.171s] Level 1:colcon.colcon_core.package_identification:_identify(build) by extension 'ignore'
[0.171s] Level 1:colcon.colcon_core.package_identification:_identify(build) ignored
[0.171s] Level 1:colcon.colcon_core.package_identification:_identify(install) by extensions ['ignore', 'ignore_ament_install']
[0.171s] Level 1:colcon.colcon_core.package_identification:_identify(install) by extension 'ignore'
[0.171s] Level 1:colcon.colcon_core.package_identification:_identify(install) ignored
[0.171s] Level 1:colcon.colcon_core.package_identification:_identify(log) by extensions ['ignore', 'ignore_ament_install']
[0.172s] Level 1:colcon.colcon_core.package_identification:_identify(log) by extension 'ignore'
[0.172s] Level 1:colcon.colcon_core.package_identification:_identify(log) ignored
[0.172s] Level 1:colcon.colcon_core.package_identification:_identify(src) by extensions ['ignore', 'ignore_ament_install']
[0.172s] Level 1:colcon.colcon_core.package_identification:_identify(src) by extension 'ignore'
[0.172s] Level 1:colcon.colcon_core.package_identification:_identify(src) by extension 'ignore_ament_install'
[0.172s] Level 1:colcon.colcon_core.package_identification:_identify(src) by extensions ['colcon_pkg']
[0.172s] Level 1:colcon.colcon_core.package_identification:_identify(src) by extension 'colcon_pkg'
[0.172s] Level 1:colcon.colcon_core.package_identification:_identify(src) by extensions ['colcon_meta']
[0.172s] Level 1:colcon.colcon_core.package_identification:_identify(src) by extension 'colcon_meta'
[0.172s] Level 1:colcon.colcon_core.package_identification:_identify(src) by extensions ['ros']
[0.172s] Level 1:colcon.colcon_core.package_identification:_identify(src) by extension 'ros'
[0.172s] Level 1:colcon.colcon_core.package_identification:_identify(src) by extensions ['cmake', 'python']
[0.172s] Level 1:colcon.colcon_core.package_identification:_identify(src) by extension 'cmake'
[0.172s] Level 1:colcon.colcon_core.package_identification:_identify(src) by extension 'python'
[0.172s] Level 1:colcon.colcon_core.package_identification:_identify(src) by extensions ['python_setup_py']
[0.172s] Level 1:colcon.colcon_core.package_identification:_identify(src) by extension 'python_setup_py'
[0.172s] Level 1:colcon.colcon_core.package_identification:_identify(src/gazebo_ros2_control) by extensions ['ignore', 'ignore_ament_install']
[0.172s] Level 1:colcon.colcon_core.package_identification:_identify(src/gazebo_ros2_control) by extension 'ignore'
[0.172s] Level 1:colcon.colcon_core.package_identification:_identify(src/gazebo_ros2_control) by extension 'ignore_ament_install'
[0.172s] Level 1:colcon.colcon_core.package_identification:_identify(src/gazebo_ros2_control) by extensions ['colcon_pkg']
[0.172s] Level 1:colcon.colcon_core.package_identification:_identify(src/gazebo_ros2_control) by extension 'colcon_pkg'
[0.172s] Level 1:colcon.colcon_core.package_identification:_identify(src/gazebo_ros2_control) by extensions ['colcon_meta']
[0.172s] Level 1:colcon.colcon_core.package_identification:_identify(src/gazebo_ros2_control) by extension 'colcon_meta'
[0.172s] Level 1:colcon.colcon_core.package_identification:_identify(src/gazebo_ros2_control) by extensions ['ros']
[0.172s] Level 1:colcon.colcon_core.package_identification:_identify(src/gazebo_ros2_control) by extension 'ros'
[0.172s] Level 1:colcon.colcon_core.package_identification:_identify(src/gazebo_ros2_control) by extensions ['cmake', 'python']
[0.172s] Level 1:colcon.colcon_core.package_identification:_identify(src/gazebo_ros2_control) by extension 'cmake'
[0.172s] Level 1:colcon.colcon_core.package_identification:_identify(src/gazebo_ros2_control) by extension 'python'
[0.172s] Level 1:colcon.colcon_core.package_identification:_identify(src/gazebo_ros2_control) by extensions ['python_setup_py']
[0.172s] Level 1:colcon.colcon_core.package_identification:_identify(src/gazebo_ros2_control) by extension 'python_setup_py'
[0.172s] Level 1:colcon.colcon_core.package_identification:_identify(src/gazebo_ros2_control/Docker) by extensions ['ignore', 'ignore_ament_install']
[0.172s] Level 1:colcon.colcon_core.package_identification:_identify(src/gazebo_ros2_control/Docker) by extension 'ignore'
[0.172s] Level 1:colcon.colcon_core.package_identification:_identify(src/gazebo_ros2_control/Docker) by extension 'ignore_ament_install'
[0.172s] Level 1:colcon.colcon_core.package_identification:_identify(src/gazebo_ros2_control/Docker) by extensions ['colcon_pkg']
[0.172s] Level 1:colcon.colcon_core.package_identification:_identify(src/gazebo_ros2_control/Docker) by extension 'colcon_pkg'
[0.172s] Level 1:colcon.colcon_core.package_identification:_identify(src/gazebo_ros2_control/Docker) by extensions ['colcon_meta']
[0.172s] Level 1:colcon.colcon_core.package_identification:_identify(src/gazebo_ros2_control/Docker) by extension 'colcon_meta'
[0.172s] Level 1:colcon.colcon_core.package_identification:_identify(src/gazebo_ros2_control/Docker) by extensions ['ros']
[0.173s] Level 1:colcon.colcon_core.package_identification:_identify(src/gazebo_ros2_control/Docker) by extension 'ros'
[0.173s] Level 1:colcon.colcon_core.package_identification:_identify(src/gazebo_ros2_control/Docker) by extensions ['cmake', 'python']
[0.173s] Level 1:colcon.colcon_core.package_identification:_identify(src/gazebo_ros2_control/Docker) by extension 'cmake'
[0.173s] Level 1:colcon.colcon_core.package_identification:_identify(src/gazebo_ros2_control/Docker) by extension 'python'
[0.173s] Level 1:colcon.colcon_core.package_identification:_identify(src/gazebo_ros2_control/Docker) by extensions ['python_setup_py']
[0.173s] Level 1:colcon.colcon_core.package_identification:_identify(src/gazebo_ros2_control/Docker) by extension 'python_setup_py'
[0.173s] Level 1:colcon.colcon_core.package_identification:_identify(src/gazebo_ros2_control/doc) by extensions ['ignore', 'ignore_ament_install']
[0.173s] Level 1:colcon.colcon_core.package_identification:_identify(src/gazebo_ros2_control/doc) by extension 'ignore'
[0.173s] Level 1:colcon.colcon_core.package_identification:_identify(src/gazebo_ros2_control/doc) by extension 'ignore_ament_install'
[0.173s] Level 1:colcon.colcon_core.package_identification:_identify(src/gazebo_ros2_control/doc) by extensions ['colcon_pkg']
[0.173s] Level 1:colcon.colcon_core.package_identification:_identify(src/gazebo_ros2_control/doc) by extension 'colcon_pkg'
[0.173s] Level 1:colcon.colcon_core.package_identification:_identify(src/gazebo_ros2_control/doc) by extensions ['colcon_meta']
[0.173s] Level 1:colcon.colcon_core.package_identification:_identify(src/gazebo_ros2_control/doc) by extension 'colcon_meta'
[0.173s] Level 1:colcon.colcon_core.package_identification:_identify(src/gazebo_ros2_control/doc) by extensions ['ros']
[0.173s] Level 1:colcon.colcon_core.package_identification:_identify(src/gazebo_ros2_control/doc) by extension 'ros'
[0.173s] Level 1:colcon.colcon_core.package_identification:_identify(src/gazebo_ros2_control/doc) by extensions ['cmake', 'python']
[0.173s] Level 1:colcon.colcon_core.package_identification:_identify(src/gazebo_ros2_control/doc) by extension 'cmake'
[0.173s] Level 1:colcon.colcon_core.package_identification:_identify(src/gazebo_ros2_control/doc) by extension 'python'
[0.173s] Level 1:colcon.colcon_core.package_identification:_identify(src/gazebo_ros2_control/doc) by extensions ['python_setup_py']
[0.173s] Level 1:colcon.colcon_core.package_identification:_identify(src/gazebo_ros2_control/doc) by extension 'python_setup_py'
[0.173s] Level 1:colcon.colcon_core.package_identification:_identify(src/gazebo_ros2_control/doc/img) by extensions ['ignore', 'ignore_ament_install']
[0.173s] Level 1:colcon.colcon_core.package_identification:_identify(src/gazebo_ros2_control/doc/img) by extension 'ignore'
[0.173s] Level 1:colcon.colcon_core.package_identification:_identify(src/gazebo_ros2_control/doc/img) by extension 'ignore_ament_install'
[0.173s] Level 1:colcon.colcon_core.package_identification:_identify(src/gazebo_ros2_control/doc/img) by extensions ['colcon_pkg']
[0.173s] Level 1:colcon.colcon_core.package_identification:_identify(src/gazebo_ros2_control/doc/img) by extension 'colcon_pkg'
[0.173s] Level 1:colcon.colcon_core.package_identification:_identify(src/gazebo_ros2_control/doc/img) by extensions ['colcon_meta']
[0.173s] Level 1:colcon.colcon_core.package_identification:_identify(src/gazebo_ros2_control/doc/img) by extension 'colcon_meta'
[0.173s] Level 1:colcon.colcon_core.package_identification:_identify(src/gazebo_ros2_control/doc/img) by extensions ['ros']
[0.173s] Level 1:colcon.colcon_core.package_identification:_identify(src/gazebo_ros2_control/doc/img) by extension 'ros'
[0.173s] Level 1:colcon.colcon_core.package_identification:_identify(src/gazebo_ros2_control/doc/img) by extensions ['cmake', 'python']
[0.173s] Level 1:colcon.colcon_core.package_identification:_identify(src/gazebo_ros2_control/doc/img) by extension 'cmake'
[0.173s] Level 1:colcon.colcon_core.package_identification:_identify(src/gazebo_ros2_control/doc/img) by extension 'python'
[0.173s] Level 1:colcon.colcon_core.package_identification:_identify(src/gazebo_ros2_control/doc/img) by extensions ['python_setup_py']
[0.173s] Level 1:colcon.colcon_core.package_identification:_identify(src/gazebo_ros2_control/doc/img) by extension 'python_setup_py'
[0.173s] Level 1:colcon.colcon_core.package_identification:_identify(src/gazebo_ros2_control/gazebo_ros2_control) by extensions ['ignore', 'ignore_ament_install']
[0.173s] Level 1:colcon.colcon_core.package_identification:_identify(src/gazebo_ros2_control/gazebo_ros2_control) by extension 'ignore'
[0.173s] Level 1:colcon.colcon_core.package_identification:_identify(src/gazebo_ros2_control/gazebo_ros2_control) by extension 'ignore_ament_install'
[0.174s] Level 1:colcon.colcon_core.package_identification:_identify(src/gazebo_ros2_control/gazebo_ros2_control) by extensions ['colcon_pkg']
[0.174s] Level 1:colcon.colcon_core.package_identification:_identify(src/gazebo_ros2_control/gazebo_ros2_control) by extension 'colcon_pkg'
[0.174s] Level 1:colcon.colcon_core.package_identification:_identify(src/gazebo_ros2_control/gazebo_ros2_control) by extensions ['colcon_meta']
[0.174s] Level 1:colcon.colcon_core.package_identification:_identify(src/gazebo_ros2_control/gazebo_ros2_control) by extension 'colcon_meta'
[0.174s] Level 1:colcon.colcon_core.package_identification:_identify(src/gazebo_ros2_control/gazebo_ros2_control) by extensions ['ros']
[0.174s] Level 1:colcon.colcon_core.package_identification:_identify(src/gazebo_ros2_control/gazebo_ros2_control) by extension 'ros'
[0.176s] DEBUG:colcon.colcon_core.package_identification:Package 'src/gazebo_ros2_control/gazebo_ros2_control' with type 'ros.ament_cmake' and name 'gazebo_ros2_control'
[0.176s] Level 1:colcon.colcon_core.package_identification:_identify(src/gazebo_ros2_control/gazebo_ros2_control_demos) by extensions ['ignore', 'ignore_ament_install']
[0.176s] Level 1:colcon.colcon_core.package_identification:_identify(src/gazebo_ros2_control/gazebo_ros2_control_demos) by extension 'ignore'
[0.176s] Level 1:colcon.colcon_core.package_identification:_identify(src/gazebo_ros2_control/gazebo_ros2_control_demos) by extension 'ignore_ament_install'
[0.176s] Level 1:colcon.colcon_core.package_identification:_identify(src/gazebo_ros2_control/gazebo_ros2_control_demos) by extensions ['colcon_pkg']
[0.176s] Level 1:colcon.colcon_core.package_identification:_identify(src/gazebo_ros2_control/gazebo_ros2_control_demos) by extension 'colcon_pkg'
[0.176s] Level 1:colcon.colcon_core.package_identification:_identify(src/gazebo_ros2_control/gazebo_ros2_control_demos) by extensions ['colcon_meta']
[0.176s] Level 1:colcon.colcon_core.package_identification:_identify(src/gazebo_ros2_control/gazebo_ros2_control_demos) by extension 'colcon_meta'
[0.176s] Level 1:colcon.colcon_core.package_identification:_identify(src/gazebo_ros2_control/gazebo_ros2_control_demos) by extensions ['ros']
[0.176s] Level 1:colcon.colcon_core.package_identification:_identify(src/gazebo_ros2_control/gazebo_ros2_control_demos) by extension 'ros'
[0.177s] DEBUG:colcon.colcon_core.package_identification:Package 'src/gazebo_ros2_control/gazebo_ros2_control_demos' with type 'ros.ament_cmake' and name 'gazebo_ros2_control_demos'
[0.177s] Level 1:colcon.colcon_core.package_identification:_identify(src/puzzlebot_control) by extensions ['ignore', 'ignore_ament_install']
[0.177s] Level 1:colcon.colcon_core.package_identification:_identify(src/puzzlebot_control) by extension 'ignore'
[0.177s] Level 1:colcon.colcon_core.package_identification:_identify(src/puzzlebot_control) by extension 'ignore_ament_install'
[0.177s] Level 1:colcon.colcon_core.package_identification:_identify(src/puzzlebot_control) by extensions ['colcon_pkg']
[0.177s] Level 1:colcon.colcon_core.package_identification:_identify(src/puzzlebot_control) by extension 'colcon_pkg'
[0.177s] Level 1:colcon.colcon_core.package_identification:_identify(src/puzzlebot_control) by extensions ['colcon_meta']
[0.177s] Level 1:colcon.colcon_core.package_identification:_identify(src/puzzlebot_control) by extension 'colcon_meta'
[0.177s] Level 1:colcon.colcon_core.package_identification:_identify(src/puzzlebot_control) by extensions ['ros']
[0.177s] Level 1:colcon.colcon_core.package_identification:_identify(src/puzzlebot_control) by extension 'ros'
[0.178s] DEBUG:colcon.colcon_core.package_identification:Package 'src/puzzlebot_control' with type 'ros.ament_python' and name 'puzzlebot_control'
[0.178s] Level 1:colcon.colcon_core.package_identification:_identify(src/puzzlebot_description) by extensions ['ignore', 'ignore_ament_install']
[0.178s] Level 1:colcon.colcon_core.package_identification:_identify(src/puzzlebot_description) by extension 'ignore'
[0.178s] Level 1:colcon.colcon_core.package_identification:_identify(src/puzzlebot_description) by extension 'ignore_ament_install'
[0.178s] Level 1:colcon.colcon_core.package_identification:_identify(src/puzzlebot_description) by extensions ['colcon_pkg']
[0.178s] Level 1:colcon.colcon_core.package_identification:_identify(src/puzzlebot_description) by extension 'colcon_pkg'
[0.178s] Level 1:colcon.colcon_core.package_identification:_identify(src/puzzlebot_description) by extensions ['colcon_meta']
[0.178s] Level 1:colcon.colcon_core.package_identification:_identify(src/puzzlebot_description) by extension 'colcon_meta'
[0.178s] Level 1:colcon.colcon_core.package_identification:_identify(src/puzzlebot_description) by extensions ['ros']
[0.178s] Level 1:colcon.colcon_core.package_identification:_identify(src/puzzlebot_description) by extension 'ros'
[0.179s] DEBUG:colcon.colcon_core.package_identification:Package 'src/puzzlebot_description' with type 'ros.ament_python' and name 'puzzlebot_description'
[0.179s] Level 1:colcon.colcon_core.package_identification:_identify(src/puzzlebot_gazebo) by extensions ['ignore', 'ignore_ament_install']
[0.179s] Level 1:colcon.colcon_core.package_identification:_identify(src/puzzlebot_gazebo) by extension 'ignore'
[0.179s] Level 1:colcon.colcon_core.package_identification:_identify(src/puzzlebot_gazebo) by extension 'ignore_ament_install'
[0.179s] Level 1:colcon.colcon_core.package_identification:_identify(src/puzzlebot_gazebo) by extensions ['colcon_pkg']
[0.179s] Level 1:colcon.colcon_core.package_identification:_identify(src/puzzlebot_gazebo) by extension 'colcon_pkg'
[0.179s] Level 1:colcon.colcon_core.package_identification:_identify(src/puzzlebot_gazebo) by extensions ['colcon_meta']
[0.179s] Level 1:colcon.colcon_core.package_identification:_identify(src/puzzlebot_gazebo) by extension 'colcon_meta'
[0.179s] Level 1:colcon.colcon_core.package_identification:_identify(src/puzzlebot_gazebo) by extensions ['ros']
[0.179s] Level 1:colcon.colcon_core.package_identification:_identify(src/puzzlebot_gazebo) by extension 'ros'
[0.179s] DEBUG:colcon.colcon_core.package_identification:Package 'src/puzzlebot_gazebo' with type 'ros.ament_python' and name 'puzzlebot_gazebo'
[0.179s] Level 1:colcon.colcon_core.package_discovery:discover_packages(recursive) using defaults
[0.180s] Level 1:colcon.colcon_core.package_discovery:discover_packages(ignore) discover
[0.180s] Level 1:colcon.colcon_core.package_discovery:discover_packages(ignore) using defaults
[0.180s] Level 1:colcon.colcon_core.package_discovery:discover_packages(path) discover
[0.180s] Level 1:colcon.colcon_core.package_discovery:discover_packages(path) using defaults
[0.193s] Level 5:colcon.colcon_core.verb:set package 'gazebo_ros2_control' build argument 'cmake_args' from command line to 'None'
[0.193s] Level 5:colcon.colcon_core.verb:set package 'gazebo_ros2_control' build argument 'cmake_target' from command line to 'None'
[0.193s] Level 5:colcon.colcon_core.verb:set package 'gazebo_ros2_control' build argument 'cmake_target_skip_unavailable' from command line to 'False'
[0.193s] Level 5:colcon.colcon_core.verb:set package 'gazebo_ros2_control' build argument 'cmake_clean_cache' from command line to 'False'
[0.193s] Level 5:colcon.colcon_core.verb:set package 'gazebo_ros2_control' build argument 'cmake_clean_first' from command line to 'False'
[0.193s] Level 5:colcon.colcon_core.verb:set package 'gazebo_ros2_control' build argument 'cmake_force_configure' from command line to 'False'
[0.193s] Level 5:colcon.colcon_core.verb:set package 'gazebo_ros2_control' build argument 'ament_cmake_args' from command line to 'None'
[0.193s] Level 5:colcon.colcon_core.verb:set package 'gazebo_ros2_control' build argument 'catkin_cmake_args' from command line to 'None'
[0.193s] Level 5:colcon.colcon_core.verb:set package 'gazebo_ros2_control' build argument 'catkin_skip_building_tests' from command line to 'False'
[0.193s] DEBUG:colcon.colcon_core.verb:Building package 'gazebo_ros2_control' with the following arguments: {'ament_cmake_args': None, 'build_base': '/root/ROS2Activities/workspace/challenge3_ws/build/gazebo_ros2_control', 'catkin_cmake_args': None, 'catkin_skip_building_tests': False, 'cmake_args': None, 'cmake_clean_cache': False, 'cmake_clean_first': False, 'cmake_force_configure': False, 'cmake_target': None, 'cmake_target_skip_unavailable': False, 'install_base': '/root/ROS2Activities/workspace/challenge3_ws/install/gazebo_ros2_control', 'merge_install': False, 'path': '/root/ROS2Activities/workspace/challenge3_ws/src/gazebo_ros2_control/gazebo_ros2_control', 'symlink_install': False, 'test_result_base': None}
[0.193s] Level 5:colcon.colcon_core.verb:set package 'puzzlebot_control' build argument 'cmake_args' from command line to 'None'
[0.193s] Level 5:colcon.colcon_core.verb:set package 'puzzlebot_control' build argument 'cmake_target' from command line to 'None'
[0.193s] Level 5:colcon.colcon_core.verb:set package 'puzzlebot_control' build argument 'cmake_target_skip_unavailable' from command line to 'False'
[0.193s] Level 5:colcon.colcon_core.verb:set package 'puzzlebot_control' build argument 'cmake_clean_cache' from command line to 'False'
[0.193s] Level 5:colcon.colcon_core.verb:set package 'puzzlebot_control' build argument 'cmake_clean_first' from command line to 'False'
[0.193s] Level 5:colcon.colcon_core.verb:set package 'puzzlebot_control' build argument 'cmake_force_configure' from command line to 'False'
[0.194s] Level 5:colcon.colcon_core.verb:set package 'puzzlebot_control' build argument 'ament_cmake_args' from command line to 'None'
[0.194s] Level 5:colcon.colcon_core.verb:set package 'puzzlebot_control' build argument 'catkin_cmake_args' from command line to 'None'
[0.194s] Level 5:colcon.colcon_core.verb:set package 'puzzlebot_control' build argument 'catkin_skip_building_tests' from command line to 'False'
[0.194s] DEBUG:colcon.colcon_core.verb:Building package 'puzzlebot_control' with the following arguments: {'ament_cmake_args': None, 'build_base': '/root/ROS2Activities/workspace/challenge3_ws/build/puzzlebot_control', 'catkin_cmake_args': None, 'catkin_skip_building_tests': False, 'cmake_args': None, 'cmake_clean_cache': False, 'cmake_clean_first': False, 'cmake_force_configure': False, 'cmake_target': None, 'cmake_target_skip_unavailable': False, 'install_base': '/root/ROS2Activities/workspace/challenge3_ws/install/puzzlebot_control', 'merge_install': False, 'path': '/root/ROS2Activities/workspace/challenge3_ws/src/puzzlebot_control', 'symlink_install': False, 'test_result_base': None}
[0.194s] Level 5:colcon.colcon_core.verb:set package 'puzzlebot_description' build argument 'cmake_args' from command line to 'None'
[0.194s] Level 5:colcon.colcon_core.verb:set package 'puzzlebot_description' build argument 'cmake_target' from command line to 'None'
[0.194s] Level 5:colcon.colcon_core.verb:set package 'puzzlebot_description' build argument 'cmake_target_skip_unavailable' from command line to 'False'
[0.194s] Level 5:colcon.colcon_core.verb:set package 'puzzlebot_description' build argument 'cmake_clean_cache' from command line to 'False'
[0.194s] Level 5:colcon.colcon_core.verb:set package 'puzzlebot_description' build argument 'cmake_clean_first' from command line to 'False'
[0.194s] Level 5:colcon.colcon_core.verb:set package 'puzzlebot_description' build argument 'cmake_force_configure' from command line to 'False'
[0.194s] Level 5:colcon.colcon_core.verb:set package 'puzzlebot_description' build argument 'ament_cmake_args' from command line to 'None'
[0.194s] Level 5:colcon.colcon_core.verb:set package 'puzzlebot_description' build argument 'catkin_cmake_args' from command line to 'None'
[0.194s] Level 5:colcon.colcon_core.verb:set package 'puzzlebot_description' build argument 'catkin_skip_building_tests' from command line to 'False'
[0.194s] DEBUG:colcon.colcon_core.verb:Building package 'puzzlebot_description' with the following arguments: {'ament_cmake_args': None, 'build_base': '/root/ROS2Activities/workspace/challenge3_ws/build/puzzlebot_description', 'catkin_cmake_args': None, 'catkin_skip_building_tests': False, 'cmake_args': None, 'cmake_clean_cache': False, 'cmake_clean_first': False, 'cmake_force_configure': False, 'cmake_target': None, 'cmake_target_skip_unavailable': False, 'install_base': '/root/ROS2Activities/workspace/challenge3_ws/install/puzzlebot_description', 'merge_install': False, 'path': '/root/ROS2Activities/workspace/challenge3_ws/src/puzzlebot_description', 'symlink_install': False, 'test_result_base': None}
[0.194s] Level 5:colcon.colcon_core.verb:set package 'puzzlebot_gazebo' build argument 'cmake_args' from command line to 'None'
[0.194s] Level 5:colcon.colcon_core.verb:set package 'puzzlebot_gazebo' build argument 'cmake_target' from command line to 'None'
[0.194s] Level 5:colcon.colcon_core.verb:set package 'puzzlebot_gazebo' build argument 'cmake_target_skip_unavailable' from command line to 'False'
[0.194s] Level 5:colcon.colcon_core.verb:set package 'puzzlebot_gazebo' build argument 'cmake_clean_cache' from command line to 'False'
[0.194s] Level 5:colcon.colcon_core.verb:set package 'puzzlebot_gazebo' build argument 'cmake_clean_first' from command line to 'False'
[0.194s] Level 5:colcon.colcon_core.verb:set package 'puzzlebot_gazebo' build argument 'cmake_force_configure' from command line to 'False'
[0.194s] Level 5:colcon.colcon_core.verb:set package 'puzzlebot_gazebo' build argument 'ament_cmake_args' from command line to 'None'
[0.194s] Level 5:colcon.colcon_core.verb:set package 'puzzlebot_gazebo' build argument 'catkin_cmake_args' from command line to 'None'
[0.194s] Level 5:colcon.colcon_core.verb:set package 'puzzlebot_gazebo' build argument 'catkin_skip_building_tests' from command line to 'False'
[0.194s] DEBUG:colcon.colcon_core.verb:Building package 'puzzlebot_gazebo' with the following arguments: {'ament_cmake_args': None, 'build_base': '/root/ROS2Activities/workspace/challenge3_ws/build/puzzlebot_gazebo', 'catkin_cmake_args': None, 'catkin_skip_building_tests': False, 'cmake_args': None, 'cmake_clean_cache': False, 'cmake_clean_first': False, 'cmake_force_configure': False, 'cmake_target': None, 'cmake_target_skip_unavailable': False, 'install_base': '/root/ROS2Activities/workspace/challenge3_ws/install/puzzlebot_gazebo', 'merge_install': False, 'path': '/root/ROS2Activities/workspace/challenge3_ws/src/puzzlebot_gazebo', 'symlink_install': False, 'test_result_base': None}
[0.194s] Level 5:colcon.colcon_core.verb:set package 'gazebo_ros2_control_demos' build argument 'cmake_args' from command line to 'None'
[0.194s] Level 5:colcon.colcon_core.verb:set package 'gazebo_ros2_control_demos' build argument 'cmake_target' from command line to 'None'
[0.195s] Level 5:colcon.colcon_core.verb:set package 'gazebo_ros2_control_demos' build argument 'cmake_target_skip_unavailable' from command line to 'False'
[0.195s] Level 5:colcon.colcon_core.verb:set package 'gazebo_ros2_control_demos' build argument 'cmake_clean_cache' from command line to 'False'
[0.195s] Level 5:colcon.colcon_core.verb:set package 'gazebo_ros2_control_demos' build argument 'cmake_clean_first' from command line to 'False'
[0.195s] Level 5:colcon.colcon_core.verb:set package 'gazebo_ros2_control_demos' build argument 'cmake_force_configure' from command line to 'False'
[0.195s] Level 5:colcon.colcon_core.verb:set package 'gazebo_ros2_control_demos' build argument 'ament_cmake_args' from command line to 'None'
[0.195s] Level 5:colcon.colcon_core.verb:set package 'gazebo_ros2_control_demos' build argument 'catkin_cmake_args' from command line to 'None'
[0.195s] Level 5:colcon.colcon_core.verb:set package 'gazebo_ros2_control_demos' build argument 'catkin_skip_building_tests' from command line to 'False'
[0.195s] DEBUG:colcon.colcon_core.verb:Building package 'gazebo_ros2_control_demos' with the following arguments: {'ament_cmake_args': None, 'build_base': '/root/ROS2Activities/workspace/challenge3_ws/build/gazebo_ros2_control_demos', 'catkin_cmake_args': None, 'catkin_skip_building_tests': False, 'cmake_args': None, 'cmake_clean_cache': False, 'cmake_clean_first': False, 'cmake_force_configure': False, 'cmake_target': None, 'cmake_target_skip_unavailable': False, 'install_base': '/root/ROS2Activities/workspace/challenge3_ws/install/gazebo_ros2_control_demos', 'merge_install': False, 'path': '/root/ROS2Activities/workspace/challenge3_ws/src/gazebo_ros2_control/gazebo_ros2_control_demos', 'symlink_install': False, 'test_result_base': None}
[0.195s] INFO:colcon.colcon_core.executor:Executing jobs using 'parallel' executor
[0.195s] DEBUG:colcon.colcon_parallel_executor.executor.parallel:run_until_complete
[0.196s] INFO:colcon.colcon_ros.task.ament_cmake.build:Building ROS package in '/root/ROS2Activities/workspace/challenge3_ws/src/gazebo_ros2_control/gazebo_ros2_control' with build type 'ament_cmake'
[0.196s] INFO:colcon.colcon_cmake.task.cmake.build:Building CMake package in '/root/ROS2Activities/workspace/challenge3_ws/src/gazebo_ros2_control/gazebo_ros2_control'
[0.197s] INFO:colcon.colcon_core.plugin_system:Skipping extension 'colcon_core.shell.bat': Not used on non-Windows systems
[0.197s] INFO:colcon.colcon_core.shell:Skip shell extension 'powershell' for command environment: Not usable outside of PowerShell
[0.197s] DEBUG:colcon.colcon_core.shell:Skip shell extension 'dsv' for command environment
[0.201s] INFO:colcon.colcon_ros.task.ament_python.build:Building ROS package in '/root/ROS2Activities/workspace/challenge3_ws/src/puzzlebot_control' with build type 'ament_python'
[0.201s] Level 1:colcon.colcon_core.shell:create_environment_hook('puzzlebot_control', 'ament_prefix_path')
[0.201s] INFO:colcon.colcon_core.shell:Creating environment hook '/root/ROS2Activities/workspace/challenge3_ws/install/puzzlebot_control/share/puzzlebot_control/hook/ament_prefix_path.ps1'
[0.201s] INFO:colcon.colcon_core.shell:Creating environment descriptor '/root/ROS2Activities/workspace/challenge3_ws/install/puzzlebot_control/share/puzzlebot_control/hook/ament_prefix_path.dsv'
[0.202s] INFO:colcon.colcon_core.shell:Creating environment hook '/root/ROS2Activities/workspace/challenge3_ws/install/puzzlebot_control/share/puzzlebot_control/hook/ament_prefix_path.sh'
[0.202s] INFO:colcon.colcon_core.shell:Skip shell extension 'powershell' for command environment: Not usable outside of PowerShell
[0.202s] DEBUG:colcon.colcon_core.shell:Skip shell extension 'dsv' for command environment
[0.204s] INFO:colcon.colcon_ros.task.ament_python.build:Building ROS package in '/root/ROS2Activities/workspace/challenge3_ws/src/puzzlebot_description' with build type 'ament_python'
[0.204s] Level 1:colcon.colcon_core.shell:create_environment_hook('puzzlebot_description', 'ament_prefix_path')
[0.204s] INFO:colcon.colcon_core.shell:Creating environment hook '/root/ROS2Activities/workspace/challenge3_ws/install/puzzlebot_description/share/puzzlebot_description/hook/ament_prefix_path.ps1'
[0.205s] INFO:colcon.colcon_core.shell:Creating environment descriptor '/root/ROS2Activities/workspace/challenge3_ws/install/puzzlebot_description/share/puzzlebot_description/hook/ament_prefix_path.dsv'
[0.205s] INFO:colcon.colcon_core.shell:Creating environment hook '/root/ROS2Activities/workspace/challenge3_ws/install/puzzlebot_description/share/puzzlebot_description/hook/ament_prefix_path.sh'
[0.205s] INFO:colcon.colcon_core.shell:Skip shell extension 'powershell' for command environment: Not usable outside of PowerShell
[0.205s] DEBUG:colcon.colcon_core.shell:Skip shell extension 'dsv' for command environment
[0.207s] INFO:colcon.colcon_ros.task.ament_python.build:Building ROS package in '/root/ROS2Activities/workspace/challenge3_ws/src/puzzlebot_gazebo' with build type 'ament_python'
[0.208s] Level 1:colcon.colcon_core.shell:create_environment_hook('puzzlebot_gazebo', 'ament_prefix_path')
[0.208s] INFO:colcon.colcon_core.shell:Creating environment hook '/root/ROS2Activities/workspace/challenge3_ws/install/puzzlebot_gazebo/share/puzzlebot_gazebo/hook/ament_prefix_path.ps1'
[0.208s] INFO:colcon.colcon_core.shell:Creating environment descriptor '/root/ROS2Activities/workspace/challenge3_ws/install/puzzlebot_gazebo/share/puzzlebot_gazebo/hook/ament_prefix_path.dsv'
[0.208s] INFO:colcon.colcon_core.shell:Creating environment hook '/root/ROS2Activities/workspace/challenge3_ws/install/puzzlebot_gazebo/share/puzzlebot_gazebo/hook/ament_prefix_path.sh'
[0.208s] INFO:colcon.colcon_core.shell:Skip shell extension 'powershell' for command environment: Not usable outside of PowerShell
[0.208s] DEBUG:colcon.colcon_core.shell:Skip shell extension 'dsv' for command environment
[0.214s] DEBUG:colcon.colcon_core.event_handler.log_command:Invoking command in '/root/ROS2Activities/workspace/challenge3_ws/build/gazebo_ros2_control': CMAKE_PREFIX_PATH=${CMAKE_PREFIX_PATH}:/root/ROS2Activities/workspace/challenge3_ws/install/puzzlebot_gazebo:/root/ROS2Activities/workspace/challenge3_ws/install/puzzlebot_description:/root/ROS2Activities/workspace/challenge3_ws/install/puzzlebot_control:/opt/ros/humble /usr/bin/cmake --build /root/ROS2Activities/workspace/challenge3_ws/build/gazebo_ros2_control -- -j16 -l16
[0.358s] WARNING:colcon.colcon_ros.task.ament_python.build:Package 'puzzlebot_control' doesn't explicitly install a marker in the package index (colcon-ros currently does it implicitly but that fallback will be removed in the future)
[0.358s] INFO:colcon.colcon_core.task.python.build:Building Python package in '/root/ROS2Activities/workspace/challenge3_ws/src/puzzlebot_control'
[0.358s] INFO:colcon.colcon_core.shell:Skip shell extension 'powershell' for command environment: Not usable outside of PowerShell
[0.358s] DEBUG:colcon.colcon_core.shell:Skip shell extension 'dsv' for command environment
[0.501s] WARNING:colcon.colcon_ros.task.ament_python.build:Package 'puzzlebot_description' doesn't explicitly install a marker in the package index (colcon-ros currently does it implicitly but that fallback will be removed in the future)
[0.501s] INFO:colcon.colcon_core.task.python.build:Building Python package in '/root/ROS2Activities/workspace/challenge3_ws/src/puzzlebot_description'
[0.502s] INFO:colcon.colcon_core.shell:Skip shell extension 'powershell' for command environment: Not usable outside of PowerShell
[0.502s] DEBUG:colcon.colcon_core.shell:Skip shell extension 'dsv' for command environment
[0.648s] WARNING:colcon.colcon_ros.task.ament_python.build:Package 'puzzlebot_gazebo' doesn't explicitly install a marker in the package index (colcon-ros currently does it implicitly but that fallback will be removed in the future)
[0.649s] INFO:colcon.colcon_core.task.python.build:Building Python package in '/root/ROS2Activities/workspace/challenge3_ws/src/puzzlebot_gazebo'
[0.649s] INFO:colcon.colcon_core.shell:Skip shell extension 'powershell' for command environment: Not usable outside of PowerShell
[0.649s] DEBUG:colcon.colcon_core.shell:Skip shell extension 'dsv' for command environment
[0.656s] DEBUG:colcon.colcon_core.event_handler.log_command:Invoked command in '/root/ROS2Activities/workspace/challenge3_ws/build/gazebo_ros2_control' returned '0': CMAKE_PREFIX_PATH=${CMAKE_PREFIX_PATH}:/root/ROS2Activities/workspace/challenge3_ws/install/puzzlebot_gazebo:/root/ROS2Activities/workspace/challenge3_ws/install/puzzlebot_description:/root/ROS2Activities/workspace/challenge3_ws/install/puzzlebot_control:/opt/ros/humble /usr/bin/cmake --build /root/ROS2Activities/workspace/challenge3_ws/build/gazebo_ros2_control -- -j16 -l16
[0.675s] DEBUG:colcon.colcon_core.event_handler.log_command:Invoking command in '/root/ROS2Activities/workspace/challenge3_ws/build/gazebo_ros2_control': CMAKE_PREFIX_PATH=${CMAKE_PREFIX_PATH}:/root/ROS2Activities/workspace/challenge3_ws/install/puzzlebot_gazebo:/root/ROS2Activities/workspace/challenge3_ws/install/puzzlebot_description:/root/ROS2Activities/workspace/challenge3_ws/install/puzzlebot_control:/opt/ros/humble /usr/bin/cmake --install /root/ROS2Activities/workspace/challenge3_ws/build/gazebo_ros2_control
[0.681s] Level 1:colcon.colcon_core.environment:create_environment_scripts_only(gazebo_ros2_control)
[0.682s] DEBUG:colcon.colcon_core.event_handler.log_command:Invoked command in '/root/ROS2Activities/workspace/challenge3_ws/build/gazebo_ros2_control' returned '0': CMAKE_PREFIX_PATH=${CMAKE_PREFIX_PATH}:/root/ROS2Activities/workspace/challenge3_ws/install/puzzlebot_gazebo:/root/ROS2Activities/workspace/challenge3_ws/install/puzzlebot_description:/root/ROS2Activities/workspace/challenge3_ws/install/puzzlebot_control:/opt/ros/humble /usr/bin/cmake --install /root/ROS2Activities/workspace/challenge3_ws/build/gazebo_ros2_control
[0.684s] Level 1:colcon.colcon_core.environment:checking '/root/ROS2Activities/workspace/challenge3_ws/install/gazebo_ros2_control' for CMake module files
[0.685s] Level 1:colcon.colcon_core.environment:checking '/root/ROS2Activities/workspace/challenge3_ws/install/gazebo_ros2_control' for CMake config files
[0.685s] Level 1:colcon.colcon_core.shell:create_environment_hook('gazebo_ros2_control', 'cmake_prefix_path')
[0.685s] INFO:colcon.colcon_core.shell:Creating environment hook '/root/ROS2Activities/workspace/challenge3_ws/install/gazebo_ros2_control/share/gazebo_ros2_control/hook/cmake_prefix_path.ps1'
[0.685s] INFO:colcon.colcon_core.shell:Creating environment descriptor '/root/ROS2Activities/workspace/challenge3_ws/install/gazebo_ros2_control/share/gazebo_ros2_control/hook/cmake_prefix_path.dsv'
[0.685s] INFO:colcon.colcon_core.shell:Creating environment hook '/root/ROS2Activities/workspace/challenge3_ws/install/gazebo_ros2_control/share/gazebo_ros2_control/hook/cmake_prefix_path.sh'
[0.686s] Level 1:colcon.colcon_core.environment:checking '/root/ROS2Activities/workspace/challenge3_ws/install/gazebo_ros2_control/lib'
[0.686s] Level 1:colcon.colcon_core.shell:create_environment_hook('gazebo_ros2_control', 'ld_library_path_lib')
[0.686s] INFO:colcon.colcon_core.shell:Creating environment hook '/root/ROS2Activities/workspace/challenge3_ws/install/gazebo_ros2_control/share/gazebo_ros2_control/hook/ld_library_path_lib.ps1'
[0.686s] INFO:colcon.colcon_core.shell:Creating environment descriptor '/root/ROS2Activities/workspace/challenge3_ws/install/gazebo_ros2_control/share/gazebo_ros2_control/hook/ld_library_path_lib.dsv'
[0.686s] INFO:colcon.colcon_core.shell:Creating environment hook '/root/ROS2Activities/workspace/challenge3_ws/install/gazebo_ros2_control/share/gazebo_ros2_control/hook/ld_library_path_lib.sh'
[0.687s] Level 1:colcon.colcon_core.environment:checking '/root/ROS2Activities/workspace/challenge3_ws/install/gazebo_ros2_control/bin'
[0.687s] Level 1:colcon.colcon_core.environment:checking '/root/ROS2Activities/workspace/challenge3_ws/install/gazebo_ros2_control/lib/pkgconfig/gazebo_ros2_control.pc'
[0.687s] Level 1:colcon.colcon_core.environment:checking '/root/ROS2Activities/workspace/challenge3_ws/install/gazebo_ros2_control/lib/python3.10/site-packages'
[0.687s] Level 1:colcon.colcon_core.environment:checking '/root/ROS2Activities/workspace/challenge3_ws/install/gazebo_ros2_control/bin'
[0.687s] INFO:colcon.colcon_core.shell:Creating package script '/root/ROS2Activities/workspace/challenge3_ws/install/gazebo_ros2_control/share/gazebo_ros2_control/package.ps1'
[0.688s] INFO:colcon.colcon_core.shell:Creating package descriptor '/root/ROS2Activities/workspace/challenge3_ws/install/gazebo_ros2_control/share/gazebo_ros2_control/package.dsv'
[0.694s] INFO:colcon.colcon_core.shell:Creating package script '/root/ROS2Activities/workspace/challenge3_ws/install/gazebo_ros2_control/share/gazebo_ros2_control/package.sh'
[0.695s] INFO:colcon.colcon_core.shell:Creating package script '/root/ROS2Activities/workspace/challenge3_ws/install/gazebo_ros2_control/share/gazebo_ros2_control/package.bash'
[0.695s] INFO:colcon.colcon_core.shell:Creating package script '/root/ROS2Activities/workspace/challenge3_ws/install/gazebo_ros2_control/share/gazebo_ros2_control/package.zsh'
[0.696s] Level 1:colcon.colcon_core.environment:create_file_with_runtime_dependencies(/root/ROS2Activities/workspace/challenge3_ws/install/gazebo_ros2_control/share/colcon-core/packages/gazebo_ros2_control)
[0.712s] Level 1:colcon.colcon_core.environment:create_environment_scripts_only(gazebo_ros2_control)
[0.712s] Level 1:colcon.colcon_core.environment:checking '/root/ROS2Activities/workspace/challenge3_ws/install/gazebo_ros2_control' for CMake module files
[0.712s] Level 1:colcon.colcon_core.environment:checking '/root/ROS2Activities/workspace/challenge3_ws/install/gazebo_ros2_control' for CMake config files
[0.713s] Level 1:colcon.colcon_core.shell:create_environment_hook('gazebo_ros2_control', 'cmake_prefix_path')
[0.713s] INFO:colcon.colcon_core.shell:Creating environment hook '/root/ROS2Activities/workspace/challenge3_ws/install/gazebo_ros2_control/share/gazebo_ros2_control/hook/cmake_prefix_path.ps1'
[0.713s] INFO:colcon.colcon_core.shell:Creating environment descriptor '/root/ROS2Activities/workspace/challenge3_ws/install/gazebo_ros2_control/share/gazebo_ros2_control/hook/cmake_prefix_path.dsv'
[0.714s] INFO:colcon.colcon_core.shell:Creating environment hook '/root/ROS2Activities/workspace/challenge3_ws/install/gazebo_ros2_control/share/gazebo_ros2_control/hook/cmake_prefix_path.sh'
[0.714s] Level 1:colcon.colcon_core.environment:checking '/root/ROS2Activities/workspace/challenge3_ws/install/gazebo_ros2_control/lib'
[0.714s] Level 1:colcon.colcon_core.shell:create_environment_hook('gazebo_ros2_control', 'ld_library_path_lib')
[0.714s] INFO:colcon.colcon_core.shell:Creating environment hook '/root/ROS2Activities/workspace/challenge3_ws/install/gazebo_ros2_control/share/gazebo_ros2_control/hook/ld_library_path_lib.ps1'
[0.715s] INFO:colcon.colcon_core.shell:Creating environment descriptor '/root/ROS2Activities/workspace/challenge3_ws/install/gazebo_ros2_control/share/gazebo_ros2_control/hook/ld_library_path_lib.dsv'
[0.715s] INFO:colcon.colcon_core.shell:Creating environment hook '/root/ROS2Activities/workspace/challenge3_ws/install/gazebo_ros2_control/share/gazebo_ros2_control/hook/ld_library_path_lib.sh'
[0.715s] Level 1:colcon.colcon_core.environment:checking '/root/ROS2Activities/workspace/challenge3_ws/install/gazebo_ros2_control/bin'
[0.715s] Level 1:colcon.colcon_core.environment:checking '/root/ROS2Activities/workspace/challenge3_ws/install/gazebo_ros2_control/lib/pkgconfig/gazebo_ros2_control.pc'
[0.716s] Level 1:colcon.colcon_core.environment:checking '/root/ROS2Activities/workspace/challenge3_ws/install/gazebo_ros2_control/lib/python3.10/site-packages'
[0.716s] Level 1:colcon.colcon_core.environment:checking '/root/ROS2Activities/workspace/challenge3_ws/install/gazebo_ros2_control/bin'
[0.716s] INFO:colcon.colcon_core.shell:Creating package script '/root/ROS2Activities/workspace/challenge3_ws/install/gazebo_ros2_control/share/gazebo_ros2_control/package.ps1'
[0.717s] INFO:colcon.colcon_core.shell:Creating package descriptor '/root/ROS2Activities/workspace/challenge3_ws/install/gazebo_ros2_control/share/gazebo_ros2_control/package.dsv'
[0.717s] INFO:colcon.colcon_core.shell:Creating package script '/root/ROS2Activities/workspace/challenge3_ws/install/gazebo_ros2_control/share/gazebo_ros2_control/package.sh'
[0.718s] INFO:colcon.colcon_core.shell:Creating package script '/root/ROS2Activities/workspace/challenge3_ws/install/gazebo_ros2_control/share/gazebo_ros2_control/package.bash'
[0.718s] INFO:colcon.colcon_core.shell:Creating package script '/root/ROS2Activities/workspace/challenge3_ws/install/gazebo_ros2_control/share/gazebo_ros2_control/package.zsh'
[0.718s] Level 1:colcon.colcon_core.environment:create_file_with_runtime_dependencies(/root/ROS2Activities/workspace/challenge3_ws/install/gazebo_ros2_control/share/colcon-core/packages/gazebo_ros2_control)
[0.718s] INFO:colcon.colcon_ros.task.ament_cmake.build:Building ROS package in '/root/ROS2Activities/workspace/challenge3_ws/src/gazebo_ros2_control/gazebo_ros2_control_demos' with build type 'ament_cmake'
[0.719s] INFO:colcon.colcon_cmake.task.cmake.build:Building CMake package in '/root/ROS2Activities/workspace/challenge3_ws/src/gazebo_ros2_control/gazebo_ros2_control_demos'
[0.719s] INFO:colcon.colcon_core.shell:Skip shell extension 'powershell' for command environment: Not usable outside of PowerShell
[0.719s] DEBUG:colcon.colcon_core.shell:Skip shell extension 'dsv' for command environment
[0.728s] DEBUG:colcon.colcon_core.event_handler.log_command:Invoking command in '/root/ROS2Activities/workspace/challenge3_ws/build/gazebo_ros2_control_demos': CMAKE_PREFIX_PATH=/root/ROS2Activities/workspace/challenge3_ws/install/gazebo_ros2_control:/root/ROS2Activities/workspace/challenge3_ws/install/gazebo_ros2_control_demos:/root/ROS2Activities/workspace/challenge3_ws/install:/root/ROS2Activities/workspace/challenge3_ws/install/puzzlebot_gazebo:/root/ROS2Activities/workspace/challenge3_ws/install/puzzlebot_description:/root/ROS2Activities/workspace/challenge3_ws/install/puzzlebot_control:/opt/ros/humble /usr/bin/cmake --build /root/ROS2Activities/workspace/challenge3_ws/build/gazebo_ros2_control_demos -- -j16 -l16
[0.776s] DEBUG:colcon.colcon_core.event_handler.log_command:Invoked command in '/root/ROS2Activities/workspace/challenge3_ws/build/gazebo_ros2_control_demos' returned '0': CMAKE_PREFIX_PATH=/root/ROS2Activities/workspace/challenge3_ws/install/gazebo_ros2_control:/root/ROS2Activities/workspace/challenge3_ws/install/gazebo_ros2_control_demos:/root/ROS2Activities/workspace/challenge3_ws/install:/root/ROS2Activities/workspace/challenge3_ws/install/puzzlebot_gazebo:/root/ROS2Activities/workspace/challenge3_ws/install/puzzlebot_description:/root/ROS2Activities/workspace/challenge3_ws/install/puzzlebot_control:/opt/ros/humble /usr/bin/cmake --build /root/ROS2Activities/workspace/challenge3_ws/build/gazebo_ros2_control_demos -- -j16 -l16
[0.798s] DEBUG:colcon.colcon_core.event_handler.log_command:Invoking command in '/root/ROS2Activities/workspace/challenge3_ws/build/gazebo_ros2_control_demos': CMAKE_PREFIX_PATH=/root/ROS2Activities/workspace/challenge3_ws/install/gazebo_ros2_control:/root/ROS2Activities/workspace/challenge3_ws/install/gazebo_ros2_control_demos:/root/ROS2Activities/workspace/challenge3_ws/install:/root/ROS2Activities/workspace/challenge3_ws/install/puzzlebot_gazebo:/root/ROS2Activities/workspace/challenge3_ws/install/puzzlebot_description:/root/ROS2Activities/workspace/challenge3_ws/install/puzzlebot_control:/opt/ros/humble /usr/bin/cmake --install /root/ROS2Activities/workspace/challenge3_ws/build/gazebo_ros2_control_demos
[0.805s] Level 1:colcon.colcon_core.environment:create_environment_scripts_only(gazebo_ros2_control_demos)
[0.806s] Level 1:colcon.colcon_core.environment:checking '/root/ROS2Activities/workspace/challenge3_ws/install/gazebo_ros2_control_demos' for CMake module files
[0.807s] DEBUG:colcon.colcon_core.event_handler.log_command:Invoked command in '/root/ROS2Activities/workspace/challenge3_ws/build/gazebo_ros2_control_demos' returned '0': CMAKE_PREFIX_PATH=/root/ROS2Activities/workspace/challenge3_ws/install/gazebo_ros2_control:/root/ROS2Activities/workspace/challenge3_ws/install/gazebo_ros2_control_demos:/root/ROS2Activities/workspace/challenge3_ws/install:/root/ROS2Activities/workspace/challenge3_ws/install/puzzlebot_gazebo:/root/ROS2Activities/workspace/challenge3_ws/install/puzzlebot_description:/root/ROS2Activities/workspace/challenge3_ws/install/puzzlebot_control:/opt/ros/humble /usr/bin/cmake --install /root/ROS2Activities/workspace/challenge3_ws/build/gazebo_ros2_control_demos
[0.808s] Level 1:colcon.colcon_core.environment:checking '/root/ROS2Activities/workspace/challenge3_ws/install/gazebo_ros2_control_demos' for CMake config files
[0.808s] Level 1:colcon.colcon_core.shell:create_environment_hook('gazebo_ros2_control_demos', 'cmake_prefix_path')
[0.808s] INFO:colcon.colcon_core.shell:Creating environment hook '/root/ROS2Activities/workspace/challenge3_ws/install/gazebo_ros2_control_demos/share/gazebo_ros2_control_demos/hook/cmake_prefix_path.ps1'
[0.809s] INFO:colcon.colcon_core.shell:Creating environment descriptor '/root/ROS2Activities/workspace/challenge3_ws/install/gazebo_ros2_control_demos/share/gazebo_ros2_control_demos/hook/cmake_prefix_path.dsv'
[0.809s] INFO:colcon.colcon_core.shell:Creating environment hook '/root/ROS2Activities/workspace/challenge3_ws/install/gazebo_ros2_control_demos/share/gazebo_ros2_control_demos/hook/cmake_prefix_path.sh'
[0.809s] Level 1:colcon.colcon_core.environment:checking '/root/ROS2Activities/workspace/challenge3_ws/install/gazebo_ros2_control_demos/lib'
[0.809s] Level 1:colcon.colcon_core.environment:checking '/root/ROS2Activities/workspace/challenge3_ws/install/gazebo_ros2_control_demos/bin'
[0.809s] Level 1:colcon.colcon_core.environment:checking '/root/ROS2Activities/workspace/challenge3_ws/install/gazebo_ros2_control_demos/lib/pkgconfig/gazebo_ros2_control_demos.pc'
[0.810s] Level 1:colcon.colcon_core.environment:checking '/root/ROS2Activities/workspace/challenge3_ws/install/gazebo_ros2_control_demos/lib/python3.10/site-packages'
[0.810s] Level 1:colcon.colcon_core.environment:checking '/root/ROS2Activities/workspace/challenge3_ws/install/gazebo_ros2_control_demos/bin'
[0.810s] INFO:colcon.colcon_core.shell:Creating package script '/root/ROS2Activities/workspace/challenge3_ws/install/gazebo_ros2_control_demos/share/gazebo_ros2_control_demos/package.ps1'
[0.811s] INFO:colcon.colcon_core.shell:Creating package descriptor '/root/ROS2Activities/workspace/challenge3_ws/install/gazebo_ros2_control_demos/share/gazebo_ros2_control_demos/package.dsv'
[0.811s] INFO:colcon.colcon_core.shell:Creating package script '/root/ROS2Activities/workspace/challenge3_ws/install/gazebo_ros2_control_demos/share/gazebo_ros2_control_demos/package.sh'
[0.811s] INFO:colcon.colcon_core.shell:Creating package script '/root/ROS2Activities/workspace/challenge3_ws/install/gazebo_ros2_control_demos/share/gazebo_ros2_control_demos/package.bash'
[0.812s] INFO:colcon.colcon_core.shell:Creating package script '/root/ROS2Activities/workspace/challenge3_ws/install/gazebo_ros2_control_demos/share/gazebo_ros2_control_demos/package.zsh'
[0.812s] Level 1:colcon.colcon_core.environment:create_file_with_runtime_dependencies(/root/ROS2Activities/workspace/challenge3_ws/install/gazebo_ros2_control_demos/share/colcon-core/packages/gazebo_ros2_control_demos)
[0.832s] Level 1:colcon.colcon_core.environment:create_environment_scripts_only(gazebo_ros2_control_demos)
[0.833s] Level 1:colcon.colcon_core.environment:checking '/root/ROS2Activities/workspace/challenge3_ws/install/gazebo_ros2_control_demos' for CMake module files
[0.833s] Level 1:colcon.colcon_core.environment:checking '/root/ROS2Activities/workspace/challenge3_ws/install/gazebo_ros2_control_demos' for CMake config files
[0.833s] Level 1:colcon.colcon_core.shell:create_environment_hook('gazebo_ros2_control_demos', 'cmake_prefix_path')
[0.834s] INFO:colcon.colcon_core.shell:Creating environment hook '/root/ROS2Activities/workspace/challenge3_ws/install/gazebo_ros2_control_demos/share/gazebo_ros2_control_demos/hook/cmake_prefix_path.ps1'
[0.834s] INFO:colcon.colcon_core.shell:Creating environment descriptor '/root/ROS2Activities/workspace/challenge3_ws/install/gazebo_ros2_control_demos/share/gazebo_ros2_control_demos/hook/cmake_prefix_path.dsv'
[0.834s] INFO:colcon.colcon_core.shell:Creating environment hook '/root/ROS2Activities/workspace/challenge3_ws/install/gazebo_ros2_control_demos/share/gazebo_ros2_control_demos/hook/cmake_prefix_path.sh'
[0.834s] Level 1:colcon.colcon_core.environment:checking '/root/ROS2Activities/workspace/challenge3_ws/install/gazebo_ros2_control_demos/lib'
[0.834s] Level 1:colcon.colcon_core.environment:checking '/root/ROS2Activities/workspace/challenge3_ws/install/gazebo_ros2_control_demos/bin'
[0.834s] Level 1:colcon.colcon_core.environment:checking '/root/ROS2Activities/workspace/challenge3_ws/install/gazebo_ros2_control_demos/lib/pkgconfig/gazebo_ros2_control_demos.pc'
[0.835s] Level 1:colcon.colcon_core.environment:checking '/root/ROS2Activities/workspace/challenge3_ws/install/gazebo_ros2_control_demos/lib/python3.10/site-packages'
[0.835s] Level 1:colcon.colcon_core.environment:checking '/root/ROS2Activities/workspace/challenge3_ws/install/gazebo_ros2_control_demos/bin'
[0.835s] INFO:colcon.colcon_core.shell:Creating package script '/root/ROS2Activities/workspace/challenge3_ws/install/gazebo_ros2_control_demos/share/gazebo_ros2_control_demos/package.ps1'
[0.835s] INFO:colcon.colcon_core.shell:Creating package descriptor '/root/ROS2Activities/workspace/challenge3_ws/install/gazebo_ros2_control_demos/share/gazebo_ros2_control_demos/package.dsv'
[0.836s] INFO:colcon.colcon_core.shell:Creating package script '/root/ROS2Activities/workspace/challenge3_ws/install/gazebo_ros2_control_demos/share/gazebo_ros2_control_demos/package.sh'
[0.836s] INFO:colcon.colcon_core.shell:Creating package script '/root/ROS2Activities/workspace/challenge3_ws/install/gazebo_ros2_control_demos/share/gazebo_ros2_control_demos/package.bash'
[0.836s] INFO:colcon.colcon_core.shell:Creating package script '/root/ROS2Activities/workspace/challenge3_ws/install/gazebo_ros2_control_demos/share/gazebo_ros2_control_demos/package.zsh'
[0.836s] Level 1:colcon.colcon_core.environment:create_file_with_runtime_dependencies(/root/ROS2Activities/workspace/challenge3_ws/install/gazebo_ros2_control_demos/share/colcon-core/packages/gazebo_ros2_control_demos)
[0.883s] DEBUG:colcon.colcon_core.event_handler.log_command:Invoking command in '/root/ROS2Activities/workspace/challenge3_ws/src/puzzlebot_gazebo': PYTHONPATH=/root/ROS2Activities/workspace/challenge3_ws/build/puzzlebot_gazebo/prefix_override:/root/ROS2Activities/workspace/challenge3_ws/install/puzzlebot_gazebo/lib/python3.10/site-packages:${PYTHONPATH} /usr/bin/python3 -W ignore:setup.py install is deprecated setup.py egg_info --egg-base ../../build/puzzlebot_gazebo build --build-base /root/ROS2Activities/workspace/challenge3_ws/build/puzzlebot_gazebo/build install --record /root/ROS2Activities/workspace/challenge3_ws/build/puzzlebot_gazebo/install.log --single-version-externally-managed install_data
[0.884s] DEBUG:colcon.colcon_core.event_handler.log_command:Invoking command in '/root/ROS2Activities/workspace/challenge3_ws/src/puzzlebot_control': PYTHONPATH=/root/ROS2Activities/workspace/challenge3_ws/build/puzzlebot_control/prefix_override:/root/ROS2Activities/workspace/challenge3_ws/install/puzzlebot_control/lib/python3.10/site-packages:${PYTHONPATH} /usr/bin/python3 -W ignore:setup.py install is deprecated setup.py egg_info --egg-base ../../build/puzzlebot_control build --build-base /root/ROS2Activities/workspace/challenge3_ws/build/puzzlebot_control/build install --record /root/ROS2Activities/workspace/challenge3_ws/build/puzzlebot_control/install.log --single-version-externally-managed install_data
[0.885s] DEBUG:colcon.colcon_core.event_handler.log_command:Invoking command in '/root/ROS2Activities/workspace/challenge3_ws/src/puzzlebot_description': PYTHONPATH=/root/ROS2Activities/workspace/challenge3_ws/build/puzzlebot_description/prefix_override:/root/ROS2Activities/workspace/challenge3_ws/install/puzzlebot_description/lib/python3.10/site-packages:${PYTHONPATH} /usr/bin/python3 -W ignore:setup.py install is deprecated setup.py egg_info --egg-base ../../build/puzzlebot_description build --build-base /root/ROS2Activities/workspace/challenge3_ws/build/puzzlebot_description/build install --record /root/ROS2Activities/workspace/challenge3_ws/build/puzzlebot_description/install.log --single-version-externally-managed install_data
[1.060s] Level 1:colcon.colcon_core.environment:checking '/root/ROS2Activities/workspace/challenge3_ws/install/puzzlebot_control' for CMake module files
[1.060s] DEBUG:colcon.colcon_core.event_handler.log_command:Invoked command in '/root/ROS2Activities/workspace/challenge3_ws/src/puzzlebot_control' returned '0': PYTHONPATH=/root/ROS2Activities/workspace/challenge3_ws/build/puzzlebot_control/prefix_override:/root/ROS2Activities/workspace/challenge3_ws/install/puzzlebot_control/lib/python3.10/site-packages:${PYTHONPATH} /usr/bin/python3 -W ignore:setup.py install is deprecated setup.py egg_info --egg-base ../../build/puzzlebot_control build --build-base /root/ROS2Activities/workspace/challenge3_ws/build/puzzlebot_control/build install --record /root/ROS2Activities/workspace/challenge3_ws/build/puzzlebot_control/install.log --single-version-externally-managed install_data
[1.060s] Level 1:colcon.colcon_core.environment:checking '/root/ROS2Activities/workspace/challenge3_ws/install/puzzlebot_control' for CMake config files
[1.061s] Level 1:colcon.colcon_core.environment:checking '/root/ROS2Activities/workspace/challenge3_ws/install/puzzlebot_control/lib'
[1.061s] Level 1:colcon.colcon_core.environment:checking '/root/ROS2Activities/workspace/challenge3_ws/install/puzzlebot_control/bin'
[1.061s] Level 1:colcon.colcon_core.environment:checking '/root/ROS2Activities/workspace/challenge3_ws/install/puzzlebot_control/lib/pkgconfig/puzzlebot_control.pc'
[1.061s] Level 1:colcon.colcon_core.environment:checking '/root/ROS2Activities/workspace/challenge3_ws/install/puzzlebot_control/lib/python3.10/site-packages'
[1.061s] Level 1:colcon.colcon_core.shell:create_environment_hook('puzzlebot_control', 'pythonpath')
[1.061s] INFO:colcon.colcon_core.shell:Creating environment hook '/root/ROS2Activities/workspace/challenge3_ws/install/puzzlebot_control/share/puzzlebot_control/hook/pythonpath.ps1'
[1.061s] INFO:colcon.colcon_core.shell:Creating environment descriptor '/root/ROS2Activities/workspace/challenge3_ws/install/puzzlebot_control/share/puzzlebot_control/hook/pythonpath.dsv'
[1.062s] INFO:colcon.colcon_core.shell:Creating environment hook '/root/ROS2Activities/workspace/challenge3_ws/install/puzzlebot_control/share/puzzlebot_control/hook/pythonpath.sh'
[1.062s] Level 1:colcon.colcon_core.environment:checking '/root/ROS2Activities/workspace/challenge3_ws/install/puzzlebot_control/bin'
[1.062s] Level 1:colcon.colcon_core.environment:create_environment_scripts_only(puzzlebot_control)
[1.062s] INFO:colcon.colcon_core.shell:Creating package script '/root/ROS2Activities/workspace/challenge3_ws/install/puzzlebot_control/share/puzzlebot_control/package.ps1'
[1.063s] INFO:colcon.colcon_core.shell:Creating package descriptor '/root/ROS2Activities/workspace/challenge3_ws/install/puzzlebot_control/share/puzzlebot_control/package.dsv'
[1.063s] INFO:colcon.colcon_core.shell:Creating package script '/root/ROS2Activities/workspace/challenge3_ws/install/puzzlebot_control/share/puzzlebot_control/package.sh'
[1.063s] INFO:colcon.colcon_core.shell:Creating package script '/root/ROS2Activities/workspace/challenge3_ws/install/puzzlebot_control/share/puzzlebot_control/package.bash'
[1.063s] INFO:colcon.colcon_core.shell:Creating package script '/root/ROS2Activities/workspace/challenge3_ws/install/puzzlebot_control/share/puzzlebot_control/package.zsh'
[1.063s] Level 1:colcon.colcon_core.environment:create_file_with_runtime_dependencies(/root/ROS2Activities/workspace/challenge3_ws/install/puzzlebot_control/share/colcon-core/packages/puzzlebot_control)
[1.064s] Level 1:colcon.colcon_core.environment:checking '/root/ROS2Activities/workspace/challenge3_ws/install/puzzlebot_gazebo' for CMake module files
[1.064s] Level 1:colcon.colcon_core.environment:checking '/root/ROS2Activities/workspace/challenge3_ws/install/puzzlebot_gazebo' for CMake config files
[1.065s] DEBUG:colcon.colcon_core.event_handler.log_command:Invoked command in '/root/ROS2Activities/workspace/challenge3_ws/src/puzzlebot_gazebo' returned '0': PYTHONPATH=/root/ROS2Activities/workspace/challenge3_ws/build/puzzlebot_gazebo/prefix_override:/root/ROS2Activities/workspace/challenge3_ws/install/puzzlebot_gazebo/lib/python3.10/site-packages:${PYTHONPATH} /usr/bin/python3 -W ignore:setup.py install is deprecated setup.py egg_info --egg-base ../../build/puzzlebot_gazebo build --build-base /root/ROS2Activities/workspace/challenge3_ws/build/puzzlebot_gazebo/build install --record /root/ROS2Activities/workspace/challenge3_ws/build/puzzlebot_gazebo/install.log --single-version-externally-managed install_data
[1.065s] Level 1:colcon.colcon_core.environment:checking '/root/ROS2Activities/workspace/challenge3_ws/install/puzzlebot_gazebo/lib'
[1.065s] Level 1:colcon.colcon_core.environment:checking '/root/ROS2Activities/workspace/challenge3_ws/install/puzzlebot_gazebo/bin'
[1.065s] Level 1:colcon.colcon_core.environment:checking '/root/ROS2Activities/workspace/challenge3_ws/install/puzzlebot_gazebo/lib/pkgconfig/puzzlebot_gazebo.pc'
[1.065s] Level 1:colcon.colcon_core.environment:checking '/root/ROS2Activities/workspace/challenge3_ws/install/puzzlebot_gazebo/lib/python3.10/site-packages'
[1.065s] Level 1:colcon.colcon_core.shell:create_environment_hook('puzzlebot_gazebo', 'pythonpath')
[1.065s] INFO:colcon.colcon_core.shell:Creating environment hook '/root/ROS2Activities/workspace/challenge3_ws/install/puzzlebot_gazebo/share/puzzlebot_gazebo/hook/pythonpath.ps1'
[1.065s] INFO:colcon.colcon_core.shell:Creating environment descriptor '/root/ROS2Activities/workspace/challenge3_ws/install/puzzlebot_gazebo/share/puzzlebot_gazebo/hook/pythonpath.dsv'
[1.066s] INFO:colcon.colcon_core.shell:Creating environment hook '/root/ROS2Activities/workspace/challenge3_ws/install/puzzlebot_gazebo/share/puzzlebot_gazebo/hook/pythonpath.sh'
[1.066s] Level 1:colcon.colcon_core.environment:checking '/root/ROS2Activities/workspace/challenge3_ws/install/puzzlebot_gazebo/bin'
[1.066s] Level 1:colcon.colcon_core.environment:create_environment_scripts_only(puzzlebot_gazebo)
[1.066s] INFO:colcon.colcon_core.shell:Creating package script '/root/ROS2Activities/workspace/challenge3_ws/install/puzzlebot_gazebo/share/puzzlebot_gazebo/package.ps1'
[1.066s] INFO:colcon.colcon_core.shell:Creating package descriptor '/root/ROS2Activities/workspace/challenge3_ws/install/puzzlebot_gazebo/share/puzzlebot_gazebo/package.dsv'
[1.067s] INFO:colcon.colcon_core.shell:Creating package script '/root/ROS2Activities/workspace/challenge3_ws/install/puzzlebot_gazebo/share/puzzlebot_gazebo/package.sh'
[1.067s] INFO:colcon.colcon_core.shell:Creating package script '/root/ROS2Activities/workspace/challenge3_ws/install/puzzlebot_gazebo/share/puzzlebot_gazebo/package.bash'
[1.067s] INFO:colcon.colcon_core.shell:Creating package script '/root/ROS2Activities/workspace/challenge3_ws/install/puzzlebot_gazebo/share/puzzlebot_gazebo/package.zsh'
[1.067s] Level 1:colcon.colcon_core.environment:create_file_with_runtime_dependencies(/root/ROS2Activities/workspace/challenge3_ws/install/puzzlebot_gazebo/share/colcon-core/packages/puzzlebot_gazebo)
[1.068s] Level 1:colcon.colcon_core.environment:checking '/root/ROS2Activities/workspace/challenge3_ws/install/puzzlebot_description' for CMake module files
[1.068s] DEBUG:colcon.colcon_core.event_handler.log_command:Invoked command in '/root/ROS2Activities/workspace/challenge3_ws/src/puzzlebot_description' returned '0': PYTHONPATH=/root/ROS2Activities/workspace/challenge3_ws/build/puzzlebot_description/prefix_override:/root/ROS2Activities/workspace/challenge3_ws/install/puzzlebot_description/lib/python3.10/site-packages:${PYTHONPATH} /usr/bin/python3 -W ignore:setup.py install is deprecated setup.py egg_info --egg-base ../../build/puzzlebot_description build --build-base /root/ROS2Activities/workspace/challenge3_ws/build/puzzlebot_description/build install --record /root/ROS2Activities/workspace/challenge3_ws/build/puzzlebot_description/install.log --single-version-externally-managed install_data
[1.069s] Level 1:colcon.colcon_core.environment:checking '/root/ROS2Activities/workspace/challenge3_ws/install/puzzlebot_description' for CMake config files
[1.069s] Level 1:colcon.colcon_core.environment:checking '/root/ROS2Activities/workspace/challenge3_ws/install/puzzlebot_description/lib'
[1.069s] Level 1:colcon.colcon_core.environment:checking '/root/ROS2Activities/workspace/challenge3_ws/install/puzzlebot_description/bin'
[1.069s] Level 1:colcon.colcon_core.environment:checking '/root/ROS2Activities/workspace/challenge3_ws/install/puzzlebot_description/lib/pkgconfig/puzzlebot_description.pc'
[1.069s] Level 1:colcon.colcon_core.environment:checking '/root/ROS2Activities/workspace/challenge3_ws/install/puzzlebot_description/lib/python3.10/site-packages'
[1.069s] Level 1:colcon.colcon_core.shell:create_environment_hook('puzzlebot_description', 'pythonpath')
[1.069s] INFO:colcon.colcon_core.shell:Creating environment hook '/root/ROS2Activities/workspace/challenge3_ws/install/puzzlebot_description/share/puzzlebot_description/hook/pythonpath.ps1'
[1.070s] INFO:colcon.colcon_core.shell:Creating environment descriptor '/root/ROS2Activities/workspace/challenge3_ws/install/puzzlebot_description/share/puzzlebot_description/hook/pythonpath.dsv'
[1.070s] INFO:colcon.colcon_core.shell:Creating environment hook '/root/ROS2Activities/workspace/challenge3_ws/install/puzzlebot_description/share/puzzlebot_description/hook/pythonpath.sh'
[1.070s] Level 1:colcon.colcon_core.environment:checking '/root/ROS2Activities/workspace/challenge3_ws/install/puzzlebot_description/bin'
[1.070s] Level 1:colcon.colcon_core.environment:create_environment_scripts_only(puzzlebot_description)
[1.070s] INFO:colcon.colcon_core.shell:Creating package script '/root/ROS2Activities/workspace/challenge3_ws/install/puzzlebot_description/share/puzzlebot_description/package.ps1'
[1.071s] INFO:colcon.colcon_core.shell:Creating package descriptor '/root/ROS2Activities/workspace/challenge3_ws/install/puzzlebot_description/share/puzzlebot_description/package.dsv'
[1.071s] INFO:colcon.colcon_core.shell:Creating package script '/root/ROS2Activities/workspace/challenge3_ws/install/puzzlebot_description/share/puzzlebot_description/package.sh'
[1.071s] INFO:colcon.colcon_core.shell:Creating package script '/root/ROS2Activities/workspace/challenge3_ws/install/puzzlebot_description/share/puzzlebot_description/package.bash'
[1.071s] INFO:colcon.colcon_core.shell:Creating package script '/root/ROS2Activities/workspace/challenge3_ws/install/puzzlebot_description/share/puzzlebot_description/package.zsh'
[1.071s] Level 1:colcon.colcon_core.environment:create_file_with_runtime_dependencies(/root/ROS2Activities/workspace/challenge3_ws/install/puzzlebot_description/share/colcon-core/packages/puzzlebot_description)
[1.071s] DEBUG:colcon.colcon_parallel_executor.executor.parallel:closing loop
[1.072s] DEBUG:colcon.colcon_parallel_executor.executor.parallel:loop closed
[1.072s] DEBUG:colcon.colcon_parallel_executor.executor.parallel:run_until_complete finished with '0'
[1.072s] DEBUG:colcon.colcon_core.event_reactor:joining thread
[1.075s] INFO:colcon.colcon_core.plugin_system:Skipping extension 'colcon_notification.desktop_notification.notify_send': Could not find 'notify-send'
[1.075s] INFO:colcon.colcon_core.plugin_system:Skipping extension 'colcon_notification.desktop_notification.terminal_notifier': Not used on non-Darwin systems
[1.075s] INFO:colcon.colcon_core.plugin_system:Skipping extension 'colcon_notification.desktop_notification.win32': Not used on non-Windows systems
[1.075s] INFO:colcon.colcon_notification.desktop_notification:Sending desktop notification using 'notify2'
[1.077s] DEBUG:colcon.colcon_notification.desktop_notification.notify2:Failed to initialize notify2: org.freedesktop.DBus.Error.Spawn.ExecFailed: /usr/bin/dbus-launch terminated abnormally without any error message
[1.077s] DEBUG:colcon.colcon_core.event_reactor:joined thread
[1.077s] INFO:colcon.colcon_core.shell:Creating prefix script '/root/ROS2Activities/workspace/challenge3_ws/install/local_setup.ps1'
[1.078s] INFO:colcon.colcon_core.shell:Creating prefix util module '/root/ROS2Activities/workspace/challenge3_ws/install/_local_setup_util_ps1.py'
[1.079s] INFO:colcon.colcon_core.shell:Creating prefix chain script '/root/ROS2Activities/workspace/challenge3_ws/install/setup.ps1'
[1.080s] INFO:colcon.colcon_core.shell:Creating prefix script '/root/ROS2Activities/workspace/challenge3_ws/install/local_setup.sh'
[1.080s] INFO:colcon.colcon_core.shell:Creating prefix util module '/root/ROS2Activities/workspace/challenge3_ws/install/_local_setup_util_sh.py'
[1.080s] INFO:colcon.colcon_core.shell:Creating prefix chain script '/root/ROS2Activities/workspace/challenge3_ws/install/setup.sh'
[1.081s] INFO:colcon.colcon_core.shell:Creating prefix script '/root/ROS2Activities/workspace/challenge3_ws/install/local_setup.bash'
[1.081s] INFO:colcon.colcon_core.shell:Creating prefix chain script '/root/ROS2Activities/workspace/challenge3_ws/install/setup.bash'
[1.082s] INFO:colcon.colcon_core.shell:Creating prefix script '/root/ROS2Activities/workspace/challenge3_ws/install/local_setup.zsh'
[1.082s] INFO:colcon.colcon_core.shell:Creating prefix chain script '/root/ROS2Activities/workspace/challenge3_ws/install/setup.zsh'
