running develop
running egg_info
creating slm_sim.egg-info
writing slm_sim.egg-info/PKG-INFO
writing dependency_links to slm_sim.egg-info/dependency_links.txt
writing entry points to slm_sim.egg-info/entry_points.txt
writing requirements to slm_sim.egg-info/requires.txt
writing top-level names to slm_sim.egg-info/top_level.txt
writing manifest file 'slm_sim.egg-info/SOURCES.txt'
reading manifest file 'slm_sim.egg-info/SOURCES.txt'
writing manifest file 'slm_sim.egg-info/SOURCES.txt'
running build_ext
Creating /root/workspace/challenge1_ws/install/slm_sim/lib/python3.10/site-packages/slm-sim.egg-link (link to .)

Installed /root/workspace/challenge1_ws/build/slm_sim
running symlink_data
creating /root/workspace/challenge1_ws/install/slm_sim/share/ament_index
creating /root/workspace/challenge1_ws/install/slm_sim/share/ament_index/resource_index
creating /root/workspace/challenge1_ws/install/slm_sim/share/ament_index/resource_index/packages
symbolically linking /root/workspace/challenge1_ws/build/slm_sim/resource/slm_sim -> /root/workspace/challenge1_ws/install/slm_sim/share/ament_index/resource_index/packages
symbolically linking /root/workspace/challenge1_ws/build/slm_sim/package.xml -> /root/workspace/challenge1_ws/install/slm_sim/share/slm_sim
creating /root/workspace/challenge1_ws/install/slm_sim/share/slm_sim/launch
symbolically linking /root/workspace/challenge1_ws/build/slm_sim/launch/slm_sim.launch.py -> /root/workspace/challenge1_ws/install/slm_sim/share/slm_sim/launch
symbolically linking /root/workspace/challenge1_ws/build/slm_sim/urdf/pendulum.urdf.xml -> /root/workspace/challenge1_ws/install/slm_sim/share/slm_sim
symbolically linking /root/workspace/challenge1_ws/build/slm_sim/urdf/pendulum.rviz -> /root/workspace/challenge1_ws/install/slm_sim/share/slm_sim
symbolically linking /root/workspace/challenge1_ws/build/slm_sim/meshes/Base_2.stl -> /root/workspace/challenge1_ws/install/slm_sim/share/slm_sim
symbolically linking /root/workspace/challenge1_ws/build/slm_sim/meshes/Arm_2.stl -> /root/workspace/challenge1_ws/install/slm_sim/share/slm_sim
