[0.846s] Invoking command in '/root/ROS2Activities/workspace/challenge3_ws/src/puzzlebot_description': PYTHONPATH=/root/ROS2Activities/workspace/challenge3_ws/build/puzzlebot_description/prefix_override:/root/ROS2Activities/workspace/challenge3_ws/install/puzzlebot_description/lib/python3.10/site-packages:${PYTHONPATH} /usr/bin/python3 -W ignore:setup.py install is deprecated setup.py egg_info --egg-base ../../build/puzzlebot_description build --build-base /root/ROS2Activities/workspace/challenge3_ws/build/puzzlebot_description/build install --record /root/ROS2Activities/workspace/challenge3_ws/build/puzzlebot_description/install.log --single-version-externally-managed install_data
[1.047s] running egg_info
[1.049s] writing ../../build/puzzlebot_description/puzzlebot_description.egg-info/PKG-INFO
[1.049s] writing dependency_links to ../../build/puzzlebot_description/puzzlebot_description.egg-info/dependency_links.txt
[1.049s] writing entry points to ../../build/puzzlebot_description/puzzlebot_description.egg-info/entry_points.txt
[1.049s] writing requirements to ../../build/puzzlebot_description/puzzlebot_description.egg-info/requires.txt
[1.050s] writing top-level names to ../../build/puzzlebot_description/puzzlebot_description.egg-info/top_level.txt
[1.051s] reading manifest file '../../build/puzzlebot_description/puzzlebot_description.egg-info/SOURCES.txt'
[1.051s] writing manifest file '../../build/puzzlebot_description/puzzlebot_description.egg-info/SOURCES.txt'
[1.052s] running build
[1.052s] running build_py
[1.052s] running install
[1.052s] running install_lib
[1.053s] running install_data
[1.053s] running install_egg_info
[1.055s] removing '/root/ROS2Activities/workspace/challenge3_ws/install/puzzlebot_description/lib/python3.10/site-packages/puzzlebot_description-0.0.0-py3.10.egg-info' (and everything under it)
[1.055s] Copying ../../build/puzzlebot_description/puzzlebot_description.egg-info to /root/ROS2Activities/workspace/challenge3_ws/install/puzzlebot_description/lib/python3.10/site-packages/puzzlebot_description-0.0.0-py3.10.egg-info
[1.056s] running install_scripts
[1.078s] writing list of installed files to '/root/ROS2Activities/workspace/challenge3_ws/build/puzzlebot_description/install.log'
[1.109s] Invoked command in '/root/ROS2Activities/workspace/challenge3_ws/src/puzzlebot_description' returned '0': PYTHONPATH=/root/ROS2Activities/workspace/challenge3_ws/build/puzzlebot_description/prefix_override:/root/ROS2Activities/workspace/challenge3_ws/install/puzzlebot_description/lib/python3.10/site-packages:${PYTHONPATH} /usr/bin/python3 -W ignore:setup.py install is deprecated setup.py egg_info --egg-base ../../build/puzzlebot_description build --build-base /root/ROS2Activities/workspace/challenge3_ws/build/puzzlebot_description/build install --record /root/ROS2Activities/workspace/challenge3_ws/build/puzzlebot_description/install.log --single-version-externally-managed install_data
