running egg_info
creating ../../build/puzzlebot_lidar/puzzlebot_lidar.egg-info
writing ../../build/puzzlebot_lidar/puzzlebot_lidar.egg-info/PKG-INFO
writing dependency_links to ../../build/puzzlebot_lidar/puzzlebot_lidar.egg-info/dependency_links.txt
writing entry points to ../../build/puzzlebot_lidar/puzzlebot_lidar.egg-info/entry_points.txt
writing requirements to ../../build/puzzlebot_lidar/puzzlebot_lidar.egg-info/requires.txt
writing top-level names to ../../build/puzzlebot_lidar/puzzlebot_lidar.egg-info/top_level.txt
writing manifest file '../../build/puzzlebot_lidar/puzzlebot_lidar.egg-info/SOURCES.txt'
reading manifest file '../../build/puzzlebot_lidar/puzzlebot_lidar.egg-info/SOURCES.txt'
writing manifest file '../../build/puzzlebot_lidar/puzzlebot_lidar.egg-info/SOURCES.txt'
running build
running build_py
creating /root/ROS2Activities/workspace/lidar_ws/build/puzzlebot_lidar/build
creating /root/ROS2Activities/workspace/lidar_ws/build/puzzlebot_lidar/build/lib
creating /root/ROS2Activities/workspace/lidar_ws/build/puzzlebot_lidar/build/lib/puzzlebot_lidar
copying puzzlebot_lidar/__init__.py -> /root/ROS2Activities/workspace/lidar_ws/build/puzzlebot_lidar/build/lib/puzzlebot_lidar
running install
running install_lib
creating /root/ROS2Activities/workspace/lidar_ws/install/puzzlebot_lidar/lib/python3.10/site-packages/puzzlebot_lidar
copying /root/ROS2Activities/workspace/lidar_ws/build/puzzlebot_lidar/build/lib/puzzlebot_lidar/__init__.py -> /root/ROS2Activities/workspace/lidar_ws/install/puzzlebot_lidar/lib/python3.10/site-packages/puzzlebot_lidar
byte-compiling /root/ROS2Activities/workspace/lidar_ws/install/puzzlebot_lidar/lib/python3.10/site-packages/puzzlebot_lidar/__init__.py to __init__.cpython-310.pyc
running install_data
creating /root/ROS2Activities/workspace/lidar_ws/install/puzzlebot_lidar/share/ament_index
creating /root/ROS2Activities/workspace/lidar_ws/install/puzzlebot_lidar/share/ament_index/resource_index
creating /root/ROS2Activities/workspace/lidar_ws/install/puzzlebot_lidar/share/ament_index/resource_index/packages
copying resource/puzzlebot_lidar -> /root/ROS2Activities/workspace/lidar_ws/install/puzzlebot_lidar/share/ament_index/resource_index/packages
copying package.xml -> /root/ROS2Activities/workspace/lidar_ws/install/puzzlebot_lidar/share/puzzlebot_lidar
running install_egg_info
Copying ../../build/puzzlebot_lidar/puzzlebot_lidar.egg-info to /root/ROS2Activities/workspace/lidar_ws/install/puzzlebot_lidar/lib/python3.10/site-packages/puzzlebot_lidar-0.0.0-py3.10.egg-info
running install_scripts
writing list of installed files to '/root/ROS2Activities/workspace/lidar_ws/build/puzzlebot_lidar/install.log'
