[0.532s] Invoking command in '/root/ROS2Activities/workspace/challenge3_ws/src/puzzlebot_gazebo': PYTHONPATH=/root/ROS2Activities/workspace/challenge3_ws/build/puzzlebot_gazebo/prefix_override:/root/ROS2Activities/workspace/challenge3_ws/install/puzzlebot_gazebo/lib/python3.10/site-packages:${PYTHONPATH} /usr/bin/python3 -W ignore:setup.py install is deprecated setup.py egg_info --egg-base ../../build/puzzlebot_gazebo build --build-base /root/ROS2Activities/workspace/challenge3_ws/build/puzzlebot_gazebo/build install --record /root/ROS2Activities/workspace/challenge3_ws/build/puzzlebot_gazebo/install.log --single-version-externally-managed install_data
[0.673s] running egg_info
[0.673s] creating ../../build/puzzlebot_gazebo/puzzlebot_gazebo.egg-info
[0.673s] writing ../../build/puzzlebot_gazebo/puzzlebot_gazebo.egg-info/PKG-INFO
[0.673s] writing dependency_links to ../../build/puzzlebot_gazebo/puzzlebot_gazebo.egg-info/dependency_links.txt
[0.674s] writing entry points to ../../build/puzzlebot_gazebo/puzzlebot_gazebo.egg-info/entry_points.txt
[0.674s] writing requirements to ../../build/puzzlebot_gazebo/puzzlebot_gazebo.egg-info/requires.txt
[0.674s] writing top-level names to ../../build/puzzlebot_gazebo/puzzlebot_gazebo.egg-info/top_level.txt
[0.674s] writing manifest file '../../build/puzzlebot_gazebo/puzzlebot_gazebo.egg-info/SOURCES.txt'
[0.675s] reading manifest file '../../build/puzzlebot_gazebo/puzzlebot_gazebo.egg-info/SOURCES.txt'
[0.675s] writing manifest file '../../build/puzzlebot_gazebo/puzzlebot_gazebo.egg-info/SOURCES.txt'
[0.675s] running build
[0.675s] running build_py
[0.675s] creating /root/ROS2Activities/workspace/challenge3_ws/build/puzzlebot_gazebo/build
[0.675s] creating /root/ROS2Activities/workspace/challenge3_ws/build/puzzlebot_gazebo/build/lib
[0.675s] creating /root/ROS2Activities/workspace/challenge3_ws/build/puzzlebot_gazebo/build/lib/puzzlebot_gazebo
[0.676s] copying puzzlebot_gazebo/__init__.py -> /root/ROS2Activities/workspace/challenge3_ws/build/puzzlebot_gazebo/build/lib/puzzlebot_gazebo
[0.676s] running install
[0.676s] running install_lib
[0.676s] creating /root/ROS2Activities/workspace/challenge3_ws/install/puzzlebot_gazebo/lib/python3.10/site-packages/puzzlebot_gazebo
[0.676s] copying /root/ROS2Activities/workspace/challenge3_ws/build/puzzlebot_gazebo/build/lib/puzzlebot_gazebo/__init__.py -> /root/ROS2Activities/workspace/challenge3_ws/install/puzzlebot_gazebo/lib/python3.10/site-packages/puzzlebot_gazebo
[0.677s] byte-compiling /root/ROS2Activities/workspace/challenge3_ws/install/puzzlebot_gazebo/lib/python3.10/site-packages/puzzlebot_gazebo/__init__.py to __init__.cpython-310.pyc
[0.677s] running install_data
[0.677s] copying package.xml -> /root/ROS2Activities/workspace/challenge3_ws/install/puzzlebot_gazebo/share/puzzlebot_gazebo
[0.677s] creating /root/ROS2Activities/workspace/challenge3_ws/install/puzzlebot_gazebo/share/puzzlebot_gazebo/launch
[0.677s] copying launch/puzzlebot_spawner.launch.py -> /root/ROS2Activities/workspace/challenge3_ws/install/puzzlebot_gazebo/share/puzzlebot_gazebo/launch
[0.677s] copying launch/gazebo_world.launch.py -> /root/ROS2Activities/workspace/challenge3_ws/install/puzzlebot_gazebo/share/puzzlebot_gazebo/launch
[0.677s] copying launch/puzzlebot_gazebo.launch.py -> /root/ROS2Activities/workspace/challenge3_ws/install/puzzlebot_gazebo/share/puzzlebot_gazebo/launch
[0.677s] creating /root/ROS2Activities/workspace/challenge3_ws/install/puzzlebot_gazebo/share/puzzlebot_gazebo/meshes
[0.677s] creating /root/ROS2Activities/workspace/challenge3_ws/install/puzzlebot_gazebo/share/puzzlebot_gazebo/resource
[0.677s] copying resource/puzzlebot_gazebo -> /root/ROS2Activities/workspace/challenge3_ws/install/puzzlebot_gazebo/share/puzzlebot_gazebo/resource
[0.677s] running install_egg_info
[0.678s] Copying ../../build/puzzlebot_gazebo/puzzlebot_gazebo.egg-info to /root/ROS2Activities/workspace/challenge3_ws/install/puzzlebot_gazebo/lib/python3.10/site-packages/puzzlebot_gazebo-0.0.0-py3.10.egg-info
[0.678s] running install_scripts
[0.691s] writing list of installed files to '/root/ROS2Activities/workspace/challenge3_ws/build/puzzlebot_gazebo/install.log'
[0.706s] Invoked command in '/root/ROS2Activities/workspace/challenge3_ws/src/puzzlebot_gazebo' returned '0': PYTHONPATH=/root/ROS2Activities/workspace/challenge3_ws/build/puzzlebot_gazebo/prefix_override:/root/ROS2Activities/workspace/challenge3_ws/install/puzzlebot_gazebo/lib/python3.10/site-packages:${PYTHONPATH} /usr/bin/python3 -W ignore:setup.py install is deprecated setup.py egg_info --egg-base ../../build/puzzlebot_gazebo build --build-base /root/ROS2Activities/workspace/challenge3_ws/build/puzzlebot_gazebo/build install --record /root/ROS2Activities/workspace/challenge3_ws/build/puzzlebot_gazebo/install.log --single-version-externally-managed install_data
