[0.350s] Invoking command in '/root/ROS2Activities/workspace/challenge2_ws/src/localization': PYTHONPATH=/root/ROS2Activities/workspace/challenge2_ws/build/localization/prefix_override:/root/ROS2Activities/workspace/challenge2_ws/install/localization/lib/python3.10/site-packages:${PYTHONPATH} /usr/bin/python3 -W ignore:setup.py install is deprecated setup.py egg_info --egg-base ../../build/localization build --build-base /root/ROS2Activities/workspace/challenge2_ws/build/localization/build install --record /root/ROS2Activities/workspace/challenge2_ws/build/localization/install.log --single-version-externally-managed install_data
[0.494s] running egg_info
[0.494s] writing ../../build/localization/localization.egg-info/PKG-INFO
[0.494s] writing dependency_links to ../../build/localization/localization.egg-info/dependency_links.txt
[0.494s] writing entry points to ../../build/localization/localization.egg-info/entry_points.txt
[0.494s] writing requirements to ../../build/localization/localization.egg-info/requires.txt
[0.494s] writing top-level names to ../../build/localization/localization.egg-info/top_level.txt
[0.496s] reading manifest file '../../build/localization/localization.egg-info/SOURCES.txt'
[0.496s] adding license file 'LICENSE'
[0.496s] writing manifest file '../../build/localization/localization.egg-info/SOURCES.txt'
[0.496s] running build
[0.496s] running build_py
[0.496s] running install
[0.497s] running install_lib
[0.498s] running install_data
[0.498s] copying launch/puzzlebot_rviz.launch.py -> /root/ROS2Activities/workspace/challenge2_ws/install/localization/share/localization/launch
[0.498s] running install_egg_info
[0.499s] removing '/root/ROS2Activities/workspace/challenge2_ws/install/localization/lib/python3.10/site-packages/localization-0.0.0-py3.10.egg-info' (and everything under it)
[0.499s] Copying ../../build/localization/localization.egg-info to /root/ROS2Activities/workspace/challenge2_ws/install/localization/lib/python3.10/site-packages/localization-0.0.0-py3.10.egg-info
[0.499s] running install_scripts
[0.514s] Installing kinematic_model script to /root/ROS2Activities/workspace/challenge2_ws/install/localization/lib/localization
[0.514s] Installing localization script to /root/ROS2Activities/workspace/challenge2_ws/install/localization/lib/localization
[0.514s] writing list of installed files to '/root/ROS2Activities/workspace/challenge2_ws/build/localization/install.log'
[0.530s] Invoked command in '/root/ROS2Activities/workspace/challenge2_ws/src/localization' returned '0': PYTHONPATH=/root/ROS2Activities/workspace/challenge2_ws/build/localization/prefix_override:/root/ROS2Activities/workspace/challenge2_ws/install/localization/lib/python3.10/site-packages:${PYTHONPATH} /usr/bin/python3 -W ignore:setup.py install is deprecated setup.py egg_info --egg-base ../../build/localization build --build-base /root/ROS2Activities/workspace/challenge2_ws/build/localization/build install --record /root/ROS2Activities/workspace/challenge2_ws/build/localization/install.log --single-version-externally-managed install_data
