[0.509s] Invoking command in '/root/ROS2Activities/workspace/challenge3_ws/src/puzzlebot_gazebo': PYTHONPATH=/root/ROS2Activities/workspace/challenge3_ws/build/puzzlebot_gazebo/prefix_override:/root/ROS2Activities/workspace/challenge3_ws/install/puzzlebot_gazebo/lib/python3.10/site-packages:${PYTHONPATH} /usr/bin/python3 -W ignore:setup.py install is deprecated setup.py egg_info --egg-base ../../build/puzzlebot_gazebo build --build-base /root/ROS2Activities/workspace/challenge3_ws/build/puzzlebot_gazebo/build install --record /root/ROS2Activities/workspace/challenge3_ws/build/puzzlebot_gazebo/install.log --single-version-externally-managed install_data
[0.664s] running egg_info
[0.665s] writing ../../build/puzzlebot_gazebo/puzzlebot_gazebo.egg-info/PKG-INFO
[0.665s] writing dependency_links to ../../build/puzzlebot_gazebo/puzzlebot_gazebo.egg-info/dependency_links.txt
[0.665s] writing entry points to ../../build/puzzlebot_gazebo/puzzlebot_gazebo.egg-info/entry_points.txt
[0.665s] writing requirements to ../../build/puzzlebot_gazebo/puzzlebot_gazebo.egg-info/requires.txt
[0.665s] writing top-level names to ../../build/puzzlebot_gazebo/puzzlebot_gazebo.egg-info/top_level.txt
[0.666s] reading manifest file '../../build/puzzlebot_gazebo/puzzlebot_gazebo.egg-info/SOURCES.txt'
[0.666s] writing manifest file '../../build/puzzlebot_gazebo/puzzlebot_gazebo.egg-info/SOURCES.txt'
[0.667s] running build
[0.667s] running build_py
[0.667s] running install
[0.667s] running install_lib
[0.667s] running install_data
[0.667s] copying launch/puzzlebot_gazebo.launch.py -> /root/ROS2Activities/workspace/challenge3_ws/install/puzzlebot_gazebo/share/puzzlebot_gazebo/launch
[0.668s] running install_egg_info
[0.669s] removing '/root/ROS2Activities/workspace/challenge3_ws/install/puzzlebot_gazebo/lib/python3.10/site-packages/puzzlebot_gazebo-0.0.0-py3.10.egg-info' (and everything under it)
[0.669s] Copying ../../build/puzzlebot_gazebo/puzzlebot_gazebo.egg-info to /root/ROS2Activities/workspace/challenge3_ws/install/puzzlebot_gazebo/lib/python3.10/site-packages/puzzlebot_gazebo-0.0.0-py3.10.egg-info
[0.669s] running install_scripts
[0.683s] writing list of installed files to '/root/ROS2Activities/workspace/challenge3_ws/build/puzzlebot_gazebo/install.log'
[0.698s] Invoked command in '/root/ROS2Activities/workspace/challenge3_ws/src/puzzlebot_gazebo' returned '0': PYTHONPATH=/root/ROS2Activities/workspace/challenge3_ws/build/puzzlebot_gazebo/prefix_override:/root/ROS2Activities/workspace/challenge3_ws/install/puzzlebot_gazebo/lib/python3.10/site-packages:${PYTHONPATH} /usr/bin/python3 -W ignore:setup.py install is deprecated setup.py egg_info --egg-base ../../build/puzzlebot_gazebo build --build-base /root/ROS2Activities/workspace/challenge3_ws/build/puzzlebot_gazebo/build install --record /root/ROS2Activities/workspace/challenge3_ws/build/puzzlebot_gazebo/install.log --single-version-externally-managed install_data
