[0.847s] Invoking command in '/root/ROS2Activities/workspace/challenge3_ws/src/puzzlebot_control': PYTHONPATH=/root/ROS2Activities/workspace/challenge3_ws/build/puzzlebot_control/prefix_override:/root/ROS2Activities/workspace/challenge3_ws/install/puzzlebot_control/lib/python3.10/site-packages:${PYTHONPATH} /usr/bin/python3 -W ignore:setup.py install is deprecated setup.py egg_info --egg-base ../../build/puzzlebot_control build --build-base /root/ROS2Activities/workspace/challenge3_ws/build/puzzlebot_control/build install --record /root/ROS2Activities/workspace/challenge3_ws/build/puzzlebot_control/install.log --single-version-externally-managed install_data
[1.049s] running egg_info
[1.050s] writing ../../build/puzzlebot_control/puzzlebot_control.egg-info/PKG-INFO
[1.050s] writing dependency_links to ../../build/puzzlebot_control/puzzlebot_control.egg-info/dependency_links.txt
[1.050s] writing entry points to ../../build/puzzlebot_control/puzzlebot_control.egg-info/entry_points.txt
[1.050s] writing requirements to ../../build/puzzlebot_control/puzzlebot_control.egg-info/requires.txt
[1.050s] writing top-level names to ../../build/puzzlebot_control/puzzlebot_control.egg-info/top_level.txt
[1.052s] reading manifest file '../../build/puzzlebot_control/puzzlebot_control.egg-info/SOURCES.txt'
[1.052s] writing manifest file '../../build/puzzlebot_control/puzzlebot_control.egg-info/SOURCES.txt'
[1.053s] running build
[1.053s] running build_py
[1.054s] running install
[1.054s] running install_lib
[1.055s] running install_data
[1.055s] running install_egg_info
[1.056s] removing '/root/ROS2Activities/workspace/challenge3_ws/install/puzzlebot_control/lib/python3.10/site-packages/puzzlebot_control-0.0.0-py3.10.egg-info' (and everything under it)
[1.057s] Copying ../../build/puzzlebot_control/puzzlebot_control.egg-info to /root/ROS2Activities/workspace/challenge3_ws/install/puzzlebot_control/lib/python3.10/site-packages/puzzlebot_control-0.0.0-py3.10.egg-info
[1.057s] running install_scripts
[1.079s] Installing wheel_Vel script to /root/ROS2Activities/workspace/challenge3_ws/install/puzzlebot_control/lib/puzzlebot_control
[1.079s] writing list of installed files to '/root/ROS2Activities/workspace/challenge3_ws/build/puzzlebot_control/install.log'
[1.102s] Invoked command in '/root/ROS2Activities/workspace/challenge3_ws/src/puzzlebot_control' returned '0': PYTHONPATH=/root/ROS2Activities/workspace/challenge3_ws/build/puzzlebot_control/prefix_override:/root/ROS2Activities/workspace/challenge3_ws/install/puzzlebot_control/lib/python3.10/site-packages:${PYTHONPATH} /usr/bin/python3 -W ignore:setup.py install is deprecated setup.py egg_info --egg-base ../../build/puzzlebot_control build --build-base /root/ROS2Activities/workspace/challenge3_ws/build/puzzlebot_control/build install --record /root/ROS2Activities/workspace/challenge3_ws/build/puzzlebot_control/install.log --single-version-externally-managed install_data
