[0.076s] DEBUG:colcon:Command line arguments: ['/usr/bin/colcon', 'build']
[0.076s] DEBUG:colcon:Parsed command line arguments: Namespace(log_base=None, log_level=None, verb_name='build', build_base='build', install_base='install', merge_install=False, symlink_install=False, test_result_base=None, continue_on_error=False, executor='parallel', parallel_workers=16, event_handlers=None, ignore_user_meta=False, metas=['./colcon.meta'], base_paths=['.'], packages_ignore=None, packages_ignore_regex=None, paths=None, packages_up_to=None, packages_up_to_regex=None, packages_above=None, packages_above_and_dependencies=None, packages_above_depth=None, packages_select_by_dep=None, packages_skip_by_dep=None, packages_skip_up_to=None, packages_select_build_failed=False, packages_skip_build_finished=False, packages_select_test_failures=False, packages_skip_test_passed=False, packages_select=None, packages_skip=None, packages_select_regex=None, packages_skip_regex=None, packages_start=None, packages_end=None, cmake_args=None, cmake_target=None, cmake_target_skip_unavailable=False, cmake_clean_cache=False, cmake_clean_first=False, cmake_force_configure=False, ament_cmake_args=None, catkin_cmake_args=None, catkin_skip_building_tests=False, mixin_files=None, mixin=None, verb_parser=<colcon_mixin.mixin.mixin_argument.MixinArgumentDecorator object at 0x7f40e49f8610>, verb_extension=<colcon_core.verb.build.BuildVerb object at 0x7f40e49cbfd0>, main=<bound method BuildVerb.main of <colcon_core.verb.build.BuildVerb object at 0x7f40e49cbfd0>>, mixin_verb=('build',))
[0.181s] Level 1:colcon.colcon_core.package_discovery:discover_packages(colcon_meta) check parameters
[0.181s] INFO:colcon.colcon_metadata.package_discovery.colcon_meta:Using configuration from '/root/.colcon/metadata/default/Gazebo.meta'
[0.182s] INFO:colcon.colcon_metadata.package_discovery.colcon_meta:Using configuration from '/root/.colcon/metadata/default/fastrtps.meta'
[0.182s] Level 1:colcon.colcon_core.package_discovery:discover_packages(recursive) check parameters
[0.182s] Level 1:colcon.colcon_core.package_discovery:discover_packages(ignore) check parameters
[0.182s] Level 1:colcon.colcon_core.package_discovery:discover_packages(path) check parameters
[0.182s] Level 1:colcon.colcon_core.package_discovery:discover_packages(colcon_meta) discover
[0.182s] Level 1:colcon.colcon_core.package_discovery:discover_packages(recursive) discover
[0.182s] INFO:colcon.colcon_core.package_discovery:Crawling recursively for packages in '/root/ROS2Activities/workspace/challenge3_ws'
[0.182s] Level 1:colcon.colcon_core.package_identification:_identify(.) by extensions ['ignore', 'ignore_ament_install']
[0.182s] Level 1:colcon.colcon_core.package_identification:_identify(.) by extension 'ignore'
[0.182s] Level 1:colcon.colcon_core.package_identification:_identify(.) by extension 'ignore_ament_install'
[0.182s] Level 1:colcon.colcon_core.package_identification:_identify(.) by extensions ['colcon_pkg']
[0.182s] Level 1:colcon.colcon_core.package_identification:_identify(.) by extension 'colcon_pkg'
[0.182s] Level 1:colcon.colcon_core.package_identification:_identify(.) by extensions ['colcon_meta']
[0.182s] Level 1:colcon.colcon_core.package_identification:_identify(.) by extension 'colcon_meta'
[0.182s] Level 1:colcon.colcon_core.package_identification:_identify(.) by extensions ['ros']
[0.182s] Level 1:colcon.colcon_core.package_identification:_identify(.) by extension 'ros'
[0.191s] Level 1:colcon.colcon_core.package_identification:_identify(.) by extensions ['cmake', 'python']
[0.191s] Level 1:colcon.colcon_core.package_identification:_identify(.) by extension 'cmake'
[0.191s] Level 1:colcon.colcon_core.package_identification:_identify(.) by extension 'python'
[0.191s] Level 1:colcon.colcon_core.package_identification:_identify(.) by extensions ['python_setup_py']
[0.191s] Level 1:colcon.colcon_core.package_identification:_identify(.) by extension 'python_setup_py'
[0.191s] Level 1:colcon.colcon_core.package_identification:_identify(build) by extensions ['ignore', 'ignore_ament_install']
[0.191s] Level 1:colcon.colcon_core.package_identification:_identify(build) by extension 'ignore'
[0.191s] Level 1:colcon.colcon_core.package_identification:_identify(build) ignored
[0.191s] Level 1:colcon.colcon_core.package_identification:_identify(install) by extensions ['ignore', 'ignore_ament_install']
[0.191s] Level 1:colcon.colcon_core.package_identification:_identify(install) by extension 'ignore'
[0.191s] Level 1:colcon.colcon_core.package_identification:_identify(install) ignored
[0.191s] Level 1:colcon.colcon_core.package_identification:_identify(log) by extensions ['ignore', 'ignore_ament_install']
[0.192s] Level 1:colcon.colcon_core.package_identification:_identify(log) by extension 'ignore'
[0.192s] Level 1:colcon.colcon_core.package_identification:_identify(log) ignored
[0.192s] Level 1:colcon.colcon_core.package_identification:_identify(src) by extensions ['ignore', 'ignore_ament_install']
[0.192s] Level 1:colcon.colcon_core.package_identification:_identify(src) by extension 'ignore'
[0.192s] Level 1:colcon.colcon_core.package_identification:_identify(src) by extension 'ignore_ament_install'
[0.192s] Level 1:colcon.colcon_core.package_identification:_identify(src) by extensions ['colcon_pkg']
[0.192s] Level 1:colcon.colcon_core.package_identification:_identify(src) by extension 'colcon_pkg'
[0.192s] Level 1:colcon.colcon_core.package_identification:_identify(src) by extensions ['colcon_meta']
[0.192s] Level 1:colcon.colcon_core.package_identification:_identify(src) by extension 'colcon_meta'
[0.192s] Level 1:colcon.colcon_core.package_identification:_identify(src) by extensions ['ros']
[0.192s] Level 1:colcon.colcon_core.package_identification:_identify(src) by extension 'ros'
[0.192s] Level 1:colcon.colcon_core.package_identification:_identify(src) by extensions ['cmake', 'python']
[0.192s] Level 1:colcon.colcon_core.package_identification:_identify(src) by extension 'cmake'
[0.192s] Level 1:colcon.colcon_core.package_identification:_identify(src) by extension 'python'
[0.192s] Level 1:colcon.colcon_core.package_identification:_identify(src) by extensions ['python_setup_py']
[0.192s] Level 1:colcon.colcon_core.package_identification:_identify(src) by extension 'python_setup_py'
[0.192s] Level 1:colcon.colcon_core.package_identification:_identify(src/gazebo_ros2_control) by extensions ['ignore', 'ignore_ament_install']
[0.192s] Level 1:colcon.colcon_core.package_identification:_identify(src/gazebo_ros2_control) by extension 'ignore'
[0.192s] Level 1:colcon.colcon_core.package_identification:_identify(src/gazebo_ros2_control) by extension 'ignore_ament_install'
[0.192s] Level 1:colcon.colcon_core.package_identification:_identify(src/gazebo_ros2_control) by extensions ['colcon_pkg']
[0.192s] Level 1:colcon.colcon_core.package_identification:_identify(src/gazebo_ros2_control) by extension 'colcon_pkg'
[0.192s] Level 1:colcon.colcon_core.package_identification:_identify(src/gazebo_ros2_control) by extensions ['colcon_meta']
[0.192s] Level 1:colcon.colcon_core.package_identification:_identify(src/gazebo_ros2_control) by extension 'colcon_meta'
[0.192s] Level 1:colcon.colcon_core.package_identification:_identify(src/gazebo_ros2_control) by extensions ['ros']
[0.192s] Level 1:colcon.colcon_core.package_identification:_identify(src/gazebo_ros2_control) by extension 'ros'
[0.192s] Level 1:colcon.colcon_core.package_identification:_identify(src/gazebo_ros2_control) by extensions ['cmake', 'python']
[0.192s] Level 1:colcon.colcon_core.package_identification:_identify(src/gazebo_ros2_control) by extension 'cmake'
[0.192s] Level 1:colcon.colcon_core.package_identification:_identify(src/gazebo_ros2_control) by extension 'python'
[0.192s] Level 1:colcon.colcon_core.package_identification:_identify(src/gazebo_ros2_control) by extensions ['python_setup_py']
[0.192s] Level 1:colcon.colcon_core.package_identification:_identify(src/gazebo_ros2_control) by extension 'python_setup_py'
[0.192s] Level 1:colcon.colcon_core.package_identification:_identify(src/gazebo_ros2_control/Docker) by extensions ['ignore', 'ignore_ament_install']
[0.193s] Level 1:colcon.colcon_core.package_identification:_identify(src/gazebo_ros2_control/Docker) by extension 'ignore'
[0.193s] Level 1:colcon.colcon_core.package_identification:_identify(src/gazebo_ros2_control/Docker) by extension 'ignore_ament_install'
[0.193s] Level 1:colcon.colcon_core.package_identification:_identify(src/gazebo_ros2_control/Docker) by extensions ['colcon_pkg']
[0.193s] Level 1:colcon.colcon_core.package_identification:_identify(src/gazebo_ros2_control/Docker) by extension 'colcon_pkg'
[0.193s] Level 1:colcon.colcon_core.package_identification:_identify(src/gazebo_ros2_control/Docker) by extensions ['colcon_meta']
[0.193s] Level 1:colcon.colcon_core.package_identification:_identify(src/gazebo_ros2_control/Docker) by extension 'colcon_meta'
[0.193s] Level 1:colcon.colcon_core.package_identification:_identify(src/gazebo_ros2_control/Docker) by extensions ['ros']
[0.193s] Level 1:colcon.colcon_core.package_identification:_identify(src/gazebo_ros2_control/Docker) by extension 'ros'
[0.193s] Level 1:colcon.colcon_core.package_identification:_identify(src/gazebo_ros2_control/Docker) by extensions ['cmake', 'python']
[0.193s] Level 1:colcon.colcon_core.package_identification:_identify(src/gazebo_ros2_control/Docker) by extension 'cmake'
[0.193s] Level 1:colcon.colcon_core.package_identification:_identify(src/gazebo_ros2_control/Docker) by extension 'python'
[0.193s] Level 1:colcon.colcon_core.package_identification:_identify(src/gazebo_ros2_control/Docker) by extensions ['python_setup_py']
[0.193s] Level 1:colcon.colcon_core.package_identification:_identify(src/gazebo_ros2_control/Docker) by extension 'python_setup_py'
[0.193s] Level 1:colcon.colcon_core.package_identification:_identify(src/gazebo_ros2_control/doc) by extensions ['ignore', 'ignore_ament_install']
[0.193s] Level 1:colcon.colcon_core.package_identification:_identify(src/gazebo_ros2_control/doc) by extension 'ignore'
[0.193s] Level 1:colcon.colcon_core.package_identification:_identify(src/gazebo_ros2_control/doc) by extension 'ignore_ament_install'
[0.193s] Level 1:colcon.colcon_core.package_identification:_identify(src/gazebo_ros2_control/doc) by extensions ['colcon_pkg']
[0.193s] Level 1:colcon.colcon_core.package_identification:_identify(src/gazebo_ros2_control/doc) by extension 'colcon_pkg'
[0.193s] Level 1:colcon.colcon_core.package_identification:_identify(src/gazebo_ros2_control/doc) by extensions ['colcon_meta']
[0.193s] Level 1:colcon.colcon_core.package_identification:_identify(src/gazebo_ros2_control/doc) by extension 'colcon_meta'
[0.193s] Level 1:colcon.colcon_core.package_identification:_identify(src/gazebo_ros2_control/doc) by extensions ['ros']
[0.193s] Level 1:colcon.colcon_core.package_identification:_identify(src/gazebo_ros2_control/doc) by extension 'ros'
[0.193s] Level 1:colcon.colcon_core.package_identification:_identify(src/gazebo_ros2_control/doc) by extensions ['cmake', 'python']
[0.193s] Level 1:colcon.colcon_core.package_identification:_identify(src/gazebo_ros2_control/doc) by extension 'cmake'
[0.193s] Level 1:colcon.colcon_core.package_identification:_identify(src/gazebo_ros2_control/doc) by extension 'python'
[0.193s] Level 1:colcon.colcon_core.package_identification:_identify(src/gazebo_ros2_control/doc) by extensions ['python_setup_py']
[0.193s] Level 1:colcon.colcon_core.package_identification:_identify(src/gazebo_ros2_control/doc) by extension 'python_setup_py'
[0.193s] Level 1:colcon.colcon_core.package_identification:_identify(src/gazebo_ros2_control/doc/img) by extensions ['ignore', 'ignore_ament_install']
[0.193s] Level 1:colcon.colcon_core.package_identification:_identify(src/gazebo_ros2_control/doc/img) by extension 'ignore'
[0.193s] Level 1:colcon.colcon_core.package_identification:_identify(src/gazebo_ros2_control/doc/img) by extension 'ignore_ament_install'
[0.193s] Level 1:colcon.colcon_core.package_identification:_identify(src/gazebo_ros2_control/doc/img) by extensions ['colcon_pkg']
[0.193s] Level 1:colcon.colcon_core.package_identification:_identify(src/gazebo_ros2_control/doc/img) by extension 'colcon_pkg'
[0.193s] Level 1:colcon.colcon_core.package_identification:_identify(src/gazebo_ros2_control/doc/img) by extensions ['colcon_meta']
[0.193s] Level 1:colcon.colcon_core.package_identification:_identify(src/gazebo_ros2_control/doc/img) by extension 'colcon_meta'
[0.194s] Level 1:colcon.colcon_core.package_identification:_identify(src/gazebo_ros2_control/doc/img) by extensions ['ros']
[0.194s] Level 1:colcon.colcon_core.package_identification:_identify(src/gazebo_ros2_control/doc/img) by extension 'ros'
[0.194s] Level 1:colcon.colcon_core.package_identification:_identify(src/gazebo_ros2_control/doc/img) by extensions ['cmake', 'python']
[0.194s] Level 1:colcon.colcon_core.package_identification:_identify(src/gazebo_ros2_control/doc/img) by extension 'cmake'
[0.194s] Level 1:colcon.colcon_core.package_identification:_identify(src/gazebo_ros2_control/doc/img) by extension 'python'
[0.194s] Level 1:colcon.colcon_core.package_identification:_identify(src/gazebo_ros2_control/doc/img) by extensions ['python_setup_py']
[0.194s] Level 1:colcon.colcon_core.package_identification:_identify(src/gazebo_ros2_control/doc/img) by extension 'python_setup_py'
[0.194s] Level 1:colcon.colcon_core.package_identification:_identify(src/gazebo_ros2_control/gazebo_ros2_control) by extensions ['ignore', 'ignore_ament_install']
[0.194s] Level 1:colcon.colcon_core.package_identification:_identify(src/gazebo_ros2_control/gazebo_ros2_control) by extension 'ignore'
[0.194s] Level 1:colcon.colcon_core.package_identification:_identify(src/gazebo_ros2_control/gazebo_ros2_control) by extension 'ignore_ament_install'
[0.194s] Level 1:colcon.colcon_core.package_identification:_identify(src/gazebo_ros2_control/gazebo_ros2_control) by extensions ['colcon_pkg']
[0.194s] Level 1:colcon.colcon_core.package_identification:_identify(src/gazebo_ros2_control/gazebo_ros2_control) by extension 'colcon_pkg'
[0.194s] Level 1:colcon.colcon_core.package_identification:_identify(src/gazebo_ros2_control/gazebo_ros2_control) by extensions ['colcon_meta']
[0.194s] Level 1:colcon.colcon_core.package_identification:_identify(src/gazebo_ros2_control/gazebo_ros2_control) by extension 'colcon_meta'
[0.194s] Level 1:colcon.colcon_core.package_identification:_identify(src/gazebo_ros2_control/gazebo_ros2_control) by extensions ['ros']
[0.194s] Level 1:colcon.colcon_core.package_identification:_identify(src/gazebo_ros2_control/gazebo_ros2_control) by extension 'ros'
[0.196s] DEBUG:colcon.colcon_core.package_identification:Package 'src/gazebo_ros2_control/gazebo_ros2_control' with type 'ros.ament_cmake' and name 'gazebo_ros2_control'
[0.197s] Level 1:colcon.colcon_core.package_identification:_identify(src/gazebo_ros2_control/gazebo_ros2_control_demos) by extensions ['ignore', 'ignore_ament_install']
[0.197s] Level 1:colcon.colcon_core.package_identification:_identify(src/gazebo_ros2_control/gazebo_ros2_control_demos) by extension 'ignore'
[0.197s] Level 1:colcon.colcon_core.package_identification:_identify(src/gazebo_ros2_control/gazebo_ros2_control_demos) by extension 'ignore_ament_install'
[0.197s] Level 1:colcon.colcon_core.package_identification:_identify(src/gazebo_ros2_control/gazebo_ros2_control_demos) by extensions ['colcon_pkg']
[0.197s] Level 1:colcon.colcon_core.package_identification:_identify(src/gazebo_ros2_control/gazebo_ros2_control_demos) by extension 'colcon_pkg'
[0.197s] Level 1:colcon.colcon_core.package_identification:_identify(src/gazebo_ros2_control/gazebo_ros2_control_demos) by extensions ['colcon_meta']
[0.197s] Level 1:colcon.colcon_core.package_identification:_identify(src/gazebo_ros2_control/gazebo_ros2_control_demos) by extension 'colcon_meta'
[0.197s] Level 1:colcon.colcon_core.package_identification:_identify(src/gazebo_ros2_control/gazebo_ros2_control_demos) by extensions ['ros']
[0.197s] Level 1:colcon.colcon_core.package_identification:_identify(src/gazebo_ros2_control/gazebo_ros2_control_demos) by extension 'ros'
[0.197s] DEBUG:colcon.colcon_core.package_identification:Package 'src/gazebo_ros2_control/gazebo_ros2_control_demos' with type 'ros.ament_cmake' and name 'gazebo_ros2_control_demos'
[0.198s] Level 1:colcon.colcon_core.package_identification:_identify(src/puzzlebot_control) by extensions ['ignore', 'ignore_ament_install']
[0.198s] Level 1:colcon.colcon_core.package_identification:_identify(src/puzzlebot_control) by extension 'ignore'
[0.198s] Level 1:colcon.colcon_core.package_identification:_identify(src/puzzlebot_control) by extension 'ignore_ament_install'
[0.198s] Level 1:colcon.colcon_core.package_identification:_identify(src/puzzlebot_control) by extensions ['colcon_pkg']
[0.198s] Level 1:colcon.colcon_core.package_identification:_identify(src/puzzlebot_control) by extension 'colcon_pkg'
[0.198s] Level 1:colcon.colcon_core.package_identification:_identify(src/puzzlebot_control) by extensions ['colcon_meta']
[0.198s] Level 1:colcon.colcon_core.package_identification:_identify(src/puzzlebot_control) by extension 'colcon_meta'
[0.198s] Level 1:colcon.colcon_core.package_identification:_identify(src/puzzlebot_control) by extensions ['ros']
[0.198s] Level 1:colcon.colcon_core.package_identification:_identify(src/puzzlebot_control) by extension 'ros'
[0.199s] DEBUG:colcon.colcon_core.package_identification:Package 'src/puzzlebot_control' with type 'ros.ament_python' and name 'puzzlebot_control'
[0.199s] Level 1:colcon.colcon_core.package_identification:_identify(src/puzzlebot_description) by extensions ['ignore', 'ignore_ament_install']
[0.199s] Level 1:colcon.colcon_core.package_identification:_identify(src/puzzlebot_description) by extension 'ignore'
[0.199s] Level 1:colcon.colcon_core.package_identification:_identify(src/puzzlebot_description) by extension 'ignore_ament_install'
[0.199s] Level 1:colcon.colcon_core.package_identification:_identify(src/puzzlebot_description) by extensions ['colcon_pkg']
[0.199s] Level 1:colcon.colcon_core.package_identification:_identify(src/puzzlebot_description) by extension 'colcon_pkg'
[0.199s] Level 1:colcon.colcon_core.package_identification:_identify(src/puzzlebot_description) by extensions ['colcon_meta']
[0.199s] Level 1:colcon.colcon_core.package_identification:_identify(src/puzzlebot_description) by extension 'colcon_meta'
[0.199s] Level 1:colcon.colcon_core.package_identification:_identify(src/puzzlebot_description) by extensions ['ros']
[0.199s] Level 1:colcon.colcon_core.package_identification:_identify(src/puzzlebot_description) by extension 'ros'
[0.199s] DEBUG:colcon.colcon_core.package_identification:Package 'src/puzzlebot_description' with type 'ros.ament_python' and name 'puzzlebot_description'
[0.200s] Level 1:colcon.colcon_core.package_identification:_identify(src/puzzlebot_gazebo) by extensions ['ignore', 'ignore_ament_install']
[0.200s] Level 1:colcon.colcon_core.package_identification:_identify(src/puzzlebot_gazebo) by extension 'ignore'
[0.200s] Level 1:colcon.colcon_core.package_identification:_identify(src/puzzlebot_gazebo) by extension 'ignore_ament_install'
[0.200s] Level 1:colcon.colcon_core.package_identification:_identify(src/puzzlebot_gazebo) by extensions ['colcon_pkg']
[0.200s] Level 1:colcon.colcon_core.package_identification:_identify(src/puzzlebot_gazebo) by extension 'colcon_pkg'
[0.200s] Level 1:colcon.colcon_core.package_identification:_identify(src/puzzlebot_gazebo) by extensions ['colcon_meta']
[0.200s] Level 1:colcon.colcon_core.package_identification:_identify(src/puzzlebot_gazebo) by extension 'colcon_meta'
[0.200s] Level 1:colcon.colcon_core.package_identification:_identify(src/puzzlebot_gazebo) by extensions ['ros']
[0.200s] Level 1:colcon.colcon_core.package_identification:_identify(src/puzzlebot_gazebo) by extension 'ros'
[0.201s] DEBUG:colcon.colcon_core.package_identification:Package 'src/puzzlebot_gazebo' with type 'ros.ament_python' and name 'puzzlebot_gazebo'
[0.201s] Level 1:colcon.colcon_core.package_discovery:discover_packages(recursive) using defaults
[0.201s] Level 1:colcon.colcon_core.package_discovery:discover_packages(ignore) discover
[0.201s] Level 1:colcon.colcon_core.package_discovery:discover_packages(ignore) using defaults
[0.201s] Level 1:colcon.colcon_core.package_discovery:discover_packages(path) discover
[0.201s] Level 1:colcon.colcon_core.package_discovery:discover_packages(path) using defaults
[0.215s] Level 5:colcon.colcon_core.verb:set package 'gazebo_ros2_control' build argument 'cmake_args' from command line to 'None'
[0.215s] Level 5:colcon.colcon_core.verb:set package 'gazebo_ros2_control' build argument 'cmake_target' from command line to 'None'
[0.216s] Level 5:colcon.colcon_core.verb:set package 'gazebo_ros2_control' build argument 'cmake_target_skip_unavailable' from command line to 'False'
[0.216s] Level 5:colcon.colcon_core.verb:set package 'gazebo_ros2_control' build argument 'cmake_clean_cache' from command line to 'False'
[0.216s] Level 5:colcon.colcon_core.verb:set package 'gazebo_ros2_control' build argument 'cmake_clean_first' from command line to 'False'
[0.216s] Level 5:colcon.colcon_core.verb:set package 'gazebo_ros2_control' build argument 'cmake_force_configure' from command line to 'False'
[0.216s] Level 5:colcon.colcon_core.verb:set package 'gazebo_ros2_control' build argument 'ament_cmake_args' from command line to 'None'
[0.216s] Level 5:colcon.colcon_core.verb:set package 'gazebo_ros2_control' build argument 'catkin_cmake_args' from command line to 'None'
[0.216s] Level 5:colcon.colcon_core.verb:set package 'gazebo_ros2_control' build argument 'catkin_skip_building_tests' from command line to 'False'
[0.216s] DEBUG:colcon.colcon_core.verb:Building package 'gazebo_ros2_control' with the following arguments: {'ament_cmake_args': None, 'build_base': '/root/ROS2Activities/workspace/challenge3_ws/build/gazebo_ros2_control', 'catkin_cmake_args': None, 'catkin_skip_building_tests': False, 'cmake_args': None, 'cmake_clean_cache': False, 'cmake_clean_first': False, 'cmake_force_configure': False, 'cmake_target': None, 'cmake_target_skip_unavailable': False, 'install_base': '/root/ROS2Activities/workspace/challenge3_ws/install/gazebo_ros2_control', 'merge_install': False, 'path': '/root/ROS2Activities/workspace/challenge3_ws/src/gazebo_ros2_control/gazebo_ros2_control', 'symlink_install': False, 'test_result_base': None}
[0.216s] Level 5:colcon.colcon_core.verb:set package 'puzzlebot_control' build argument 'cmake_args' from command line to 'None'
[0.216s] Level 5:colcon.colcon_core.verb:set package 'puzzlebot_control' build argument 'cmake_target' from command line to 'None'
[0.216s] Level 5:colcon.colcon_core.verb:set package 'puzzlebot_control' build argument 'cmake_target_skip_unavailable' from command line to 'False'
[0.216s] Level 5:colcon.colcon_core.verb:set package 'puzzlebot_control' build argument 'cmake_clean_cache' from command line to 'False'
[0.216s] Level 5:colcon.colcon_core.verb:set package 'puzzlebot_control' build argument 'cmake_clean_first' from command line to 'False'
[0.216s] Level 5:colcon.colcon_core.verb:set package 'puzzlebot_control' build argument 'cmake_force_configure' from command line to 'False'
[0.216s] Level 5:colcon.colcon_core.verb:set package 'puzzlebot_control' build argument 'ament_cmake_args' from command line to 'None'
[0.216s] Level 5:colcon.colcon_core.verb:set package 'puzzlebot_control' build argument 'catkin_cmake_args' from command line to 'None'
[0.216s] Level 5:colcon.colcon_core.verb:set package 'puzzlebot_control' build argument 'catkin_skip_building_tests' from command line to 'False'
[0.216s] DEBUG:colcon.colcon_core.verb:Building package 'puzzlebot_control' with the following arguments: {'ament_cmake_args': None, 'build_base': '/root/ROS2Activities/workspace/challenge3_ws/build/puzzlebot_control', 'catkin_cmake_args': None, 'catkin_skip_building_tests': False, 'cmake_args': None, 'cmake_clean_cache': False, 'cmake_clean_first': False, 'cmake_force_configure': False, 'cmake_target': None, 'cmake_target_skip_unavailable': False, 'install_base': '/root/ROS2Activities/workspace/challenge3_ws/install/puzzlebot_control', 'merge_install': False, 'path': '/root/ROS2Activities/workspace/challenge3_ws/src/puzzlebot_control', 'symlink_install': False, 'test_result_base': None}
[0.216s] Level 5:colcon.colcon_core.verb:set package 'puzzlebot_description' build argument 'cmake_args' from command line to 'None'
[0.216s] Level 5:colcon.colcon_core.verb:set package 'puzzlebot_description' build argument 'cmake_target' from command line to 'None'
[0.216s] Level 5:colcon.colcon_core.verb:set package 'puzzlebot_description' build argument 'cmake_target_skip_unavailable' from command line to 'False'
[0.216s] Level 5:colcon.colcon_core.verb:set package 'puzzlebot_description' build argument 'cmake_clean_cache' from command line to 'False'
[0.216s] Level 5:colcon.colcon_core.verb:set package 'puzzlebot_description' build argument 'cmake_clean_first' from command line to 'False'
[0.216s] Level 5:colcon.colcon_core.verb:set package 'puzzlebot_description' build argument 'cmake_force_configure' from command line to 'False'
[0.216s] Level 5:colcon.colcon_core.verb:set package 'puzzlebot_description' build argument 'ament_cmake_args' from command line to 'None'
[0.216s] Level 5:colcon.colcon_core.verb:set package 'puzzlebot_description' build argument 'catkin_cmake_args' from command line to 'None'
[0.216s] Level 5:colcon.colcon_core.verb:set package 'puzzlebot_description' build argument 'catkin_skip_building_tests' from command line to 'False'
[0.216s] DEBUG:colcon.colcon_core.verb:Building package 'puzzlebot_description' with the following arguments: {'ament_cmake_args': None, 'build_base': '/root/ROS2Activities/workspace/challenge3_ws/build/puzzlebot_description', 'catkin_cmake_args': None, 'catkin_skip_building_tests': False, 'cmake_args': None, 'cmake_clean_cache': False, 'cmake_clean_first': False, 'cmake_force_configure': False, 'cmake_target': None, 'cmake_target_skip_unavailable': False, 'install_base': '/root/ROS2Activities/workspace/challenge3_ws/install/puzzlebot_description', 'merge_install': False, 'path': '/root/ROS2Activities/workspace/challenge3_ws/src/puzzlebot_description', 'symlink_install': False, 'test_result_base': None}
[0.217s] Level 5:colcon.colcon_core.verb:set package 'puzzlebot_gazebo' build argument 'cmake_args' from command line to 'None'
[0.217s] Level 5:colcon.colcon_core.verb:set package 'puzzlebot_gazebo' build argument 'cmake_target' from command line to 'None'
[0.217s] Level 5:colcon.colcon_core.verb:set package 'puzzlebot_gazebo' build argument 'cmake_target_skip_unavailable' from command line to 'False'
[0.217s] Level 5:colcon.colcon_core.verb:set package 'puzzlebot_gazebo' build argument 'cmake_clean_cache' from command line to 'False'
[0.217s] Level 5:colcon.colcon_core.verb:set package 'puzzlebot_gazebo' build argument 'cmake_clean_first' from command line to 'False'
[0.217s] Level 5:colcon.colcon_core.verb:set package 'puzzlebot_gazebo' build argument 'cmake_force_configure' from command line to 'False'
[0.217s] Level 5:colcon.colcon_core.verb:set package 'puzzlebot_gazebo' build argument 'ament_cmake_args' from command line to 'None'
[0.217s] Level 5:colcon.colcon_core.verb:set package 'puzzlebot_gazebo' build argument 'catkin_cmake_args' from command line to 'None'
[0.217s] Level 5:colcon.colcon_core.verb:set package 'puzzlebot_gazebo' build argument 'catkin_skip_building_tests' from command line to 'False'
[0.217s] DEBUG:colcon.colcon_core.verb:Building package 'puzzlebot_gazebo' with the following arguments: {'ament_cmake_args': None, 'build_base': '/root/ROS2Activities/workspace/challenge3_ws/build/puzzlebot_gazebo', 'catkin_cmake_args': None, 'catkin_skip_building_tests': False, 'cmake_args': None, 'cmake_clean_cache': False, 'cmake_clean_first': False, 'cmake_force_configure': False, 'cmake_target': None, 'cmake_target_skip_unavailable': False, 'install_base': '/root/ROS2Activities/workspace/challenge3_ws/install/puzzlebot_gazebo', 'merge_install': False, 'path': '/root/ROS2Activities/workspace/challenge3_ws/src/puzzlebot_gazebo', 'symlink_install': False, 'test_result_base': None}
[0.217s] Level 5:colcon.colcon_core.verb:set package 'gazebo_ros2_control_demos' build argument 'cmake_args' from command line to 'None'
[0.217s] Level 5:colcon.colcon_core.verb:set package 'gazebo_ros2_control_demos' build argument 'cmake_target' from command line to 'None'
[0.217s] Level 5:colcon.colcon_core.verb:set package 'gazebo_ros2_control_demos' build argument 'cmake_target_skip_unavailable' from command line to 'False'
[0.217s] Level 5:colcon.colcon_core.verb:set package 'gazebo_ros2_control_demos' build argument 'cmake_clean_cache' from command line to 'False'
[0.217s] Level 5:colcon.colcon_core.verb:set package 'gazebo_ros2_control_demos' build argument 'cmake_clean_first' from command line to 'False'
[0.217s] Level 5:colcon.colcon_core.verb:set package 'gazebo_ros2_control_demos' build argument 'cmake_force_configure' from command line to 'False'
[0.217s] Level 5:colcon.colcon_core.verb:set package 'gazebo_ros2_control_demos' build argument 'ament_cmake_args' from command line to 'None'
[0.217s] Level 5:colcon.colcon_core.verb:set package 'gazebo_ros2_control_demos' build argument 'catkin_cmake_args' from command line to 'None'
[0.217s] Level 5:colcon.colcon_core.verb:set package 'gazebo_ros2_control_demos' build argument 'catkin_skip_building_tests' from command line to 'False'
[0.217s] DEBUG:colcon.colcon_core.verb:Building package 'gazebo_ros2_control_demos' with the following arguments: {'ament_cmake_args': None, 'build_base': '/root/ROS2Activities/workspace/challenge3_ws/build/gazebo_ros2_control_demos', 'catkin_cmake_args': None, 'catkin_skip_building_tests': False, 'cmake_args': None, 'cmake_clean_cache': False, 'cmake_clean_first': False, 'cmake_force_configure': False, 'cmake_target': None, 'cmake_target_skip_unavailable': False, 'install_base': '/root/ROS2Activities/workspace/challenge3_ws/install/gazebo_ros2_control_demos', 'merge_install': False, 'path': '/root/ROS2Activities/workspace/challenge3_ws/src/gazebo_ros2_control/gazebo_ros2_control_demos', 'symlink_install': False, 'test_result_base': None}
[0.217s] INFO:colcon.colcon_core.executor:Executing jobs using 'parallel' executor
[0.218s] DEBUG:colcon.colcon_parallel_executor.executor.parallel:run_until_complete
[0.218s] INFO:colcon.colcon_ros.task.ament_cmake.build:Building ROS package in '/root/ROS2Activities/workspace/challenge3_ws/src/gazebo_ros2_control/gazebo_ros2_control' with build type 'ament_cmake'
[0.218s] INFO:colcon.colcon_cmake.task.cmake.build:Building CMake package in '/root/ROS2Activities/workspace/challenge3_ws/src/gazebo_ros2_control/gazebo_ros2_control'
[0.220s] INFO:colcon.colcon_core.plugin_system:Skipping extension 'colcon_core.shell.bat': Not used on non-Windows systems
[0.220s] INFO:colcon.colcon_core.shell:Skip shell extension 'powershell' for command environment: Not usable outside of PowerShell
[0.220s] DEBUG:colcon.colcon_core.shell:Skip shell extension 'dsv' for command environment
[0.224s] INFO:colcon.colcon_ros.task.ament_python.build:Building ROS package in '/root/ROS2Activities/workspace/challenge3_ws/src/puzzlebot_control' with build type 'ament_python'
[0.224s] Level 1:colcon.colcon_core.shell:create_environment_hook('puzzlebot_control', 'ament_prefix_path')
[0.224s] INFO:colcon.colcon_core.shell:Creating environment hook '/root/ROS2Activities/workspace/challenge3_ws/install/puzzlebot_control/share/puzzlebot_control/hook/ament_prefix_path.ps1'
[0.224s] INFO:colcon.colcon_core.shell:Creating environment descriptor '/root/ROS2Activities/workspace/challenge3_ws/install/puzzlebot_control/share/puzzlebot_control/hook/ament_prefix_path.dsv'
[0.225s] INFO:colcon.colcon_core.shell:Creating environment hook '/root/ROS2Activities/workspace/challenge3_ws/install/puzzlebot_control/share/puzzlebot_control/hook/ament_prefix_path.sh'
[0.225s] INFO:colcon.colcon_core.shell:Skip shell extension 'powershell' for command environment: Not usable outside of PowerShell
[0.225s] DEBUG:colcon.colcon_core.shell:Skip shell extension 'dsv' for command environment
[0.228s] INFO:colcon.colcon_ros.task.ament_python.build:Building ROS package in '/root/ROS2Activities/workspace/challenge3_ws/src/puzzlebot_description' with build type 'ament_python'
[0.228s] Level 1:colcon.colcon_core.shell:create_environment_hook('puzzlebot_description', 'ament_prefix_path')
[0.228s] INFO:colcon.colcon_core.shell:Creating environment hook '/root/ROS2Activities/workspace/challenge3_ws/install/puzzlebot_description/share/puzzlebot_description/hook/ament_prefix_path.ps1'
[0.228s] INFO:colcon.colcon_core.shell:Creating environment descriptor '/root/ROS2Activities/workspace/challenge3_ws/install/puzzlebot_description/share/puzzlebot_description/hook/ament_prefix_path.dsv'
[0.228s] INFO:colcon.colcon_core.shell:Creating environment hook '/root/ROS2Activities/workspace/challenge3_ws/install/puzzlebot_description/share/puzzlebot_description/hook/ament_prefix_path.sh'
[0.229s] INFO:colcon.colcon_core.shell:Skip shell extension 'powershell' for command environment: Not usable outside of PowerShell
[0.229s] DEBUG:colcon.colcon_core.shell:Skip shell extension 'dsv' for command environment
[0.231s] INFO:colcon.colcon_ros.task.ament_python.build:Building ROS package in '/root/ROS2Activities/workspace/challenge3_ws/src/puzzlebot_gazebo' with build type 'ament_python'
[0.231s] Level 1:colcon.colcon_core.shell:create_environment_hook('puzzlebot_gazebo', 'ament_prefix_path')
[0.232s] INFO:colcon.colcon_core.shell:Creating environment hook '/root/ROS2Activities/workspace/challenge3_ws/install/puzzlebot_gazebo/share/puzzlebot_gazebo/hook/ament_prefix_path.ps1'
[0.232s] INFO:colcon.colcon_core.shell:Creating environment descriptor '/root/ROS2Activities/workspace/challenge3_ws/install/puzzlebot_gazebo/share/puzzlebot_gazebo/hook/ament_prefix_path.dsv'
[0.232s] INFO:colcon.colcon_core.shell:Creating environment hook '/root/ROS2Activities/workspace/challenge3_ws/install/puzzlebot_gazebo/share/puzzlebot_gazebo/hook/ament_prefix_path.sh'
[0.233s] INFO:colcon.colcon_core.shell:Skip shell extension 'powershell' for command environment: Not usable outside of PowerShell
[0.233s] DEBUG:colcon.colcon_core.shell:Skip shell extension 'dsv' for command environment
[0.239s] DEBUG:colcon.colcon_core.event_handler.log_command:Invoking command in '/root/ROS2Activities/workspace/challenge3_ws/build/gazebo_ros2_control': CMAKE_PREFIX_PATH=${CMAKE_PREFIX_PATH}:/opt/ros/humble /usr/bin/cmake /root/ROS2Activities/workspace/challenge3_ws/src/gazebo_ros2_control/gazebo_ros2_control -DCMAKE_INSTALL_PREFIX=/root/ROS2Activities/workspace/challenge3_ws/install/gazebo_ros2_control
[0.409s] WARNING:colcon.colcon_ros.task.ament_python.build:Package 'puzzlebot_control' doesn't explicitly install a marker in the package index (colcon-ros currently does it implicitly but that fallback will be removed in the future)
[0.409s] INFO:colcon.colcon_core.task.python.build:Building Python package in '/root/ROS2Activities/workspace/challenge3_ws/src/puzzlebot_control'
[0.409s] INFO:colcon.colcon_core.shell:Skip shell extension 'powershell' for command environment: Not usable outside of PowerShell
[0.409s] DEBUG:colcon.colcon_core.shell:Skip shell extension 'dsv' for command environment
[0.581s] WARNING:colcon.colcon_ros.task.ament_python.build:Package 'puzzlebot_description' doesn't explicitly install a marker in the package index (colcon-ros currently does it implicitly but that fallback will be removed in the future)
[0.581s] INFO:colcon.colcon_core.task.python.build:Building Python package in '/root/ROS2Activities/workspace/challenge3_ws/src/puzzlebot_description'
[0.582s] INFO:colcon.colcon_core.shell:Skip shell extension 'powershell' for command environment: Not usable outside of PowerShell
[0.582s] DEBUG:colcon.colcon_core.shell:Skip shell extension 'dsv' for command environment
[0.755s] WARNING:colcon.colcon_ros.task.ament_python.build:Package 'puzzlebot_gazebo' doesn't explicitly install a marker in the package index (colcon-ros currently does it implicitly but that fallback will be removed in the future)
[0.755s] INFO:colcon.colcon_core.task.python.build:Building Python package in '/root/ROS2Activities/workspace/challenge3_ws/src/puzzlebot_gazebo'
[0.755s] INFO:colcon.colcon_core.shell:Skip shell extension 'powershell' for command environment: Not usable outside of PowerShell
[0.755s] DEBUG:colcon.colcon_core.shell:Skip shell extension 'dsv' for command environment
[1.071s] DEBUG:colcon.colcon_core.event_handler.log_command:Invoking command in '/root/ROS2Activities/workspace/challenge3_ws/src/puzzlebot_control': PYTHONPATH=/root/ROS2Activities/workspace/challenge3_ws/build/puzzlebot_control/prefix_override:/root/ROS2Activities/workspace/challenge3_ws/install/puzzlebot_control/lib/python3.10/site-packages:${PYTHONPATH} /usr/bin/python3 -W ignore:setup.py install is deprecated setup.py egg_info --egg-base ../../build/puzzlebot_control build --build-base /root/ROS2Activities/workspace/challenge3_ws/build/puzzlebot_control/build install --record /root/ROS2Activities/workspace/challenge3_ws/build/puzzlebot_control/install.log --single-version-externally-managed install_data
[1.075s] DEBUG:colcon.colcon_core.event_handler.log_command:Invoking command in '/root/ROS2Activities/workspace/challenge3_ws/src/puzzlebot_description': PYTHONPATH=/root/ROS2Activities/workspace/challenge3_ws/build/puzzlebot_description/prefix_override:/root/ROS2Activities/workspace/challenge3_ws/install/puzzlebot_description/lib/python3.10/site-packages:${PYTHONPATH} /usr/bin/python3 -W ignore:setup.py install is deprecated setup.py egg_info --egg-base ../../build/puzzlebot_description build --build-base /root/ROS2Activities/workspace/challenge3_ws/build/puzzlebot_description/build install --record /root/ROS2Activities/workspace/challenge3_ws/build/puzzlebot_description/install.log --single-version-externally-managed install_data
[1.085s] DEBUG:colcon.colcon_core.event_handler.log_command:Invoking command in '/root/ROS2Activities/workspace/challenge3_ws/src/puzzlebot_gazebo': PYTHONPATH=/root/ROS2Activities/workspace/challenge3_ws/build/puzzlebot_gazebo/prefix_override:/root/ROS2Activities/workspace/challenge3_ws/install/puzzlebot_gazebo/lib/python3.10/site-packages:${PYTHONPATH} /usr/bin/python3 -W ignore:setup.py install is deprecated setup.py egg_info --egg-base ../../build/puzzlebot_gazebo build --build-base /root/ROS2Activities/workspace/challenge3_ws/build/puzzlebot_gazebo/build install --record /root/ROS2Activities/workspace/challenge3_ws/build/puzzlebot_gazebo/install.log --single-version-externally-managed install_data
[1.326s] DEBUG:colcon.colcon_core.event_handler.log_command:Invoked command in '/root/ROS2Activities/workspace/challenge3_ws/src/puzzlebot_control' returned '0': PYTHONPATH=/root/ROS2Activities/workspace/challenge3_ws/build/puzzlebot_control/prefix_override:/root/ROS2Activities/workspace/challenge3_ws/install/puzzlebot_control/lib/python3.10/site-packages:${PYTHONPATH} /usr/bin/python3 -W ignore:setup.py install is deprecated setup.py egg_info --egg-base ../../build/puzzlebot_control build --build-base /root/ROS2Activities/workspace/challenge3_ws/build/puzzlebot_control/build install --record /root/ROS2Activities/workspace/challenge3_ws/build/puzzlebot_control/install.log --single-version-externally-managed install_data
[1.328s] Level 1:colcon.colcon_core.environment:checking '/root/ROS2Activities/workspace/challenge3_ws/install/puzzlebot_control' for CMake module files
[1.329s] Level 1:colcon.colcon_core.environment:checking '/root/ROS2Activities/workspace/challenge3_ws/install/puzzlebot_control' for CMake config files
[1.329s] Level 1:colcon.colcon_core.environment:checking '/root/ROS2Activities/workspace/challenge3_ws/install/puzzlebot_control/lib'
[1.330s] Level 1:colcon.colcon_core.environment:checking '/root/ROS2Activities/workspace/challenge3_ws/install/puzzlebot_control/bin'
[1.330s] Level 1:colcon.colcon_core.environment:checking '/root/ROS2Activities/workspace/challenge3_ws/install/puzzlebot_control/lib/pkgconfig/puzzlebot_control.pc'
[1.330s] Level 1:colcon.colcon_core.environment:checking '/root/ROS2Activities/workspace/challenge3_ws/install/puzzlebot_control/lib/python3.10/site-packages'
[1.330s] Level 1:colcon.colcon_core.shell:create_environment_hook('puzzlebot_control', 'pythonpath')
[1.330s] INFO:colcon.colcon_core.shell:Creating environment hook '/root/ROS2Activities/workspace/challenge3_ws/install/puzzlebot_control/share/puzzlebot_control/hook/pythonpath.ps1'
[1.331s] INFO:colcon.colcon_core.shell:Creating environment descriptor '/root/ROS2Activities/workspace/challenge3_ws/install/puzzlebot_control/share/puzzlebot_control/hook/pythonpath.dsv'
[1.331s] INFO:colcon.colcon_core.shell:Creating environment hook '/root/ROS2Activities/workspace/challenge3_ws/install/puzzlebot_control/share/puzzlebot_control/hook/pythonpath.sh'
[1.331s] Level 1:colcon.colcon_core.environment:checking '/root/ROS2Activities/workspace/challenge3_ws/install/puzzlebot_control/bin'
[1.331s] Level 1:colcon.colcon_core.environment:create_environment_scripts_only(puzzlebot_control)
[1.332s] INFO:colcon.colcon_core.shell:Creating package script '/root/ROS2Activities/workspace/challenge3_ws/install/puzzlebot_control/share/puzzlebot_control/package.ps1'
[1.333s] INFO:colcon.colcon_core.shell:Creating package descriptor '/root/ROS2Activities/workspace/challenge3_ws/install/puzzlebot_control/share/puzzlebot_control/package.dsv'
[1.333s] INFO:colcon.colcon_core.shell:Creating package script '/root/ROS2Activities/workspace/challenge3_ws/install/puzzlebot_control/share/puzzlebot_control/package.sh'
[1.334s] INFO:colcon.colcon_core.shell:Creating package script '/root/ROS2Activities/workspace/challenge3_ws/install/puzzlebot_control/share/puzzlebot_control/package.bash'
[1.335s] INFO:colcon.colcon_core.shell:Creating package script '/root/ROS2Activities/workspace/challenge3_ws/install/puzzlebot_control/share/puzzlebot_control/package.zsh'
[1.335s] Level 1:colcon.colcon_core.environment:create_file_with_runtime_dependencies(/root/ROS2Activities/workspace/challenge3_ws/install/puzzlebot_control/share/colcon-core/packages/puzzlebot_control)
[1.337s] Level 1:colcon.colcon_core.environment:checking '/root/ROS2Activities/workspace/challenge3_ws/install/puzzlebot_description' for CMake module files
[1.338s] DEBUG:colcon.colcon_core.event_handler.log_command:Invoked command in '/root/ROS2Activities/workspace/challenge3_ws/src/puzzlebot_description' returned '0': PYTHONPATH=/root/ROS2Activities/workspace/challenge3_ws/build/puzzlebot_description/prefix_override:/root/ROS2Activities/workspace/challenge3_ws/install/puzzlebot_description/lib/python3.10/site-packages:${PYTHONPATH} /usr/bin/python3 -W ignore:setup.py install is deprecated setup.py egg_info --egg-base ../../build/puzzlebot_description build --build-base /root/ROS2Activities/workspace/challenge3_ws/build/puzzlebot_description/build install --record /root/ROS2Activities/workspace/challenge3_ws/build/puzzlebot_description/install.log --single-version-externally-managed install_data
[1.338s] Level 1:colcon.colcon_core.environment:checking '/root/ROS2Activities/workspace/challenge3_ws/install/puzzlebot_description' for CMake config files
[1.338s] Level 1:colcon.colcon_core.environment:checking '/root/ROS2Activities/workspace/challenge3_ws/install/puzzlebot_description/lib'
[1.338s] Level 1:colcon.colcon_core.environment:checking '/root/ROS2Activities/workspace/challenge3_ws/install/puzzlebot_description/bin'
[1.338s] Level 1:colcon.colcon_core.environment:checking '/root/ROS2Activities/workspace/challenge3_ws/install/puzzlebot_description/lib/pkgconfig/puzzlebot_description.pc'
[1.339s] Level 1:colcon.colcon_core.environment:checking '/root/ROS2Activities/workspace/challenge3_ws/install/puzzlebot_description/lib/python3.10/site-packages'
[1.339s] Level 1:colcon.colcon_core.shell:create_environment_hook('puzzlebot_description', 'pythonpath')
[1.339s] INFO:colcon.colcon_core.shell:Creating environment hook '/root/ROS2Activities/workspace/challenge3_ws/install/puzzlebot_description/share/puzzlebot_description/hook/pythonpath.ps1'
[1.339s] INFO:colcon.colcon_core.shell:Creating environment descriptor '/root/ROS2Activities/workspace/challenge3_ws/install/puzzlebot_description/share/puzzlebot_description/hook/pythonpath.dsv'
[1.339s] INFO:colcon.colcon_core.shell:Creating environment hook '/root/ROS2Activities/workspace/challenge3_ws/install/puzzlebot_description/share/puzzlebot_description/hook/pythonpath.sh'
[1.340s] Level 1:colcon.colcon_core.environment:checking '/root/ROS2Activities/workspace/challenge3_ws/install/puzzlebot_description/bin'
[1.340s] Level 1:colcon.colcon_core.environment:create_environment_scripts_only(puzzlebot_description)
[1.340s] INFO:colcon.colcon_core.shell:Creating package script '/root/ROS2Activities/workspace/challenge3_ws/install/puzzlebot_description/share/puzzlebot_description/package.ps1'
[1.341s] INFO:colcon.colcon_core.shell:Creating package descriptor '/root/ROS2Activities/workspace/challenge3_ws/install/puzzlebot_description/share/puzzlebot_description/package.dsv'
[1.341s] INFO:colcon.colcon_core.shell:Creating package script '/root/ROS2Activities/workspace/challenge3_ws/install/puzzlebot_description/share/puzzlebot_description/package.sh'
[1.341s] INFO:colcon.colcon_core.shell:Creating package script '/root/ROS2Activities/workspace/challenge3_ws/install/puzzlebot_description/share/puzzlebot_description/package.bash'
[1.341s] INFO:colcon.colcon_core.shell:Creating package script '/root/ROS2Activities/workspace/challenge3_ws/install/puzzlebot_description/share/puzzlebot_description/package.zsh'
[1.342s] Level 1:colcon.colcon_core.environment:create_file_with_runtime_dependencies(/root/ROS2Activities/workspace/challenge3_ws/install/puzzlebot_description/share/colcon-core/packages/puzzlebot_description)
[1.342s] Level 1:colcon.colcon_core.environment:checking '/root/ROS2Activities/workspace/challenge3_ws/install/puzzlebot_gazebo' for CMake module files
[1.343s] DEBUG:colcon.colcon_core.event_handler.log_command:Invoked command in '/root/ROS2Activities/workspace/challenge3_ws/src/puzzlebot_gazebo' returned '0': PYTHONPATH=/root/ROS2Activities/workspace/challenge3_ws/build/puzzlebot_gazebo/prefix_override:/root/ROS2Activities/workspace/challenge3_ws/install/puzzlebot_gazebo/lib/python3.10/site-packages:${PYTHONPATH} /usr/bin/python3 -W ignore:setup.py install is deprecated setup.py egg_info --egg-base ../../build/puzzlebot_gazebo build --build-base /root/ROS2Activities/workspace/challenge3_ws/build/puzzlebot_gazebo/build install --record /root/ROS2Activities/workspace/challenge3_ws/build/puzzlebot_gazebo/install.log --single-version-externally-managed install_data
[1.343s] Level 1:colcon.colcon_core.environment:checking '/root/ROS2Activities/workspace/challenge3_ws/install/puzzlebot_gazebo' for CMake config files
[1.343s] Level 1:colcon.colcon_core.environment:checking '/root/ROS2Activities/workspace/challenge3_ws/install/puzzlebot_gazebo/lib'
[1.343s] Level 1:colcon.colcon_core.environment:checking '/root/ROS2Activities/workspace/challenge3_ws/install/puzzlebot_gazebo/bin'
[1.343s] Level 1:colcon.colcon_core.environment:checking '/root/ROS2Activities/workspace/challenge3_ws/install/puzzlebot_gazebo/lib/pkgconfig/puzzlebot_gazebo.pc'
[1.344s] Level 1:colcon.colcon_core.environment:checking '/root/ROS2Activities/workspace/challenge3_ws/install/puzzlebot_gazebo/lib/python3.10/site-packages'
[1.344s] Level 1:colcon.colcon_core.shell:create_environment_hook('puzzlebot_gazebo', 'pythonpath')
[1.344s] INFO:colcon.colcon_core.shell:Creating environment hook '/root/ROS2Activities/workspace/challenge3_ws/install/puzzlebot_gazebo/share/puzzlebot_gazebo/hook/pythonpath.ps1'
[1.344s] INFO:colcon.colcon_core.shell:Creating environment descriptor '/root/ROS2Activities/workspace/challenge3_ws/install/puzzlebot_gazebo/share/puzzlebot_gazebo/hook/pythonpath.dsv'
[1.344s] INFO:colcon.colcon_core.shell:Creating environment hook '/root/ROS2Activities/workspace/challenge3_ws/install/puzzlebot_gazebo/share/puzzlebot_gazebo/hook/pythonpath.sh'
[1.345s] Level 1:colcon.colcon_core.environment:checking '/root/ROS2Activities/workspace/challenge3_ws/install/puzzlebot_gazebo/bin'
[1.345s] Level 1:colcon.colcon_core.environment:create_environment_scripts_only(puzzlebot_gazebo)
[1.345s] INFO:colcon.colcon_core.shell:Creating package script '/root/ROS2Activities/workspace/challenge3_ws/install/puzzlebot_gazebo/share/puzzlebot_gazebo/package.ps1'
[1.346s] INFO:colcon.colcon_core.shell:Creating package descriptor '/root/ROS2Activities/workspace/challenge3_ws/install/puzzlebot_gazebo/share/puzzlebot_gazebo/package.dsv'
[1.346s] INFO:colcon.colcon_core.shell:Creating package script '/root/ROS2Activities/workspace/challenge3_ws/install/puzzlebot_gazebo/share/puzzlebot_gazebo/package.sh'
[1.346s] INFO:colcon.colcon_core.shell:Creating package script '/root/ROS2Activities/workspace/challenge3_ws/install/puzzlebot_gazebo/share/puzzlebot_gazebo/package.bash'
[1.346s] INFO:colcon.colcon_core.shell:Creating package script '/root/ROS2Activities/workspace/challenge3_ws/install/puzzlebot_gazebo/share/puzzlebot_gazebo/package.zsh'
[1.347s] Level 1:colcon.colcon_core.environment:create_file_with_runtime_dependencies(/root/ROS2Activities/workspace/challenge3_ws/install/puzzlebot_gazebo/share/colcon-core/packages/puzzlebot_gazebo)
[3.187s] DEBUG:colcon.colcon_core.event_handler.log_command:Invoked command in '/root/ROS2Activities/workspace/challenge3_ws/build/gazebo_ros2_control' returned '0': CMAKE_PREFIX_PATH=${CMAKE_PREFIX_PATH}:/opt/ros/humble /usr/bin/cmake /root/ROS2Activities/workspace/challenge3_ws/src/gazebo_ros2_control/gazebo_ros2_control -DCMAKE_INSTALL_PREFIX=/root/ROS2Activities/workspace/challenge3_ws/install/gazebo_ros2_control
[3.188s] DEBUG:colcon.colcon_core.event_handler.log_command:Invoking command in '/root/ROS2Activities/workspace/challenge3_ws/build/gazebo_ros2_control': CMAKE_PREFIX_PATH=${CMAKE_PREFIX_PATH}:/opt/ros/humble /usr/bin/cmake --build /root/ROS2Activities/workspace/challenge3_ws/build/gazebo_ros2_control -- -j16 -l16
[13.212s] DEBUG:colcon.colcon_core.event_handler.log_command:Invoked command in '/root/ROS2Activities/workspace/challenge3_ws/build/gazebo_ros2_control' returned '0': CMAKE_PREFIX_PATH=${CMAKE_PREFIX_PATH}:/opt/ros/humble /usr/bin/cmake --build /root/ROS2Activities/workspace/challenge3_ws/build/gazebo_ros2_control -- -j16 -l16
[13.234s] DEBUG:colcon.colcon_core.event_handler.log_command:Invoking command in '/root/ROS2Activities/workspace/challenge3_ws/build/gazebo_ros2_control': CMAKE_PREFIX_PATH=${CMAKE_PREFIX_PATH}:/opt/ros/humble /usr/bin/cmake --install /root/ROS2Activities/workspace/challenge3_ws/build/gazebo_ros2_control
[13.245s] Level 1:colcon.colcon_core.environment:create_environment_scripts_only(gazebo_ros2_control)
[13.245s] Level 1:colcon.colcon_core.environment:checking '/root/ROS2Activities/workspace/challenge3_ws/install/gazebo_ros2_control' for CMake module files
[13.246s] DEBUG:colcon.colcon_core.event_handler.log_command:Invoked command in '/root/ROS2Activities/workspace/challenge3_ws/build/gazebo_ros2_control' returned '0': CMAKE_PREFIX_PATH=${CMAKE_PREFIX_PATH}:/opt/ros/humble /usr/bin/cmake --install /root/ROS2Activities/workspace/challenge3_ws/build/gazebo_ros2_control
[13.246s] Level 1:colcon.colcon_core.environment:checking '/root/ROS2Activities/workspace/challenge3_ws/install/gazebo_ros2_control' for CMake config files
[13.246s] Level 1:colcon.colcon_core.shell:create_environment_hook('gazebo_ros2_control', 'cmake_prefix_path')
[13.247s] INFO:colcon.colcon_core.shell:Creating environment hook '/root/ROS2Activities/workspace/challenge3_ws/install/gazebo_ros2_control/share/gazebo_ros2_control/hook/cmake_prefix_path.ps1'
[13.247s] INFO:colcon.colcon_core.shell:Creating environment descriptor '/root/ROS2Activities/workspace/challenge3_ws/install/gazebo_ros2_control/share/gazebo_ros2_control/hook/cmake_prefix_path.dsv'
[13.247s] INFO:colcon.colcon_core.shell:Creating environment hook '/root/ROS2Activities/workspace/challenge3_ws/install/gazebo_ros2_control/share/gazebo_ros2_control/hook/cmake_prefix_path.sh'
[13.248s] Level 1:colcon.colcon_core.environment:checking '/root/ROS2Activities/workspace/challenge3_ws/install/gazebo_ros2_control/lib'
[13.248s] Level 1:colcon.colcon_core.shell:create_environment_hook('gazebo_ros2_control', 'ld_library_path_lib')
[13.248s] INFO:colcon.colcon_core.shell:Creating environment hook '/root/ROS2Activities/workspace/challenge3_ws/install/gazebo_ros2_control/share/gazebo_ros2_control/hook/ld_library_path_lib.ps1'
[13.248s] INFO:colcon.colcon_core.shell:Creating environment descriptor '/root/ROS2Activities/workspace/challenge3_ws/install/gazebo_ros2_control/share/gazebo_ros2_control/hook/ld_library_path_lib.dsv'
[13.248s] INFO:colcon.colcon_core.shell:Creating environment hook '/root/ROS2Activities/workspace/challenge3_ws/install/gazebo_ros2_control/share/gazebo_ros2_control/hook/ld_library_path_lib.sh'
[13.249s] Level 1:colcon.colcon_core.environment:checking '/root/ROS2Activities/workspace/challenge3_ws/install/gazebo_ros2_control/bin'
[13.249s] Level 1:colcon.colcon_core.environment:checking '/root/ROS2Activities/workspace/challenge3_ws/install/gazebo_ros2_control/lib/pkgconfig/gazebo_ros2_control.pc'
[13.249s] Level 1:colcon.colcon_core.environment:checking '/root/ROS2Activities/workspace/challenge3_ws/install/gazebo_ros2_control/lib/python3.10/site-packages'
[13.249s] Level 1:colcon.colcon_core.environment:checking '/root/ROS2Activities/workspace/challenge3_ws/install/gazebo_ros2_control/bin'
[13.249s] INFO:colcon.colcon_core.shell:Creating package script '/root/ROS2Activities/workspace/challenge3_ws/install/gazebo_ros2_control/share/gazebo_ros2_control/package.ps1'
[13.250s] INFO:colcon.colcon_core.shell:Creating package descriptor '/root/ROS2Activities/workspace/challenge3_ws/install/gazebo_ros2_control/share/gazebo_ros2_control/package.dsv'
[13.250s] INFO:colcon.colcon_core.shell:Creating package script '/root/ROS2Activities/workspace/challenge3_ws/install/gazebo_ros2_control/share/gazebo_ros2_control/package.sh'
[13.250s] INFO:colcon.colcon_core.shell:Creating package script '/root/ROS2Activities/workspace/challenge3_ws/install/gazebo_ros2_control/share/gazebo_ros2_control/package.bash'
[13.250s] INFO:colcon.colcon_core.shell:Creating package script '/root/ROS2Activities/workspace/challenge3_ws/install/gazebo_ros2_control/share/gazebo_ros2_control/package.zsh'
[13.250s] Level 1:colcon.colcon_core.environment:create_file_with_runtime_dependencies(/root/ROS2Activities/workspace/challenge3_ws/install/gazebo_ros2_control/share/colcon-core/packages/gazebo_ros2_control)
[13.267s] Level 1:colcon.colcon_core.environment:create_environment_scripts_only(gazebo_ros2_control)
[13.267s] Level 1:colcon.colcon_core.environment:checking '/root/ROS2Activities/workspace/challenge3_ws/install/gazebo_ros2_control' for CMake module files
[13.268s] Level 1:colcon.colcon_core.environment:checking '/root/ROS2Activities/workspace/challenge3_ws/install/gazebo_ros2_control' for CMake config files
[13.268s] Level 1:colcon.colcon_core.shell:create_environment_hook('gazebo_ros2_control', 'cmake_prefix_path')
[13.268s] INFO:colcon.colcon_core.shell:Creating environment hook '/root/ROS2Activities/workspace/challenge3_ws/install/gazebo_ros2_control/share/gazebo_ros2_control/hook/cmake_prefix_path.ps1'
[13.268s] INFO:colcon.colcon_core.shell:Creating environment descriptor '/root/ROS2Activities/workspace/challenge3_ws/install/gazebo_ros2_control/share/gazebo_ros2_control/hook/cmake_prefix_path.dsv'
[13.268s] INFO:colcon.colcon_core.shell:Creating environment hook '/root/ROS2Activities/workspace/challenge3_ws/install/gazebo_ros2_control/share/gazebo_ros2_control/hook/cmake_prefix_path.sh'
[13.269s] Level 1:colcon.colcon_core.environment:checking '/root/ROS2Activities/workspace/challenge3_ws/install/gazebo_ros2_control/lib'
[13.269s] Level 1:colcon.colcon_core.shell:create_environment_hook('gazebo_ros2_control', 'ld_library_path_lib')
[13.269s] INFO:colcon.colcon_core.shell:Creating environment hook '/root/ROS2Activities/workspace/challenge3_ws/install/gazebo_ros2_control/share/gazebo_ros2_control/hook/ld_library_path_lib.ps1'
[13.269s] INFO:colcon.colcon_core.shell:Creating environment descriptor '/root/ROS2Activities/workspace/challenge3_ws/install/gazebo_ros2_control/share/gazebo_ros2_control/hook/ld_library_path_lib.dsv'
[13.269s] INFO:colcon.colcon_core.shell:Creating environment hook '/root/ROS2Activities/workspace/challenge3_ws/install/gazebo_ros2_control/share/gazebo_ros2_control/hook/ld_library_path_lib.sh'
[13.270s] Level 1:colcon.colcon_core.environment:checking '/root/ROS2Activities/workspace/challenge3_ws/install/gazebo_ros2_control/bin'
[13.270s] Level 1:colcon.colcon_core.environment:checking '/root/ROS2Activities/workspace/challenge3_ws/install/gazebo_ros2_control/lib/pkgconfig/gazebo_ros2_control.pc'
[13.270s] Level 1:colcon.colcon_core.environment:checking '/root/ROS2Activities/workspace/challenge3_ws/install/gazebo_ros2_control/lib/python3.10/site-packages'
[13.270s] Level 1:colcon.colcon_core.environment:checking '/root/ROS2Activities/workspace/challenge3_ws/install/gazebo_ros2_control/bin'
[13.270s] INFO:colcon.colcon_core.shell:Creating package script '/root/ROS2Activities/workspace/challenge3_ws/install/gazebo_ros2_control/share/gazebo_ros2_control/package.ps1'
[13.271s] INFO:colcon.colcon_core.shell:Creating package descriptor '/root/ROS2Activities/workspace/challenge3_ws/install/gazebo_ros2_control/share/gazebo_ros2_control/package.dsv'
[13.271s] INFO:colcon.colcon_core.shell:Creating package script '/root/ROS2Activities/workspace/challenge3_ws/install/gazebo_ros2_control/share/gazebo_ros2_control/package.sh'
[13.271s] INFO:colcon.colcon_core.shell:Creating package script '/root/ROS2Activities/workspace/challenge3_ws/install/gazebo_ros2_control/share/gazebo_ros2_control/package.bash'
[13.271s] INFO:colcon.colcon_core.shell:Creating package script '/root/ROS2Activities/workspace/challenge3_ws/install/gazebo_ros2_control/share/gazebo_ros2_control/package.zsh'
[13.272s] Level 1:colcon.colcon_core.environment:create_file_with_runtime_dependencies(/root/ROS2Activities/workspace/challenge3_ws/install/gazebo_ros2_control/share/colcon-core/packages/gazebo_ros2_control)
[13.272s] INFO:colcon.colcon_ros.task.ament_cmake.build:Building ROS package in '/root/ROS2Activities/workspace/challenge3_ws/src/gazebo_ros2_control/gazebo_ros2_control_demos' with build type 'ament_cmake'
[13.272s] INFO:colcon.colcon_cmake.task.cmake.build:Building CMake package in '/root/ROS2Activities/workspace/challenge3_ws/src/gazebo_ros2_control/gazebo_ros2_control_demos'
[13.272s] INFO:colcon.colcon_core.shell:Skip shell extension 'powershell' for command environment: Not usable outside of PowerShell
[13.272s] DEBUG:colcon.colcon_core.shell:Skip shell extension 'dsv' for command environment
[13.280s] DEBUG:colcon.colcon_core.event_handler.log_command:Invoking command in '/root/ROS2Activities/workspace/challenge3_ws/build/gazebo_ros2_control_demos': AMENT_PREFIX_PATH=/root/ROS2Activities/workspace/challenge3_ws/install/gazebo_ros2_control:${AMENT_PREFIX_PATH} CMAKE_PREFIX_PATH=${CMAKE_PREFIX_PATH}/gazebo_ros2_control:/root/ROS2Activities/workspace/challenge3_ws/install:/opt/ros/humble LD_LIBRARY_PATH=/root/ROS2Activities/workspace/challenge3_ws/install/gazebo_ros2_control/lib:${LD_LIBRARY_PATH} /usr/bin/cmake /root/ROS2Activities/workspace/challenge3_ws/src/gazebo_ros2_control/gazebo_ros2_control_demos -DCMAKE_INSTALL_PREFIX=/root/ROS2Activities/workspace/challenge3_ws/install/gazebo_ros2_control_demos
[14.504s] DEBUG:colcon.colcon_core.event_handler.log_command:Invoked command in '/root/ROS2Activities/workspace/challenge3_ws/build/gazebo_ros2_control_demos' returned '0': AMENT_PREFIX_PATH=/root/ROS2Activities/workspace/challenge3_ws/install/gazebo_ros2_control:${AMENT_PREFIX_PATH} CMAKE_PREFIX_PATH=${CMAKE_PREFIX_PATH}/gazebo_ros2_control:/root/ROS2Activities/workspace/challenge3_ws/install:/opt/ros/humble LD_LIBRARY_PATH=/root/ROS2Activities/workspace/challenge3_ws/install/gazebo_ros2_control/lib:${LD_LIBRARY_PATH} /usr/bin/cmake /root/ROS2Activities/workspace/challenge3_ws/src/gazebo_ros2_control/gazebo_ros2_control_demos -DCMAKE_INSTALL_PREFIX=/root/ROS2Activities/workspace/challenge3_ws/install/gazebo_ros2_control_demos
[14.505s] DEBUG:colcon.colcon_core.event_handler.log_command:Invoking command in '/root/ROS2Activities/workspace/challenge3_ws/build/gazebo_ros2_control_demos': AMENT_PREFIX_PATH=/root/ROS2Activities/workspace/challenge3_ws/install/gazebo_ros2_control:${AMENT_PREFIX_PATH} CMAKE_PREFIX_PATH=${CMAKE_PREFIX_PATH}/gazebo_ros2_control:/root/ROS2Activities/workspace/challenge3_ws/install:/opt/ros/humble LD_LIBRARY_PATH=/root/ROS2Activities/workspace/challenge3_ws/install/gazebo_ros2_control/lib:${LD_LIBRARY_PATH} /usr/bin/cmake --build /root/ROS2Activities/workspace/challenge3_ws/build/gazebo_ros2_control_demos -- -j16 -l16
[20.130s] DEBUG:colcon.colcon_core.event_handler.log_command:Invoked command in '/root/ROS2Activities/workspace/challenge3_ws/build/gazebo_ros2_control_demos' returned '0': AMENT_PREFIX_PATH=/root/ROS2Activities/workspace/challenge3_ws/install/gazebo_ros2_control:${AMENT_PREFIX_PATH} CMAKE_PREFIX_PATH=${CMAKE_PREFIX_PATH}/gazebo_ros2_control:/root/ROS2Activities/workspace/challenge3_ws/install:/opt/ros/humble LD_LIBRARY_PATH=/root/ROS2Activities/workspace/challenge3_ws/install/gazebo_ros2_control/lib:${LD_LIBRARY_PATH} /usr/bin/cmake --build /root/ROS2Activities/workspace/challenge3_ws/build/gazebo_ros2_control_demos -- -j16 -l16
[20.154s] DEBUG:colcon.colcon_core.event_handler.log_command:Invoking command in '/root/ROS2Activities/workspace/challenge3_ws/build/gazebo_ros2_control_demos': AMENT_PREFIX_PATH=/root/ROS2Activities/workspace/challenge3_ws/install/gazebo_ros2_control:${AMENT_PREFIX_PATH} CMAKE_PREFIX_PATH=${CMAKE_PREFIX_PATH}/gazebo_ros2_control:/root/ROS2Activities/workspace/challenge3_ws/install:/opt/ros/humble LD_LIBRARY_PATH=/root/ROS2Activities/workspace/challenge3_ws/install/gazebo_ros2_control/lib:${LD_LIBRARY_PATH} /usr/bin/cmake --install /root/ROS2Activities/workspace/challenge3_ws/build/gazebo_ros2_control_demos
[20.168s] Level 1:colcon.colcon_core.environment:create_environment_scripts_only(gazebo_ros2_control_demos)
[20.168s] Level 1:colcon.colcon_core.environment:checking '/root/ROS2Activities/workspace/challenge3_ws/install/gazebo_ros2_control_demos' for CMake module files
[20.168s] DEBUG:colcon.colcon_core.event_handler.log_command:Invoked command in '/root/ROS2Activities/workspace/challenge3_ws/build/gazebo_ros2_control_demos' returned '0': AMENT_PREFIX_PATH=/root/ROS2Activities/workspace/challenge3_ws/install/gazebo_ros2_control:${AMENT_PREFIX_PATH} CMAKE_PREFIX_PATH=${CMAKE_PREFIX_PATH}/gazebo_ros2_control:/root/ROS2Activities/workspace/challenge3_ws/install:/opt/ros/humble LD_LIBRARY_PATH=/root/ROS2Activities/workspace/challenge3_ws/install/gazebo_ros2_control/lib:${LD_LIBRARY_PATH} /usr/bin/cmake --install /root/ROS2Activities/workspace/challenge3_ws/build/gazebo_ros2_control_demos
[20.169s] Level 1:colcon.colcon_core.environment:checking '/root/ROS2Activities/workspace/challenge3_ws/install/gazebo_ros2_control_demos' for CMake config files
[20.169s] Level 1:colcon.colcon_core.shell:create_environment_hook('gazebo_ros2_control_demos', 'cmake_prefix_path')
[20.169s] INFO:colcon.colcon_core.shell:Creating environment hook '/root/ROS2Activities/workspace/challenge3_ws/install/gazebo_ros2_control_demos/share/gazebo_ros2_control_demos/hook/cmake_prefix_path.ps1'
[20.169s] INFO:colcon.colcon_core.shell:Creating environment descriptor '/root/ROS2Activities/workspace/challenge3_ws/install/gazebo_ros2_control_demos/share/gazebo_ros2_control_demos/hook/cmake_prefix_path.dsv'
[20.170s] INFO:colcon.colcon_core.shell:Creating environment hook '/root/ROS2Activities/workspace/challenge3_ws/install/gazebo_ros2_control_demos/share/gazebo_ros2_control_demos/hook/cmake_prefix_path.sh'
[20.170s] Level 1:colcon.colcon_core.environment:checking '/root/ROS2Activities/workspace/challenge3_ws/install/gazebo_ros2_control_demos/lib'
[20.170s] Level 1:colcon.colcon_core.environment:checking '/root/ROS2Activities/workspace/challenge3_ws/install/gazebo_ros2_control_demos/bin'
[20.170s] Level 1:colcon.colcon_core.environment:checking '/root/ROS2Activities/workspace/challenge3_ws/install/gazebo_ros2_control_demos/lib/pkgconfig/gazebo_ros2_control_demos.pc'
[20.170s] Level 1:colcon.colcon_core.environment:checking '/root/ROS2Activities/workspace/challenge3_ws/install/gazebo_ros2_control_demos/lib/python3.10/site-packages'
[20.171s] Level 1:colcon.colcon_core.environment:checking '/root/ROS2Activities/workspace/challenge3_ws/install/gazebo_ros2_control_demos/bin'
[20.171s] INFO:colcon.colcon_core.shell:Creating package script '/root/ROS2Activities/workspace/challenge3_ws/install/gazebo_ros2_control_demos/share/gazebo_ros2_control_demos/package.ps1'
[20.171s] INFO:colcon.colcon_core.shell:Creating package descriptor '/root/ROS2Activities/workspace/challenge3_ws/install/gazebo_ros2_control_demos/share/gazebo_ros2_control_demos/package.dsv'
[20.171s] INFO:colcon.colcon_core.shell:Creating package script '/root/ROS2Activities/workspace/challenge3_ws/install/gazebo_ros2_control_demos/share/gazebo_ros2_control_demos/package.sh'
[20.172s] INFO:colcon.colcon_core.shell:Creating package script '/root/ROS2Activities/workspace/challenge3_ws/install/gazebo_ros2_control_demos/share/gazebo_ros2_control_demos/package.bash'
[20.172s] INFO:colcon.colcon_core.shell:Creating package script '/root/ROS2Activities/workspace/challenge3_ws/install/gazebo_ros2_control_demos/share/gazebo_ros2_control_demos/package.zsh'
[20.172s] Level 1:colcon.colcon_core.environment:create_file_with_runtime_dependencies(/root/ROS2Activities/workspace/challenge3_ws/install/gazebo_ros2_control_demos/share/colcon-core/packages/gazebo_ros2_control_demos)
[20.195s] Level 1:colcon.colcon_core.environment:create_environment_scripts_only(gazebo_ros2_control_demos)
[20.195s] Level 1:colcon.colcon_core.environment:checking '/root/ROS2Activities/workspace/challenge3_ws/install/gazebo_ros2_control_demos' for CMake module files
[20.195s] Level 1:colcon.colcon_core.environment:checking '/root/ROS2Activities/workspace/challenge3_ws/install/gazebo_ros2_control_demos' for CMake config files
[20.196s] Level 1:colcon.colcon_core.shell:create_environment_hook('gazebo_ros2_control_demos', 'cmake_prefix_path')
[20.196s] INFO:colcon.colcon_core.shell:Creating environment hook '/root/ROS2Activities/workspace/challenge3_ws/install/gazebo_ros2_control_demos/share/gazebo_ros2_control_demos/hook/cmake_prefix_path.ps1'
[20.196s] INFO:colcon.colcon_core.shell:Creating environment descriptor '/root/ROS2Activities/workspace/challenge3_ws/install/gazebo_ros2_control_demos/share/gazebo_ros2_control_demos/hook/cmake_prefix_path.dsv'
[20.196s] INFO:colcon.colcon_core.shell:Creating environment hook '/root/ROS2Activities/workspace/challenge3_ws/install/gazebo_ros2_control_demos/share/gazebo_ros2_control_demos/hook/cmake_prefix_path.sh'
[20.197s] Level 1:colcon.colcon_core.environment:checking '/root/ROS2Activities/workspace/challenge3_ws/install/gazebo_ros2_control_demos/lib'
[20.197s] Level 1:colcon.colcon_core.environment:checking '/root/ROS2Activities/workspace/challenge3_ws/install/gazebo_ros2_control_demos/bin'
[20.197s] Level 1:colcon.colcon_core.environment:checking '/root/ROS2Activities/workspace/challenge3_ws/install/gazebo_ros2_control_demos/lib/pkgconfig/gazebo_ros2_control_demos.pc'
[20.197s] Level 1:colcon.colcon_core.environment:checking '/root/ROS2Activities/workspace/challenge3_ws/install/gazebo_ros2_control_demos/lib/python3.10/site-packages'
[20.197s] Level 1:colcon.colcon_core.environment:checking '/root/ROS2Activities/workspace/challenge3_ws/install/gazebo_ros2_control_demos/bin'
[20.197s] INFO:colcon.colcon_core.shell:Creating package script '/root/ROS2Activities/workspace/challenge3_ws/install/gazebo_ros2_control_demos/share/gazebo_ros2_control_demos/package.ps1'
[20.198s] INFO:colcon.colcon_core.shell:Creating package descriptor '/root/ROS2Activities/workspace/challenge3_ws/install/gazebo_ros2_control_demos/share/gazebo_ros2_control_demos/package.dsv'
[20.198s] INFO:colcon.colcon_core.shell:Creating package script '/root/ROS2Activities/workspace/challenge3_ws/install/gazebo_ros2_control_demos/share/gazebo_ros2_control_demos/package.sh'
[20.198s] INFO:colcon.colcon_core.shell:Creating package script '/root/ROS2Activities/workspace/challenge3_ws/install/gazebo_ros2_control_demos/share/gazebo_ros2_control_demos/package.bash'
[20.198s] INFO:colcon.colcon_core.shell:Creating package script '/root/ROS2Activities/workspace/challenge3_ws/install/gazebo_ros2_control_demos/share/gazebo_ros2_control_demos/package.zsh'
[20.199s] Level 1:colcon.colcon_core.environment:create_file_with_runtime_dependencies(/root/ROS2Activities/workspace/challenge3_ws/install/gazebo_ros2_control_demos/share/colcon-core/packages/gazebo_ros2_control_demos)
[20.199s] DEBUG:colcon.colcon_parallel_executor.executor.parallel:closing loop
[20.199s] DEBUG:colcon.colcon_parallel_executor.executor.parallel:loop closed
[20.199s] DEBUG:colcon.colcon_parallel_executor.executor.parallel:run_until_complete finished with '0'
[20.199s] DEBUG:colcon.colcon_core.event_reactor:joining thread
[20.206s] INFO:colcon.colcon_core.plugin_system:Skipping extension 'colcon_notification.desktop_notification.notify_send': Could not find 'notify-send'
[20.206s] INFO:colcon.colcon_core.plugin_system:Skipping extension 'colcon_notification.desktop_notification.terminal_notifier': Not used on non-Darwin systems
[20.206s] INFO:colcon.colcon_core.plugin_system:Skipping extension 'colcon_notification.desktop_notification.win32': Not used on non-Windows systems
[20.206s] INFO:colcon.colcon_notification.desktop_notification:Sending desktop notification using 'notify2'
[20.209s] DEBUG:colcon.colcon_notification.desktop_notification.notify2:Failed to initialize notify2: org.freedesktop.DBus.Error.Spawn.ExecFailed: /usr/bin/dbus-launch terminated abnormally without any error message
[20.209s] DEBUG:colcon.colcon_core.event_reactor:joined thread
[20.210s] INFO:colcon.colcon_core.shell:Creating prefix script '/root/ROS2Activities/workspace/challenge3_ws/install/local_setup.ps1'
[20.211s] INFO:colcon.colcon_core.shell:Creating prefix util module '/root/ROS2Activities/workspace/challenge3_ws/install/_local_setup_util_ps1.py'
[20.213s] INFO:colcon.colcon_core.shell:Creating prefix chain script '/root/ROS2Activities/workspace/challenge3_ws/install/setup.ps1'
[20.214s] INFO:colcon.colcon_core.shell:Creating prefix script '/root/ROS2Activities/workspace/challenge3_ws/install/local_setup.sh'
[20.214s] INFO:colcon.colcon_core.shell:Creating prefix util module '/root/ROS2Activities/workspace/challenge3_ws/install/_local_setup_util_sh.py'
[20.214s] INFO:colcon.colcon_core.shell:Creating prefix chain script '/root/ROS2Activities/workspace/challenge3_ws/install/setup.sh'
[20.215s] INFO:colcon.colcon_core.shell:Creating prefix script '/root/ROS2Activities/workspace/challenge3_ws/install/local_setup.bash'
[20.215s] INFO:colcon.colcon_core.shell:Creating prefix chain script '/root/ROS2Activities/workspace/challenge3_ws/install/setup.bash'
[20.216s] INFO:colcon.colcon_core.shell:Creating prefix script '/root/ROS2Activities/workspace/challenge3_ws/install/local_setup.zsh'
[20.217s] INFO:colcon.colcon_core.shell:Creating prefix chain script '/root/ROS2Activities/workspace/challenge3_ws/install/setup.zsh'
